# SHOT START
# legend_version=1
# time_base=ms_since_boot
# units: pressure=bar, flow=ml_s, output=percent, derivative=bar_s
# raw_p = raw pressure sensor reading
# flt_p = filtered pressure used by controller
# sp_raw = raw incoming pressure setpoint currently held by the profile engine
# sp_flt = filtered pressure setpoint actually used internally by the controller
# sp_recipe = visual recipe reference; ideal profile target for display/comparison
# sp_ctrl = control reference after internal conditioning; command seen by control logic
# sp_flt_d = derivative of filtered pressure setpoint
# ctrl_out = final controller output command in percent
# pump_duty = internal normalized pressure-branch duty estimate
# pump_flow = estimated pump flow
# coffee_flow = estimated outflow through puck / coffee flow
# u_raw = pressure branch output after clamp and before final slew limiter
# u_applied = pressure branch output after final slew limiter
# u_delta = u_raw - u_applied; limiter intervention magnitude
# limiter_active_up = 1 when rise slew limiter is active
# limiter_active_down = 1 when drop slew limiter is active
# error_integral = integral state of legacy pressure controller
# u_unclamped_raw = controller output before 0..100 clamp
# u_clamped_raw = controller output after 0..100 clamp and before slew limiter
# u_clamp_delta = u_unclamped_raw - u_clamped_raw
# clamp_active_high = 1 when output was clipped by upper clamp
# clamp_active_low = 1 when output was clipped by lower clamp
# u_fb = legacy pressure feedback contribution
# u_ff_hold = static feedforward contribution
# u_ff_dyn = dynamic feedforward contribution
# u_ff_dyn_raw = raw dynamic feedforward request before FF-path LPF and slew limiting
# ff_pressure_w = pressure-window weight applied to dynamic FF
# ff_above_w = above-target suppression weight applied to dynamic FF
# ff_gamma = ramp-dependent gamma multiplier applied to dynamic FF
# u_ff_total = total feedforward contribution
# ramp_hold_active = 1 when the downstream drop-rate hold is active during ramp-up
# drop_rate_active = active downstream output drop-rate cap in percent per second
# mpc_shadow_enabled = 1 when shadow MPC is being computed in parallel
# mpc_u_shadow = total output suggested by shadow MPC; not applied to actuator in shadow stage
# mpc_u_ss = steady-state component suggested by shadow MPC
# mpc_u_trim = corrective trim component suggested by shadow MPC
# mpc_p1_pred = one-step pressure prediction from shadow MPC model
# mpc_pn_pred = terminal pressure prediction at end of shadow MPC horizon
# mpc_qout_est = estimated outflow / load used by shadow MPC model
# mpc_residual = measured minus predicted pressure residual for shadow MPC
# mpc_cost = shadow MPC objective value
# power_cmd = floating-point power command sent to pump stage before integer quantization
# power_psm_quantized = integer power actually sent to PSM
# power_quant_residual = sigma-delta residual kept for next quantization step
ms,raw_p,flt_p,sp_raw,sp_flt,sp_recipe,sp_ctrl,sp_flt_d,ctrl_out,pump_duty,pump_flow,coffee_flow,u_raw,u_applied,u_delta,limiter_active_up,limiter_active_down,error_integral,u_unclamped_raw,u_clamped_raw,u_clamp_delta,clamp_active_high,clamp_active_low,u_fb,u_ff_hold,u_ff_dyn,u_ff_dyn_raw,ff_pressure_w,ff_above_w,ff_gamma,u_ff_total,ramp_hold_active,drop_rate_active,mpc_shadow_enabled,mpc_u_shadow,mpc_u_ss,mpc_u_trim,mpc_p1_pred,mpc_pn_pred,mpc_qout_est,mpc_residual,mpc_cost,power_cmd,power_psm_quantized,power_quant_residual
73218,0.000,0.000,1.100,0.100,1.100,0.100,3.335,5.70,0.1856,0.084,0.000,18.56,5.70,12.86,1,0,0.00000,18.56,18.56,0.00,0,0,18.56,0.00,0.00,0.00,0.00,1.000,1.000,0.00,1,60.00,1,16.56,15.69,0.87,0.059,0.351,0.084,0.000,2.051,5.70,6,-0.3000
73322,0.000,0.000,1.100,0.332,1.100,0.332,3.764,17.10,0.2051,0.477,0.000,20.51,17.10,3.41,1,0,0.00000,20.51,20.51,0.00,0,0,20.51,0.00,0.00,0.00,0.00,1.000,1.000,0.00,1,60.00,1,27.02,24.84,2.18,0.089,0.525,0.477,-0.080,2.712,17.10,17,0.2000
73448,0.061,0.041,1.100,0.598,1.100,0.598,2.571,22.71,0.2271,1.261,0.000,22.71,22.71,0.00,0,0,-0.04465,22.71,22.71,0.00,0,0,22.71,0.00,0.00,0.00,0.00,1.000,1.000,0.00,1,60.00,1,29.09,25.70,3.40,0.121,0.514,1.224,-0.064,2.898,22.71,22,0.4580
73580,0.266,0.204,1.100,0.774,1.100,0.774,1.676,22.80,0.2280,1.887,0.000,22.80,22.80,0.00,0,0,-0.09722,22.80,22.80,0.00,0,0,22.80,0.00,0.00,0.00,0.00,1.000,1.000,0.00,1,60.00,1,27.05,23.63,3.42,0.267,0.573,1.652,-0.001,2.399,22.80,22,0.4516
73709,0.494,0.440,1.100,0.888,1.100,0.888,1.091,20.17,0.2017,2.268,0.000,20.17,20.17,0.00,0,0,-0.14034,20.17,20.17,0.00,0,0,20.17,0.00,0.00,0.00,0.00,1.000,1.000,0.00,1,60.00,1,22.54,19.87,2.66,0.486,0.711,1.612,0.009,1.326,20.17,20,0.4190
73841,0.537,0.532,1.100,0.962,1.100,0.962,0.710,19.43,0.1943,2.485,0.000,19.43,19.43,0.00,0,0,-0.17830,19.43,19.43,0.00,0,0,19.43,0.00,0.00,0.00,0.00,1.000,1.000,0.00,1,60.00,1,20.23,17.70,2.53,0.571,0.765,1.500,-0.034,1.036,19.43,19,0.2048
73965,0.492,0.499,1.100,1.010,1.100,1.010,0.462,21.50,0.2150,2.717,0.000,21.50,21.50,0.00,0,0,-0.22220,21.50,21.50,0.00,0,0,21.50,0.00,0.00,0.00,0.00,1.000,1.000,0.00,1,60.00,1,21.42,18.45,2.97,0.539,0.734,1.699,-0.048,1.339,21.50,22,-0.0394
74098,0.548,0.530,1.100,1.042,1.100,1.042,0.300,21.71,0.2171,2.927,0.000,21.71,21.71,0.00,0,0,-0.26888,21.71,21.71,0.00,0,0,21.71,0.00,0.00,0.00,0.00,1.000,1.000,0.00,1,60.00,1,21.71,18.72,2.98,0.564,0.734,1.976,-0.016,1.351,21.71,21,0.3522
74223,0.635,0.610,1.100,1.062,1.100,1.062,0.195,20.38,0.2038,3.046,0.000,20.38,20.38,0.00,0,0,-0.31145,20.38,20.38,0.00,0,0,20.38,0.00,0.00,0.00,0.00,1.000,1.000,0.00,0,255.00,1,20.60,17.96,2.64,0.637,0.771,2.110,-0.002,1.078,20.38,20,-0.0458
74354,0.640,0.636,1.100,1.075,1.100,1.075,0.127,20.22,0.2022,3.108,0.000,20.22,20.22,0.00,0,0,-0.35109,20.22,20.22,0.00,0,0,20.22,0.00,0.00,0.00,0.00,1.000,1.000,0.00,0,255.00,1,20.44,17.88,2.56,0.661,0.782,2.203,-0.021,1.015,20.22,21,-0.4601
74480,0.640,0.639,1.100,1.084,1.100,1.084,0.083,20.67,0.2067,3.171,0.000,20.67,20.67,0.00,0,0,-0.39112,20.67,20.67,0.00,0,0,20.67,0.00,0.00,0.00,0.00,1.000,1.000,0.00,0,255.00,1,20.99,18.39,2.60,0.662,0.776,2.358,-0.023,1.052,20.67,20,0.2697
74614,0.685,0.672,1.100,1.090,1.100,1.090,0.054,20.14,0.2014,3.209,0.000,20.14,20.14,0.00,0,0,-0.42972,20.14,20.14,0.00,0,0,20.14,0.00,0.00,0.00,0.00,1.000,1.000,0.00,0,255.00,1,20.79,18.34,2.45,0.691,0.788,2.481,-0.006,0.962,20.14,20,0.4153
74739,0.723,0.711,1.100,1.093,1.100,1.093,0.035,19.25,0.1925,3.204,0.000,19.25,19.25,0.00,0,0,-0.46522,19.25,19.25,0.00,0,0,19.25,0.00,0.00,0.00,0.00,1.000,1.000,0.00,0,255.00,1,20.15,17.90,2.25,0.727,0.807,2.526,-0.004,0.837,19.25,19,0.1031
74870,0.723,0.723,1.100,1.096,1.100,1.096,0.020,19.29,0.1929,3.184,0.000,19.29,19.29,0.00,0,0,-0.51038,19.29,19.29,0.00,0,0,19.29,0.00,0.00,0.00,0.00,1.000,1.000,0.00,0,255.00,1,20.25,18.05,2.20,0.738,0.812,2.591,-0.015,0.805,19.29,19,0.1503
74995,0.746,0.739,1.100,1.098,1.100,1.098,0.013,19.01,0.1901,3.167,0.000,19.01,19.01,0.00,0,0,-0.54315,19.01,19.01,0.00,0,0,19.01,0.00,0.00,0.00,0.00,1.000,1.000,0.00,0,255.00,1,20.13,18.02,2.11,0.753,0.820,2.642,-0.007,0.760,19.01,19,-0.4184
75125,0.783,0.773,1.100,1.098,1.100,1.098,0.008,18.03,0.1803,3.122,0.000,18.03,18.03,0.00,0,0,-0.57335,18.03,18.03,0.00,0,0,18.03,0.00,0.00,0.00,0.00,1.000,1.000,0.00,0,255.00,1,19.36,17.43,1.93,0.784,0.838,2.632,-0.001,0.660,18.03,18,-0.3980
75250,0.780,0.783,1.100,1.099,1.100,1.099,0.005,17.89,0.1789,3.067,0.000,17.89,17.89,0.00,0,0,-0.60179,17.89,17.89,0.00,0,0,17.89,0.00,0.00,0.00,0.00,1.000,1.000,0.00,0,255.00,1,19.16,17.28,1.87,0.794,0.846,2.612,-0.013,0.619,17.89,18,0.0677
75385,0.791,0.789,1.100,1.099,1.100,1.099,0.003,17.97,0.1797,3.018,0.000,17.97,17.97,0.00,0,0,-0.63920,17.97,17.97,0.00,0,0,17.97,0.00,0.00,0.00,0.00,1.000,1.000,0.00,0,255.00,1,19.23,17.39,1.84,0.800,0.850,2.636,-0.009,0.598,17.97,18,-0.2415
75509,0.825,0.816,1.100,1.100,1.100,1.100,0.002,17.12,0.1712,2.972,0.000,17.12,17.12,0.00,0,0,-0.66567,17.12,17.12,0.00,0,0,17.12,0.00,0.00,0.00,0.00,1.000,1.000,0.00,0,255.00,1,18.58,16.88,1.69,0.824,0.864,2.624,0.002,0.531,17.12,17,0.1526
75640,0.838,0.836,1.100,1.100,1.100,1.100,0.001,16.45,0.1645,2.901,0.000,16.45,16.45,0.00,0,0,-0.68980,16.45,16.45,0.00,0,0,16.45,0.00,0.00,0.00,0.00,1.000,1.000,0.00,0,255.00,1,17.92,16.34,1.57,0.843,0.878,2.565,-0.004,0.470,16.45,17,-0.1423
75766,0.843,0.835,1.100,1.100,1.100,1.100,0.001,16.75,0.1675,2.844,0.000,16.75,16.75,0.00,0,0,-0.72189,16.75,16.75,0.00,0,0,16.75,0.00,0.00,0.00,0.00,1.000,1.000,0.00,0,255.00,1,18.07,16.49,1.57,0.843,0.881,2.560,0.000,0.458,16.75,17,-0.0372
75897,0.853,0.849,1.100,1.100,1.100,1.100,0.000,16.35,0.1635,2.802,0.000,16.35,16.35,0.00,0,0,-0.74502,16.35,16.35,0.00,0,0,16.35,0.00,0.00,0.00,0.00,1.000,1.000,0.00,0,255.00,1,17.73,16.23,1.50,0.856,0.889,2.547,-0.002,0.424,16.35,17,-0.3907
76023,0.861,0.859,1.100,1.100,1.100,1.100,0.000,16.07,0.1607,2.754,0.000,16.07,16.07,0.00,0,0,-0.76691,16.07,16.07,0.00,0,0,16.07,0.00,0.00,0.00,0.00,1.000,1.000,0.00,0,255.00,1,17.43,15.99,1.44,0.865,0.896,2.516,-0.004,0.394,16.07,16,-0.0531
76154,0.870,0.866,1.100,1.100,1.100,1.100,0.000,15.94,0.1594,2.712,0.000,15.94,15.94,0.00,0,0,-0.78819,15.94,15.94,0.00,0,0,15.94,0.00,0.00,0.00,0.00,1.000,1.000,0.00,0,255.00,1,17.26,15.86,1.40,0.872,0.902,2.495,-0.002,0.372,15.94,16,-0.0838
76283,0.865,0.866,1.100,1.100,1.100,1.100,0.000,16.14,0.1614,2.686,0.000,16.14,16.14,0.00,0,0,-0.80945,16.14,16.14,0.00,0,0,16.14,0.00,0.00,0.00,0.00,1.000,1.000,0.00,0,255.00,1,17.38,15.98,1.40,0.872,0.904,2.499,-0.007,0.366,16.14,16,0.3838
76414,0.874,0.874,1.100,1.100,1.100,1.100,0.000,15.90,0.1590,2.659,0.000,15.90,15.90,0.00,0,0,-0.83000,15.90,15.90,0.00,0,0,15.90,0.00,0.00,0.00,0.00,1.000,1.000,0.00,0,255.00,1,17.17,15.82,1.35,0.880,0.909,2.491,-0.006,0.346,15.90,16,0.2873
76540,0.884,0.881,1.100,1.100,1.100,1.100,0.000,15.76,0.1576,2.630,0.000,15.76,15.76,0.00,0,0,-0.84982,15.76,15.76,0.00,0,0,15.76,0.00,0.00,0.00,0.00,1.000,1.000,0.00,0,255.00,1,17.02,15.71,1.31,0.886,0.914,2.476,-0.003,0.328,15.76,16,-0.4328
76676,0.893,0.887,1.100,1.100,1.100,1.100,0.000,15.63,0.1563,2.607,0.000,15.63,15.63,0.00,0,0,-0.86929,15.63,15.63,0.00,0,0,15.63,0.00,0.00,0.00,0.00,1.000,1.000,0.00,0,255.00,1,16.88,15.61,1.27,0.892,0.919,2.467,0.000,0.312,15.63,16,-0.2153
76804,0.879,0.883,1.100,1.100,1.100,1.100,0.000,15.97,0.1597,2.592,0.000,15.97,15.97,0.00,0,0,-0.88860,15.97,15.97,0.00,0,0,15.97,0.00,0.00,0.00,0.00,1.000,1.000,0.00,0,255.00,1,17.10,15.81,1.29,0.889,0.919,2.471,-0.011,0.311,15.97,16,0.2449
76935,0.887,0.889,1.100,1.100,1.100,1.100,0.000,15.89,0.1589,2.583,0.000,15.89,15.89,0.00,0,0,-0.90768,15.89,15.89,0.00,0,0,15.89,0.00,0.00,0.00,0.00,1.000,1.000,0.00,0,255.00,1,17.04,15.78,1.26,0.894,0.922,2.477,-0.007,0.301,15.89,16,-0.1671
77061,0.896,0.895,1.100,1.100,1.100,1.100,0.000,15.73,0.1573,2.568,0.000,15.73,15.73,0.00,0,0,-0.92615,15.73,15.73,0.00,0,0,15.73,0.00,0.00,0.00,0.00,1.000,1.000,0.00,0,255.00,1,16.90,15.67,1.22,0.900,0.926,2.470,-0.005,0.286,15.73,16,-0.0945
77198,0.905,0.902,1.100,1.100,1.100,1.100,0.000,15.57,0.1557,2.556,0.000,15.57,15.57,0.00,0,0,-0.94424,15.57,15.57,0.00,0,0,15.57,0.00,0.00,0.00,0.00,1.000,1.000,0.00,0,255.00,1,16.75,15.57,1.19,0.906,0.931,2.463,-0.001,0.272,15.57,16,-0.1584
77325,0.907,0.905,1.100,1.100,1.100,1.100,0.000,15.53,0.1553,2.545,0.000,15.53,15.53,0.00,0,0,-0.96202,15.53,15.53,0.00,0,0,15.53,0.00,0.00,0.00,0.00,1.000,1.000,0.00,0,255.00,1,16.70,15.53,1.16,0.910,0.934,2.458,-0.003,0.262,15.53,16,-0.2643
77455,0.899,0.903,1.100,1.100,1.100,1.100,0.000,15.79,0.1579,2.535,0.000,15.79,15.79,0.00,0,0,-0.97940,15.79,15.79,0.00,0,0,15.79,0.00,0.00,0.00,0.00,1.000,1.000,0.00,0,255.00,1,16.83,15.66,1.17,0.909,0.935,2.454,-0.010,0.258,15.79,15,0.4201
77580,0.913,0.910,1.100,1.100,1.100,1.100,0.000,15.61,0.1561,2.529,0.000,15.61,15.61,0.00,0,0,-0.99667,15.61,15.61,0.00,0,0,15.61,0.00,0.00,0.00,0.00,1.000,1.000,0.00,0,255.00,1,16.71,15.57,1.14,0.915,0.939,2.457,-0.002,0.247,15.61,15,0.3609
77715,0.920,0.915,1.100,1.100,1.100,1.100,0.000,15.49,0.1549,2.522,0.000,15.49,15.49,0.00,0,0,-1.01353,15.49,15.49,0.00,0,0,15.49,0.00,0.00,0.00,0.00,1.000,1.000,0.00,0,255.00,1,16.60,15.49,1.10,0.920,0.942,2.453,-0.000,0.236,15.49,15,0.0768
77841,0.914,0.914,1.100,1.100,1.100,1.100,0.000,15.67,0.1567,2.522,0.000,15.67,15.67,0.00,0,0,-1.03036,15.67,15.67,0.00,0,0,15.67,0.00,0.00,0.00,0.00,1.000,1.000,0.00,0,255.00,1,16.72,15.61,1.11,0.919,0.943,2.460,-0.005,0.234,15.67,16,0.1680
77973,0.914,0.916,1.100,1.100,1.100,1.100,0.000,15.74,0.1574,2.522,0.000,15.74,15.74,0.00,0,0,-1.04698,15.74,15.74,0.00,0,0,15.74,0.00,0.00,0.00,0.00,1.000,1.000,0.00,0,255.00,1,16.77,15.67,1.10,0.921,0.945,2.466,-0.007,0.229,15.74,15,0.3421
78102,0.917,0.916,1.100,1.100,1.100,1.100,0.000,15.88,0.1588,2.526,0.000,15.88,15.88,0.00,0,0,-1.06351,15.88,15.88,0.00,0,0,15.88,0.00,0.00,0.00,0.00,1.000,1.000,0.00,0,255.00,1,16.88,15.78,1.10,0.921,0.945,2.478,-0.003,0.227,15.88,16,-0.2139
78232,0.930,0.925,1.100,1.100,1.100,1.100,0.000,15.55,0.1555,2.523,0.000,15.55,15.55,0.00,0,0,-1.07952,15.55,15.55,0.00,0,0,15.55,0.00,0.00,0.00,0.00,1.000,1.000,0.00,0,255.00,1,16.63,15.58,1.04,0.930,0.950,2.473,0.001,0.213,15.55,16,-0.2132
78359,0.925,0.924,1.100,1.100,1.100,1.100,0.000,15.81,0.1581,2.526,0.000,15.81,15.81,0.00,0,0,-1.10079,15.81,15.81,0.00,0,0,15.81,0.00,0.00,0.00,0.00,1.000,1.000,0.00,0,255.00,1,16.80,15.75,1.05,0.928,0.951,2.482,-0.004,0.211,15.81,16,-0.0342
78494,0.920,0.923,1.100,1.100,1.100,1.100,0.000,15.99,0.1599,2.532,0.000,15.99,15.99,0.00,0,0,-1.11664,15.99,15.99,0.00,0,0,15.99,0.00,0.00,0.00,0.00,1.000,1.000,0.00,0,255.00,1,16.93,15.88,1.06,0.928,0.951,2.492,-0.008,0.210,15.99,16,-0.3572
78619,0.926,0.928,1.100,1.100,1.100,1.100,0.000,15.88,0.1588,2.530,0.000,15.88,15.88,0.00,0,0,-1.13196,15.88,15.88,0.00,0,0,15.88,0.00,0.00,0.00,0.00,1.000,1.000,0.00,0,255.00,1,16.84,15.81,1.03,0.932,0.955,2.488,-0.006,0.201,15.88,16,-0.1503
78749,0.943,0.936,1.100,1.100,1.100,1.100,0.000,15.61,0.1561,2.529,0.000,15.61,15.61,0.00,0,0,-1.14711,15.61,15.61,0.00,0,0,15.61,0.00,0.00,0.00,0.00,1.000,1.000,0.00,0,255.00,1,16.63,15.65,0.98,0.940,0.959,2.487,0.003,0.190,15.61,15,0.1444
78881,0.936,0.936,1.100,1.100,1.100,1.100,0.000,15.71,0.1571,2.527,0.000,15.71,15.71,0.00,0,0,-1.16194,15.71,15.71,0.00,0,0,15.71,0.00,0.00,0.00,0.00,1.000,1.000,0.00,0,255.00,1,16.68,15.70,0.98,0.940,0.960,2.483,-0.004,0.185,15.71,15,0.3032
79012,0.933,0.936,1.100,1.100,1.100,1.100,0.000,15.86,0.1586,2.527,0.000,15.86,15.86,0.00,0,0,-1.17665,15.86,15.86,0.00,0,0,15.86,0.00,0.00,0.00,0.00,1.000,1.000,0.00,0,255.00,1,16.77,15.79,0.98,0.940,0.961,2.485,-0.007,0.182,15.86,16,-0.3773
79138,0.930,0.933,1.100,1.100,1.100,1.100,0.000,16.14,0.1614,2.535,0.000,16.14,16.14,0.00,0,0,-1.19146,16.14,16.14,0.00,0,0,16.14,0.00,0.00,0.00,0.00,1.000,1.000,0.00,0,255.00,1,16.98,15.99,1.00,0.937,0.961,2.500,-0.007,0.184,16.14,16,0.4878
79269,0.955,0.947,1.100,1.100,1.100,1.100,0.000,15.56,0.1556,2.535,0.000,15.56,15.56,0.00,0,0,-1.21060,15.56,15.56,0.00,0,0,15.56,0.00,0.00,0.00,0.00,1.000,1.000,0.00,0,255.00,1,16.57,15.66,0.92,0.951,0.967,2.498,0.004,0.167,15.56,16,-0.1448
79398,0.947,0.948,1.100,1.100,1.100,1.100,0.000,15.66,0.1566,2.528,0.000,15.66,15.66,0.00,0,0,-1.22433,15.66,15.66,0.00,0,0,15.66,0.00,0.00,0.00,0.00,1.000,1.000,0.00,0,255.00,1,16.59,15.68,0.91,0.951,0.969,2.484,-0.004,0.162,15.66,16,-0.2405
79533,0.935,0.941,1.100,1.100,1.100,1.100,0.000,16.13,0.1613,2.534,0.000,16.13,16.13,0.00,0,0,-1.23840,16.13,16.13,0.00,0,0,16.13,0.00,0.00,0.00,0.00,1.000,1.000,0.00,0,255.00,1,16.92,15.97,0.95,0.945,0.968,2.498,-0.010,0.166,16.13,17,-0.4237
79658,0.944,0.942,1.100,1.100,1.100,1.100,0.000,16.18,0.1618,2.548,0.000,16.18,16.18,0.00,0,0,-1.25267,16.18,16.18,0.00,0,0,16.18,0.00,0.00,0.00,0.00,1.000,1.000,0.00,0,255.00,1,17.01,16.07,0.94,0.947,0.968,2.522,-0.002,0.166,16.18,16,0.1106
79794,0.961,0.956,1.100,1.100,1.100,1.100,0.000,15.65,0.1565,2.544,0.000,15.65,15.65,0.00,0,0,-1.27062,15.65,15.65,0.00,0,0,15.65,0.00,0.00,0.00,0.00,1.000,1.000,0.00,0,255.00,1,16.61,15.74,0.87,0.959,0.974,2.510,0.003,0.150,15.65,16,-0.4712
79921,0.950,0.951,1.100,1.100,1.100,1.100,0.000,15.98,0.1598,2.545,0.000,15.98,15.98,0.00,0,0,-1.28395,15.98,15.98,0.00,0,0,15.98,0.00,0.00,0.00,0.00,1.000,1.000,0.00,0,255.00,1,16.81,15.93,0.89,0.955,0.974,2.511,-0.005,0.150,15.98,16,0.2642
80052,0.947,0.949,1.100,1.100,1.100,1.100,0.000,16.20,0.1620,2.554,0.000,16.20,16.20,0.00,0,0,-1.29745,16.20,16.20,0.00,0,0,16.20,0.00,0.00,0.00,0.00,1.000,1.000,0.00,0,255.00,1,16.99,16.09,0.90,0.953,0.974,2.526,-0.006,0.151,16.20,17,-0.3560
80181,0.953,0.953,1.100,1.100,1.100,1.100,0.000,16.11,0.1611,2.556,0.000,16.11,16.11,0.00,0,0,-1.31056,16.11,16.11,0.00,0,0,16.11,0.00,0.00,0.00,0.00,1.000,1.000,0.00,0,255.00,1,16.92,16.05,0.88,0.957,0.976,2.528,-0.004,0.145,16.11,16,-0.3154
80313,0.965,0.961,1.100,1.100,1.100,1.100,0.000,15.80,0.1580,2.553,0.000,15.80,15.80,0.00,0,0,-1.32326,15.80,15.80,0.00,0,0,15.80,0.00,0.00,0.00,0.00,1.000,1.000,0.00,0,255.00,1,16.68,15.85,0.83,0.965,0.980,2.519,0.001,0.136,15.80,15,0.3619
80439,0.962,0.963,1.100,1.100,1.100,1.100,0.000,15.82,0.1582,2.549,0.000,15.82,15.82,0.00,0,0,-1.33570,15.82,15.82,0.00,0,0,15.82,0.00,0.00,0.00,0.00,1.000,1.000,0.00,0,255.00,1,16.66,15.84,0.82,0.966,0.982,2.511,-0.004,0.131,15.82,16,-0.0880
80570,0.953,0.957,1.100,1.100,1.100,1.100,0.000,16.21,0.1621,2.551,0.000,16.21,16.21,0.00,0,0,-1.34819,16.21,16.21,0.00,0,0,16.21,0.00,0.00,0.00,0.00,1.000,1.000,0.00,0,255.00,1,16.93,16.08,0.85,0.962,0.982,2.518,-0.008,0.133,16.21,16,-0.1255
80701,0.973,0.966,1.100,1.100,1.100,1.100,0.000,15.87,0.1587,2.556,0.000,15.87,15.87,0.00,0,0,-1.36067,15.87,15.87,0.00,0,0,15.87,0.00,0.00,0.00,0.00,1.000,1.000,0.00,0,255.00,1,16.71,15.91,0.80,0.969,0.985,2.526,0.004,0.126,15.87,16,0.1321
80835,0.969,0.969,1.100,1.100,1.100,1.100,0.000,15.86,0.1586,2.550,0.000,15.86,15.86,0.00,0,0,-1.37652,15.86,15.86,0.00,0,0,15.86,0.00,0.00,0.00,0.00,1.000,1.000,0.00,0,255.00,1,16.65,15.87,0.78,0.972,0.988,2.515,-0.003,0.119,15.86,16,-0.4200
80960,0.963,0.965,1.100,1.100,1.100,1.100,0.000,16.16,0.1616,2.555,0.000,16.16,16.16,0.00,0,0,-1.38855,16.16,16.16,0.00,0,0,16.16,0.00,0.00,0.00,0.00,1.000,1.000,0.00,0,255.00,1,16.87,16.06,0.80,0.969,0.987,2.525,-0.006,0.121,16.16,16,-0.2083
81094,0.965,0.966,1.100,1.100,1.100,1.100,0.000,16.31,0.1631,2.571,0.000,16.31,16.31,0.00,0,0,-1.41259,16.31,16.31,0.00,0,0,16.31,0.00,0.00,0.00,0.00,1.000,1.000,0.00,0,255.00,1,17.02,16.22,0.80,0.970,0.988,2.550,-0.005,0.119,16.31,16,0.0866
81219,0.982,0.976,1.100,1.100,1.100,1.100,0.000,15.90,0.1590,2.569,0.000,15.90,15.90,0.00,0,0,-1.42406,15.90,15.90,0.00,0,0,15.90,0.00,0.00,0.00,0.00,1.000,1.000,0.00,0,255.00,1,16.72,15.97,0.74,0.979,0.992,2.543,0.003,0.110,15.90,16,0.2230
81350,0.971,0.973,1.100,1.100,1.100,1.100,0.000,16.19,0.1619,2.571,0.000,16.19,16.19,0.00,0,0,-1.43919,16.19,16.19,0.00,0,0,16.19,0.00,0.00,0.00,0.00,1.000,1.000,0.00,0,255.00,1,16.89,16.14,0.76,0.976,0.993,2.544,-0.005,0.109,16.19,17,-0.3976
81479,0.973,0.975,1.100,1.100,1.100,1.100,0.000,16.17,0.1617,2.574,0.000,16.17,16.17,0.00,0,0,-1.45050,16.17,16.17,0.00,0,0,16.17,0.00,0.00,0.00,0.00,1.000,1.000,0.00,0,255.00,1,16.89,16.14,0.75,0.978,0.994,2.548,-0.005,0.106,16.17,16,0.1464
81605,0.982,0.978,1.100,1.100,1.100,1.100,0.000,16.14,0.1614,2.576,0.000,16.14,16.14,0.00,0,0,-1.46161,16.14,16.14,0.00,0,0,16.14,0.00,0.00,0.00,0.00,1.000,1.000,0.00,0,255.00,1,16.86,16.13,0.73,0.981,0.996,2.551,0.001,0.103,16.14,17,-0.3649
81731,0.989,0.983,1.100,1.100,1.100,1.100,0.000,15.94,0.1594,2.574,0.000,15.94,15.94,0.00,0,0,-1.47242,15.94,15.94,0.00,0,0,15.94,0.00,0.00,0.00,0.00,1.000,1.000,0.00,0,255.00,1,16.71,16.01,0.70,0.986,0.999,2.546,0.004,0.097,15.94,16,-0.1158
81858,0.980,0.981,1.100,1.100,1.100,1.100,0.000,16.16,0.1616,2.576,0.000,16.16,16.16,0.00,0,0,-1.48320,16.16,16.16,0.00,0,0,16.16,0.00,0.00,0.00,0.00,1.000,1.000,0.00,0,255.00,1,16.85,16.13,0.71,0.984,0.999,2.549,-0.003,0.097,16.16,16,0.3490
81986,0.977,0.980,1.100,1.100,1.100,1.100,0.000,16.34,0.1634,2.580,0.000,16.34,16.34,0.00,0,0,-1.49744,16.34,16.34,0.00,0,0,16.34,0.00,0.00,0.00,0.00,1.000,1.000,0.00,0,255.00,1,16.97,16.25,0.72,0.983,0.999,2.556,-0.006,0.096,16.34,16,0.1838
82115,0.987,0.985,1.100,1.100,1.100,1.100,0.000,16.17,0.1617,2.581,0.000,16.17,16.17,0.00,0,0,-1.50791,16.17,16.17,0.00,0,0,16.17,0.00,0.00,0.00,0.00,1.000,1.000,0.00,0,255.00,1,16.85,16.16,0.69,0.987,1.002,2.557,-0.001,0.092,16.17,16,-0.2450
82241,0.991,0.988,1.100,1.100,1.100,1.100,0.000,16.06,0.1606,2.580,0.000,16.06,16.06,0.00,0,0,-1.51813,16.06,16.06,0.00,0,0,16.06,0.00,0.00,0.00,0.00,1.000,1.000,0.00,0,255.00,1,16.76,16.09,0.67,0.991,1.004,2.553,0.000,0.088,16.06,16,0.1541
82368,0.981,0.983,1.100,1.100,1.100,1.100,0.000,16.41,0.1641,2.588,0.000,16.41,16.41,0.00,0,0,-1.52861,16.41,16.41,0.00,0,0,16.41,0.00,0.00,0.00,0.00,1.000,1.000,0.00,0,255.00,1,17.02,16.32,0.69,0.987,1.003,2.567,-0.006,0.090,16.41,16,0.2597
82489,0.982,0.986,1.100,1.100,1.100,1.100,0.000,16.38,0.1638,2.588,0.000,16.38,16.38,0.00,0,0,-1.53865,16.38,16.38,0.00,0,0,16.38,0.00,0.00,0.00,0.00,1.000,1.000,0.00,0,255.00,1,16.98,16.30,0.68,0.989,1.004,2.565,-0.007,0.087,16.38,17,-0.1251
82617,0.984,0.986,1.100,1.100,1.100,1.100,0.000,16.45,0.1645,2.592,0.000,16.45,16.45,0.00,0,0,-1.54870,16.45,16.45,0.00,0,0,16.45,0.00,0.00,0.00,0.00,1.000,1.000,0.00,0,255.00,1,17.04,16.36,0.68,0.989,1.005,2.571,-0.005,0.086,16.45,17,-0.2339
82742,0.998,0.993,1.100,1.100,1.100,1.100,0.000,16.18,0.1618,2.595,0.000,16.18,16.18,0.00,0,0,-1.55868,16.18,16.18,0.00,0,0,16.18,0.00,0.00,0.00,0.00,1.000,1.000,0.00,0,255.00,1,16.86,16.22,0.64,0.995,1.007,2.575,0.003,0.081,16.18,16,-0.2093
82869,0.995,0.995,1.100,1.100,1.100,1.100,0.000,16.14,0.1614,2.594,0.000,16.14,16.14,0.00,0,0,-1.56836,16.14,16.14,0.00,0,0,16.14,0.00,0.00,0.00,0.00,1.000,1.000,0.00,0,255.00,1,16.81,16.18,0.63,0.998,1.009,2.571,-0.002,0.078,16.14,17,-0.4646
82990,0.988,0.990,1.100,1.100,1.100,1.100,0.000,16.50,0.1650,2.602,0.000,16.50,16.50,0.00,0,0,-1.57825,16.50,16.50,0.00,0,0,16.50,0.00,0.00,0.00,0.00,1.000,1.000,0.00,0,255.00,1,17.08,16.42,0.66,0.993,1.008,2.583,-0.004,0.081,16.50,17,-0.1052
83121,0.994,0.994,1.100,1.100,1.100,1.100,0.000,16.43,0.1643,2.607,0.000,16.43,16.43,0.00,0,0,-1.59423,16.43,16.43,0.00,0,0,16.43,0.00,0.00,0.00,0.00,1.000,1.000,0.00,0,255.00,1,17.03,16.39,0.63,0.997,1.010,2.589,-0.003,0.077,16.43,17,-0.1520
83247,0.999,0.996,1.100,1.100,1.100,1.100,0.000,16.38,0.1638,2.611,0.000,16.38,16.38,0.00,0,0,-1.60372,16.38,16.38,0.00,0,0,16.38,0.00,0.00,0.00,0.00,1.000,1.000,0.00,0,255.00,1,17.00,16.38,0.62,0.999,1.011,2.593,0.000,0.074,16.38,16,0.1726
83380,0.993,0.997,1.100,1.100,1.100,1.100,0.000,16.41,0.1641,2.609,0.000,16.41,16.41,0.00,0,0,-1.61283,16.41,16.41,0.00,0,0,16.41,0.00,0.00,0.00,0.00,1.000,1.000,0.00,0,255.00,1,16.99,16.38,0.61,1.000,1.013,2.586,-0.007,0.072,16.41,16,0.0758
83508,0.992,0.996,1.100,1.100,1.100,1.100,0.000,16.57,0.1657,2.611,0.000,16.57,16.57,0.00,0,0,-1.62198,16.57,16.57,0.00,0,0,16.57,0.00,0.00,0.00,0.00,1.000,1.000,0.00,0,255.00,1,17.10,16.48,0.62,0.999,1.013,2.590,-0.006,0.072,16.57,16,0.2648
83635,1.005,1.002,1.100,1.100,1.100,1.100,0.000,16.30,0.1630,2.612,0.000,16.30,16.30,0.00,0,0,-1.63101,16.30,16.30,0.00,0,0,16.30,0.00,0.00,0.00,0.00,1.000,1.000,0.00,0,255.00,1,16.91,16.33,0.58,1.005,1.016,2.591,0.001,0.067,16.30,16,0.4951
83761,0.997,0.999,1.100,1.100,1.100,1.100,0.000,16.54,0.1654,2.616,0.000,16.54,16.54,0.00,0,0,-1.64005,16.54,16.54,0.00,0,0,16.54,0.00,0.00,0.00,0.00,1.000,1.000,0.00,0,255.00,1,17.08,16.48,0.60,1.002,1.015,2.597,-0.005,0.068,16.54,17,-0.0381
83892,1.002,1.001,1.100,1.100,1.100,1.100,0.000,16.51,0.1651,2.622,0.000,16.51,16.51,0.00,0,0,-1.64909,16.51,16.51,0.00,0,0,16.51,0.00,0.00,0.00,0.00,1.000,1.000,0.00,0,255.00,1,17.08,16.49,0.59,1.004,1.016,2.606,-0.002,0.067,16.51,17,-0.3331
84017,1.017,1.012,1.100,1.100,1.100,1.100,0.000,16.03,0.1603,2.612,0.000,16.03,16.03,0.00,0,0,-1.65735,16.03,16.03,0.00,0,0,16.03,0.00,0.00,0.00,0.00,1.000,1.000,0.00,0,255.00,1,16.70,16.17,0.53,1.013,1.021,2.585,0.004,0.059,16.03,16,0.2164
84145,1.009,1.006,1.100,1.100,1.100,1.100,0.000,16.40,0.1640,2.614,0.000,16.40,16.40,0.00,0,0,-1.66591,16.40,16.40,0.00,0,0,16.40,0.00,0.00,0.00,0.00,1.000,1.000,0.00,0,255.00,1,16.95,16.39,0.56,1.008,1.020,2.591,0.000,0.061,16.40,17,-0.4800
84272,1.001,1.004,1.100,1.100,1.100,1.100,0.000,16.58,0.1658,2.619,0.000,16.58,16.58,0.00,0,0,-1.67452,16.58,16.58,0.00,0,0,16.58,0.00,0.00,0.00,0.00,1.000,1.000,0.00,0,255.00,1,17.09,16.51,0.57,1.007,1.020,2.600,-0.005,0.061,16.58,16,0.1265
84400,1.013,1.010,1.100,1.100,1.100,1.100,0.000,16.35,0.1635,2.618,0.000,16.35,16.35,0.00,0,0,-1.68277,16.35,16.35,0.00,0,0,16.35,0.00,0.00,0.00,0.00,1.000,1.000,0.00,0,255.00,1,16.92,16.38,0.54,1.012,1.022,2.597,0.001,0.057,16.35,16,0.3107
84526,1.018,1.014,1.100,1.100,1.100,1.100,0.000,16.18,0.1618,2.610,0.000,16.18,16.18,0.00,0,0,-1.69058,16.18,16.18,0.00,0,0,16.18,0.00,0.00,0.00,0.00,1.000,1.000,0.00,0,255.00,1,16.75,16.24,0.51,1.016,1.025,2.583,0.002,0.053,16.18,16,-0.0710
84653,1.005,1.007,1.100,1.100,1.100,1.100,0.000,16.64,0.1664,2.618,0.000,16.64,16.64,0.00,0,0,-1.69891,16.64,16.64,0.00,0,0,16.64,0.00,0.00,0.00,0.00,1.000,1.000,0.00,0,255.00,1,17.09,16.54,0.55,1.009,1.023,2.599,-0.005,0.057,16.64,17,-0.3314
84781,1.006,1.007,1.100,1.100,1.100,1.100,0.000,16.68,0.1668,2.627,0.000,16.68,16.68,0.00,0,0,-1.70725,16.68,16.68,0.00,0,0,16.68,0.00,0.00,0.00,0.00,1.000,1.000,0.00,0,255.00,1,17.16,16.60,0.55,1.010,1.023,2.613,-0.004,0.057,16.68,17,-0.3477
84907,1.022,1.017,1.100,1.100,1.100,1.100,0.000,16.26,0.1626,2.623,0.000,16.26,16.26,0.00,0,0,-1.71503,16.26,16.26,0.00,0,0,16.26,0.00,0.00,0.00,0.00,1.000,1.000,0.00,0,255.00,1,16.85,16.35,0.50,1.018,1.027,2.605,0.004,0.051,16.26,16,-0.1462
85032,1.016,1.017,1.100,1.100,1.100,1.100,0.000,16.32,0.1632,2.618,0.000,16.32,16.32,0.00,0,0,-1.72257,16.32,16.32,0.00,0,0,16.32,0.00,0.00,0.00,0.00,1.000,1.000,0.00,0,255.00,1,16.85,16.35,0.50,1.019,1.028,2.594,-0.002,0.049,16.32,17,-0.1845
85157,1.008,1.011,1.100,1.100,1.100,1.100,0.000,16.75,0.1675,2.628,0.000,16.75,16.75,0.00,0,0,-1.73566,16.75,16.75,0.00,0,0,16.75,0.00,0.00,0.00,0.00,1.000,1.000,0.00,0,255.00,1,17.17,16.64,0.53,1.013,1.026,2.614,-0.005,0.052,16.75,17,-0.2029
85288,1.012,1.013,1.100,1.100,1.100,1.100,0.000,16.68,0.1668,2.632,0.000,16.68,16.68,0.00,0,0,-1.74337,16.68,16.68,0.00,0,0,16.68,0.00,0.00,0.00,0.00,1.000,1.000,0.00,0,255.00,1,17.13,16.62,0.52,1.016,1.027,2.619,-0.004,0.050,16.68,17,-0.4094
85416,1.023,1.019,1.100,1.100,1.100,1.100,0.000,16.46,0.1646,2.634,0.000,16.46,16.46,0.00,0,0,-1.75092,16.46,16.46,0.00,0,0,16.46,0.00,0.00,0.00,0.00,1.000,1.000,0.00,0,255.00,1,16.98,16.50,0.49,1.021,1.030,2.619,0.002,0.047,16.46,16,0.2988
85543,1.015,1.019,1.100,1.100,1.100,1.100,0.000,16.52,0.1652,2.632,0.000,16.52,16.52,0.00,0,0,-1.75822,16.52,16.52,0.00,0,0,16.52,0.00,0.00,0.00,0.00,1.000,1.000,0.00,0,255.00,1,17.00,16.52,0.49,1.021,1.031,2.613,-0.006,0.046,16.52,17,-0.2420
85672,1.009,1.015,1.100,1.100,1.100,1.100,0.000,16.80,0.1680,2.632,0.000,16.80,16.80,0.00,0,0,-1.76547,16.80,16.80,0.00,0,0,16.80,0.00,0.00,0.00,0.00,1.000,1.000,0.00,0,255.00,1,17.18,16.67,0.51,1.017,1.030,2.615,-0.008,0.047,16.80,16,0.3270
85806,1.027,1.020,1.100,1.100,1.100,1.100,0.000,16.59,0.1659,2.641,0.000,16.59,16.59,0.00,0,0,-1.77303,16.59,16.59,0.00,0,0,16.59,0.00,0.00,0.00,0.00,1.000,1.000,0.00,0,255.00,1,17.08,16.60,0.48,1.022,1.031,2.629,0.005,0.045,16.59,17,-0.3763
85930,1.022,1.023,1.100,1.100,1.100,1.100,0.000,16.46,0.1646,2.638,0.000,16.46,16.46,0.00,0,0,-1.78007,16.46,16.46,0.00,0,0,16.46,0.00,0.00,0.00,0.00,1.000,1.000,0.00,0,255.00,1,16.97,16.51,0.46,1.025,1.033,2.622,-0.003,0.042,16.46,16,0.1895
86056,1.016,1.020,1.100,1.100,1.100,1.100,0.000,16.68,0.1668,2.635,0.000,16.68,16.68,0.00,0,0,-1.78693,16.68,16.68,0.00,0,0,16.68,0.00,0.00,0.00,0.00,1.000,1.000,0.00,0,255.00,1,17.09,16.61,0.47,1.023,1.034,2.616,-0.006,0.042,16.68,17,-0.3822
86187,1.020,1.017,1.100,1.100,1.100,1.100,0.000,16.93,0.1693,2.651,0.000,16.93,16.93,0.00,0,0,-1.79451,16.93,16.93,0.00,0,0,16.93,0.00,0.00,0.00,0.00,1.000,1.000,0.00,0,255.00,1,17.32,16.83,0.49,1.019,1.031,2.644,0.001,0.045,16.93,16,0.4979
86313,1.028,1.024,1.100,1.100,1.100,1.100,0.000,16.67,0.1667,2.662,0.000,16.67,16.67,0.00,0,0,-1.80888,16.67,16.67,0.00,0,0,16.67,0.00,0.00,0.00,0.00,1.000,1.000,0.00,0,255.00,1,17.17,16.72,0.46,1.026,1.034,2.654,0.002,0.041,16.67,16,0.4408
86441,1.026,1.028,1.100,1.100,1.100,1.100,0.000,16.50,0.1650,2.653,0.000,16.50,16.50,0.00,0,0,-1.81531,16.50,16.50,0.00,0,0,16.50,0.00,0.00,0.00,0.00,1.000,1.000,0.00,0,255.00,1,16.99,16.56,0.43,1.030,1.037,2.633,-0.004,0.037,16.50,17,-0.1423
86566,1.028,1.026,1.100,1.100,1.100,1.100,0.000,16.68,0.1668,2.654,0.000,16.68,16.68,0.00,0,0,-1.82202,16.68,16.68,0.00,0,0,16.68,0.00,0.00,0.00,0.00,1.000,1.000,0.00,0,255.00,1,17.11,16.67,0.44,1.028,1.037,2.636,0.000,0.038,16.68,17,-0.0768
86694,1.033,1.028,1.100,1.100,1.100,1.100,0.000,16.63,0.1663,2.660,0.000,16.63,16.63,0.00,0,0,-1.82891,16.63,16.63,0.00,0,0,16.63,0.00,0.00,0.00,0.00,1.000,1.000,0.00,0,255.00,1,17.10,16.67,0.43,1.030,1.038,2.647,0.004,0.037,16.63,16,0.4701
86818,1.034,1.034,1.100,1.100,1.100,1.100,0.000,16.37,0.1637,2.652,0.000,16.37,16.37,0.00,0,0,-1.83510,16.37,16.37,0.00,0,0,16.37,0.00,0.00,0.00,0.00,1.000,1.000,0.00,0,255.00,1,16.88,16.48,0.40,1.035,1.041,2.630,-0.001,0.033,16.37,16,-0.0279
86946,1.027,1.030,1.100,1.100,1.100,1.100,0.000,16.64,0.1664,2.645,0.000,16.64,16.64,0.00,0,0,-1.84116,16.64,16.64,0.00,0,0,16.64,0.00,0.00,0.00,0.00,1.000,1.000,0.00,0,255.00,1,17.02,16.60,0.42,1.032,1.041,2.621,-0.005,0.033,16.64,16,0.4248
87071,1.033,1.029,1.100,1.100,1.100,1.100,0.000,16.74,0.1674,2.653,0.000,16.74,16.74,0.00,0,0,-1.84774,16.74,16.74,0.00,0,0,16.74,0.00,0.00,0.00,0.00,1.000,1.000,0.00,0,255.00,1,17.13,16.71,0.42,1.031,1.040,2.638,0.002,0.034,16.74,17,-0.0654
87198,1.034,1.034,1.100,1.100,1.100,1.100,0.000,16.57,0.1657,2.650,0.000,16.57,16.57,0.00,0,0,-1.85790,16.57,16.57,0.00,0,0,16.57,0.00,0.00,0.00,0.00,1.000,1.000,0.00,0,255.00,1,16.99,16.59,0.40,1.035,1.043,2.631,-0.001,0.031,16.57,17,0.0397
87326,1.028,1.031,1.100,1.100,1.100,1.100,0.000,16.81,0.1681,2.649,0.000,16.81,16.81,0.00,0,0,-1.86777,16.81,16.81,0.00,0,0,16.81,0.00,0.00,0.00,0.00,1.000,1.000,0.00,0,255.00,1,17.14,16.73,0.41,1.033,1.043,2.633,-0.005,0.031,16.81,17,0.2489
87452,1.036,1.033,1.100,1.100,1.100,1.100,0.000,16.78,0.1678,2.659,0.000,16.78,16.78,0.00,0,0,-1.87604,16.78,16.78,0.00,0,0,16.78,0.00,0.00,0.00,0.00,1.000,1.000,0.00,0,255.00,1,17.16,16.76,0.40,1.034,1.043,2.649,0.001,0.031,16.78,17,-0.3677
87577,1.035,1.035,1.100,1.100,1.100,1.100,0.000,16.76,0.1676,2.662,0.000,16.76,16.76,0.00,0,0,-1.88200,16.76,16.76,0.00,0,0,16.76,0.00,0.00,0.00,0.00,1.000,1.000,0.00,0,255.00,1,17.14,16.75,0.39,1.037,1.045,2.652,-0.002,0.029,16.76,17,0.0692
87706,1.025,1.029,1.100,1.100,1.100,1.100,0.000,17.10,0.1710,2.671,0.000,17.10,17.10,0.00,0,0,-1.88818,17.10,17.10,0.00,0,0,17.10,0.00,0.00,0.00,0.00,1.000,1.000,0.00,0,255.00,1,17.40,16.98,0.42,1.031,1.042,2.665,-0.005,0.032,17.10,17,-0.0804
87831,1.038,1.035,1.100,1.100,1.100,1.100,0.000,16.86,0.1686,2.676,0.000,16.86,16.86,0.00,0,0,-1.89419,16.86,16.86,0.00,0,0,16.86,0.00,0.00,0.00,0.00,1.000,1.000,0.00,0,255.00,1,17.25,16.86,0.39,1.037,1.045,2.669,0.002,0.029,16.86,17,-0.3397
87957,1.034,1.036,1.100,1.100,1.100,1.100,0.000,16.95,0.1695,2.682,0.000,16.95,16.95,0.00,0,0,-1.90558,16.95,16.95,0.00,0,0,16.95,0.00,0.00,0.00,0.00,1.000,1.000,0.00,0,255.00,1,17.29,16.91,0.38,1.038,1.047,2.669,-0.004,0.027,16.95,17,0.1186
88084,1.035,1.037,1.100,1.100,1.100,1.100,0.000,17.03,0.1703,2.689,0.000,17.03,17.03,0.00,0,0,-1.91489,17.03,17.03,0.00,0,0,17.03,0.00,0.00,0.00,0.00,1.000,1.000,0.00,0,255.00,1,17.35,16.97,0.37,1.039,1.048,2.676,-0.004,0.026,17.03,17,0.0619
88213,1.051,1.046,1.033,1.086,1.033,1.086,-0.242,16.87,0.1687,2.690,0.000,16.87,16.87,0.00,0,0,-1.91936,16.87,16.87,0.00,0,0,16.87,0.00,0.00,0.00,0.00,1.000,1.000,0.00,0,255.00,1,16.12,15.90,0.22,1.044,1.032,2.670,0.007,0.011,16.87,17,-0.1109
88337,1.049,1.047,1.039,1.069,1.039,1.069,-0.161,16.73,0.1673,2.685,0.000,16.73,16.73,0.00,0,0,-1.92195,16.73,16.73,0.00,0,0,16.73,0.00,0.00,0.00,0.00,1.000,1.000,0.00,0,255.00,1,16.22,16.11,0.11,1.045,1.037,2.661,0.004,0.004,16.73,16,0.2367
88466,1.040,1.044,1.048,1.059,1.048,1.059,-0.072,16.68,0.1668,2.677,0.000,16.68,16.68,0.00,0,0,-1.92338,16.68,16.68,0.00,0,0,16.68,0.00,0.00,0.00,0.00,1.000,1.000,0.00,0,255.00,1,16.49,16.41,0.08,1.043,1.040,2.653,-0.003,0.001,16.68,16,0.2763
88596,1.048,1.045,1.074,1.057,1.074,1.057,0.003,16.66,0.1666,2.670,0.000,16.66,16.66,0.00,0,0,-1.92463,16.66,16.66,0.00,0,0,16.66,0.00,0.00,0.00,0.00,1.000,1.000,0.00,0,255.00,1,16.77,16.69,0.08,1.045,1.046,2.652,0.003,0.001,16.66,16,0.2877
88724,1.040,1.041,1.093,1.064,1.093,1.064,0.115,16.77,0.1677,2.668,0.000,16.77,16.77,0.00,0,0,-1.92639,16.77,16.77,0.00,0,0,16.77,0.00,0.00,0.00,0.00,1.000,1.000,0.00,0,255.00,1,17.36,17.21,0.15,1.043,1.054,2.657,-0.002,0.011,16.77,16,0.4863
88849,1.032,1.036,1.114,1.078,1.114,1.078,0.173,16.96,0.1696,2.672,0.000,16.96,16.96,0.00,0,0,-1.92932,16.96,16.96,0.00,0,0,16.96,0.00,0.00,0.00,0.00,1.000,1.000,0.00,0,255.00,1,17.85,17.58,0.26,1.040,1.058,2.668,-0.009,0.028,16.96,17,0.0985
88977,1.050,1.045,1.139,1.095,1.139,1.095,0.210,17.09,0.1709,2.681,0.000,17.09,17.09,0.00,0,0,-1.93354,17.09,17.09,0.00,0,0,17.09,0.00,0.00,0.00,0.00,1.000,1.000,0.00,1,60.00,1,18.16,17.84,0.32,1.049,1.072,2.676,0.001,0.041,17.09,17,0.2049
89103,1.047,1.045,1.197,1.119,1.197,1.119,0.238,17.66,0.1766,2.702,0.000,17.66,17.66,0.00,0,0,-1.93962,17.66,17.66,0.00,0,0,17.66,0.00,0.00,0.00,0.00,1.000,1.000,0.00,1,60.00,1,18.80,18.34,0.46,1.051,1.082,2.696,-0.004,0.064,17.66,17,0.4573
89229,1.052,1.052,1.232,1.148,1.232,1.148,0.370,18.79,0.1879,2.756,0.000,18.79,18.79,0.00,0,0,-1.94758,18.79,18.79,0.00,0,0,18.79,0.00,0.00,0.00,0.00,1.000,1.000,0.00,1,60.00,1,20.23,19.63,0.59,1.062,1.112,2.741,-0.007,0.105,18.79,19,-0.3012
89354,1.101,1.088,1.269,1.184,1.269,1.184,0.416,18.82,0.1882,2.809,0.000,18.82,18.82,0.00,0,0,-1.95622,18.82,18.82,0.00,0,0,18.82,0.00,0.00,0.00,0.00,1.000,1.000,0.00,1,60.00,1,20.49,19.88,0.60,1.098,1.150,2.751,0.003,0.121,18.82,19,0.1071
89487,1.116,1.114,1.353,1.222,1.353,1.222,0.432,19.38,0.1938,2.859,0.000,19.38,19.38,0.00,0,0,-1.96537,19.38,19.38,0.00,0,0,19.38,0.00,0.00,0.00,0.00,1.000,1.000,0.00,1,60.00,1,20.92,20.26,0.67,1.126,1.186,2.740,-0.009,0.128,19.38,19,0.3468
89614,1.157,1.144,1.400,1.265,1.400,1.265,0.443,20.03,0.2003,2.926,0.000,20.03,20.03,0.00,0,0,-1.97601,20.03,20.03,0.00,0,0,20.03,0.00,0.00,0.00,0.00,1.000,1.000,0.00,1,60.00,1,21.46,20.72,0.74,1.157,1.224,2.751,0.000,0.141,20.03,20,-0.0373
89744,1.184,1.176,1.450,1.315,1.450,1.315,0.606,20.79,0.2079,3.001,0.000,20.79,20.79,0.00,0,0,-1.98802,20.79,20.79,0.00,0,0,20.79,0.00,0.00,0.00,0.00,1.000,1.000,0.00,1,60.00,1,22.74,21.89,0.85,1.194,1.279,2.770,-0.006,0.208,20.79,21,-0.3187
89870,1.236,1.224,1.503,1.372,1.503,1.372,0.644,21.20,0.2120,3.070,0.000,21.20,21.20,0.00,0,0,-2.00085,21.20,21.20,0.00,0,0,21.20,0.00,0.00,0.00,0.00,1.000,1.000,0.00,1,60.00,1,23.22,22.31,0.91,1.242,1.334,2.769,-0.005,0.233,21.20,22,-0.4334
89999,1.291,1.273,1.619,1.434,1.619,1.434,0.635,21.77,0.2177,3.145,0.000,21.77,21.77,0.00,0,0,-2.01512,21.77,21.77,0.00,0,0,21.77,0.00,0.00,0.00,0.00,1.000,1.000,0.00,1,60.00,1,23.63,22.64,0.99,1.292,1.389,2.770,-0.001,0.246,21.77,21,0.4602
90126,1.332,1.317,1.683,1.502,1.683,1.502,0.816,22.70,0.2270,3.229,0.000,22.70,22.70,0.00,0,0,-2.03119,22.70,22.70,0.00,0,0,22.70,0.00,0.00,0.00,0.00,1.000,1.000,0.00,1,60.00,1,25.15,24.02,1.13,1.341,1.459,2.791,-0.005,0.354,22.70,23,-0.1824
90253,1.385,1.374,1.748,1.570,1.748,1.570,0.804,23.16,0.2316,3.307,0.000,23.16,23.16,0.00,0,0,-2.04831,23.16,23.16,0.00,0,0,23.16,0.00,0.00,0.01,0.00,1.000,1.000,0.00,1,60.00,1,25.50,24.30,1.20,1.398,1.520,2.797,-0.010,0.370,23.16,24,-0.4435
90383,1.447,1.430,1.890,1.645,1.890,1.645,0.848,23.86,0.2386,3.386,0.000,23.86,23.86,0.00,0,0,-2.06687,23.86,23.86,0.00,0,0,23.85,0.00,0.01,0.03,0.01,1.000,1.001,0.01,1,60.00,1,26.28,24.98,1.31,1.457,1.588,2.809,-0.009,0.426,23.86,24,0.1835
90508,1.511,1.491,1.966,1.727,1.966,1.727,0.825,24.66,0.2466,3.474,0.000,24.66,24.66,0.00,0,0,-2.08751,24.66,24.66,0.00,0,0,24.63,0.00,0.03,0.06,0.02,1.000,1.003,0.03,1,60.00,1,26.89,25.47,1.42,1.519,1.655,2.834,-0.008,0.463,24.66,24,0.4514
90633,1.598,1.570,2.045,1.814,2.045,1.814,1.045,25.03,0.2503,3.553,0.000,25.03,25.03,0.00,0,0,-2.10915,25.03,25.03,0.00,0,0,24.97,0.00,0.07,0.14,0.04,1.000,1.006,0.07,1,60.00,1,28.19,26.69,1.49,1.601,1.755,2.838,0.001,0.602,25.03,25,0.0893
90759,1.664,1.643,2.126,1.909,2.126,1.909,1.066,25.91,0.2591,3.634,0.000,25.91,25.91,0.00,0,0,-2.13237,25.91,25.91,0.00,0,0,25.78,0.00,0.14,0.25,0.07,1.000,1.011,0.14,1,60.00,1,29.00,27.37,1.62,1.676,1.840,2.840,-0.010,0.665,25.91,26,-0.1604
90890,1.732,1.709,2.300,2.002,2.300,2.002,1.034,26.96,0.2696,3.729,0.000,26.96,26.96,0.00,0,0,-2.15813,26.96,26.96,0.00,0,0,26.73,0.00,0.22,0.35,0.10,1.000,1.016,0.22,1,60.00,1,29.80,28.03,1.77,1.743,1.913,2.879,-0.009,0.725,26.96,27,-0.1595
91018,1.832,1.803,2.392,2.101,2.392,2.101,1.004,27.32,0.2732,3.813,0.000,27.32,27.32,0.00,0,0,-2.18472,27.32,27.32,0.00,0,0,26.98,0.00,0.34,0.49,0.15,1.000,1.022,0.34,1,60.00,1,30.01,28.22,1.80,1.838,2.007,2.883,-0.005,0.722,27.32,27,0.3459
91143,1.933,1.899,2.487,2.207,2.487,2.207,1.267,27.93,0.2793,3.890,0.000,27.93,27.93,0.00,0,0,-2.21227,27.93,27.93,0.00,0,0,27.42,0.00,0.51,0.83,0.19,1.000,1.029,0.51,1,60.00,1,31.68,29.80,1.88,1.938,2.130,2.878,0.001,0.915,27.93,28,-0.3662
91268,2.014,1.983,2.584,2.322,2.584,2.322,1.287,29.28,0.2928,3.985,0.000,29.28,29.28,0.00,0,0,-2.24225,29.28,29.28,0.00,0,0,28.52,0.00,0.76,1.12,0.25,1.000,1.038,0.76,1,60.00,1,32.91,30.85,2.06,2.025,2.229,2.904,-0.008,1.024,29.28,29,0.4611
91394,2.123,2.087,2.790,2.444,2.790,2.444,1.220,30.25,0.3025,4.091,0.000,30.25,30.25,0.00,0,0,-2.27455,30.25,30.25,0.00,0,0,29.20,0.00,1.05,1.37,0.32,1.000,1.048,1.05,1,60.00,1,33.49,31.34,2.15,2.129,2.335,2.936,-0.005,1.033,30.25,30,-0.0404
91518,2.239,2.215,2.896,2.569,2.896,2.569,1.487,30.77,0.3077,4.166,0.000,30.77,30.77,0.00,0,0,-2.30571,30.77,30.77,0.00,0,0,29.36,0.00,1.42,2.09,0.39,1.000,1.059,1.42,1,60.00,1,34.99,32.83,2.16,2.261,2.489,2.891,-0.015,1.190,30.77,31,-0.0564
91642,2.342,2.314,3.008,2.692,3.008,2.692,1.435,32.02,0.3202,4.255,0.000,32.02,32.02,0.00,0,0,-2.33868,32.02,32.02,0.00,0,0,30.25,0.00,1.78,2.44,0.47,1.000,1.070,1.78,1,60.00,1,35.74,33.46,2.28,2.362,2.596,2.894,-0.014,1.205,32.02,32,0.4376
91768,2.502,2.446,3.122,2.811,3.122,2.811,1.405,32.34,0.3234,4.342,0.000,32.34,32.34,0.00,0,0,-2.37246,32.34,32.34,0.00,0,0,30.21,0.00,2.13,2.81,0.54,1.000,1.080,2.13,1,60.00,1,35.90,33.70,2.20,2.493,2.722,2.903,0.016,1.122,32.34,33,-0.4047
91897,2.595,2.562,3.359,2.941,3.359,2.941,1.463,33.56,0.3356,4.423,0.000,33.56,33.56,0.00,0,0,-2.40627,33.56,33.56,0.00,0,0,30.91,0.00,2.65,3.43,0.61,1.000,1.092,2.65,1,60.00,1,37.09,34.81,2.28,2.612,2.853,2.900,-0.014,1.180,33.56,33,0.0996
92023,2.740,2.697,3.483,3.081,3.483,3.081,1.407,34.67,0.3467,4.518,0.000,34.67,34.67,0.00,0,0,-2.44123,34.67,34.67,0.00,0,0,31.41,0.00,3.26,3.81,0.69,1.000,1.104,3.26,1,60.00,1,37.70,35.40,2.30,2.747,2.990,2.910,-0.005,1.123,34.67,35,-0.3745
92149,2.868,2.837,3.608,3.226,3.608,3.226,1.734,35.95,0.3595,4.600,0.000,35.95,35.95,0.00,0,0,-2.47533,35.95,35.95,0.00,0,0,31.96,0.00,3.99,5.35,0.77,1.000,1.116,3.99,1,60.00,1,40.15,37.79,2.36,2.893,3.166,2.889,-0.017,1.347,35.95,36,0.4358
92277,3.022,2.975,3.739,3.370,3.739,3.370,1.675,37.14,0.3714,4.697,0.000,37.14,37.14,0.00,0,0,-2.51073,37.14,37.14,0.00,0,0,32.53,0.00,4.60,5.77,0.84,1.000,1.126,4.60,1,60.00,1,40.84,38.46,2.37,3.031,3.305,2.907,-0.001,1.283,37.14,38,-0.3791
92404,3.209,3.153,4.008,3.536,4.008,3.536,1.689,38.37,0.3837,4.800,0.000,38.37,38.37,0.00,0,0,-2.54606,38.37,38.37,0.00,0,0,32.77,0.00,5.61,6.44,0.91,1.000,1.136,5.61,1,60.00,1,41.76,39.46,2.30,3.210,3.488,2.898,0.001,1.179,38.37,38,0.1476
92530,3.405,3.357,4.148,3.707,4.148,3.707,2.012,38.98,0.3898,4.870,0.000,38.98,38.98,0.00,0,0,-2.57805,38.98,38.98,0.00,0,0,32.47,0.00,6.51,8.00,0.96,1.000,1.144,6.51,1,60.00,1,43.46,41.33,2.13,3.419,3.720,2.797,-0.004,1.209,38.98,39,0.0400
92658,3.561,3.530,4.290,3.910,4.290,3.910,1.715,40.82,0.4082,4.963,0.000,40.82,40.82,0.00,0,0,-2.62065,40.82,40.82,0.00,0,0,33.91,0.00,6.91,7.51,1.00,1.000,1.149,6.91,1,60.00,1,43.35,41.09,2.26,3.591,3.885,2.756,-0.022,1.040,40.82,40,0.4999
92786,3.769,3.714,4.585,4.070,4.585,4.070,1.797,41.25,0.4125,5.026,0.000,41.25,41.25,0.00,0,0,-2.65301,41.25,41.25,0.00,0,0,33.94,0.00,7.31,8.00,1.00,1.000,1.150,7.31,1,60.00,1,44.17,42.04,2.13,3.775,4.070,2.758,-0.002,0.986,41.25,41,0.3833
92910,4.006,3.932,4.737,4.242,4.737,4.242,1.735,41.10,0.4110,5.058,0.000,41.10,41.10,0.00,0,0,-2.68263,41.10,41.10,0.00,0,0,33.49,0.00,7.60,7.88,1.00,1.000,1.150,7.60,1,60.00,1,43.50,41.65,1.85,3.991,4.274,2.673,0.018,0.733,41.10,41,0.1874
93037,4.135,4.090,4.892,4.421,4.892,4.421,2.137,42.46,0.4246,5.081,0.000,42.46,42.46,0.00,0,0,-2.71144,42.46,42.46,0.00,0,0,34.68,0.00,7.78,8.00,1.00,1.000,1.150,7.78,1,60.00,1,46.64,44.63,2.01,4.157,4.477,2.607,-0.013,1.070,42.46,43,-0.0686
93161,4.274,4.224,5.050,4.615,5.050,4.615,2.144,44.71,0.4471,5.145,0.000,44.71,44.71,0.00,0,0,-2.74518,44.71,44.71,0.00,0,0,36.82,0.00,7.88,8.00,1.00,1.000,1.150,7.88,1,60.00,1,48.92,46.57,2.35,4.293,4.628,2.668,-0.016,1.348,44.71,45,0.0745
93289,4.532,4.467,5.361,4.814,5.361,4.814,1.997,44.61,0.4461,5.178,0.000,44.61,44.61,0.00,0,0,-2.77717,44.61,44.61,0.00,0,0,36.68,0.00,7.94,8.00,1.00,1.000,1.150,7.94,1,60.00,1,47.97,45.90,2.08,4.532,4.847,2.601,0.003,1.009,44.61,45,-0.3687
93413,4.745,4.690,5.511,5.011,5.511,5.011,2.297,44.90,0.4490,5.175,0.000,44.90,44.90,0.00,0,0,-2.80579,44.90,44.90,0.00,0,0,36.94,0.00,7.97,8.00,1.00,1.000,1.150,7.97,1,60.00,1,49.58,47.63,1.95,4.760,5.095,2.458,-0.005,1.104,44.90,45,0.2789
93538,4.911,4.848,5.660,5.197,5.660,5.197,2.127,46.44,0.4644,5.191,0.000,46.44,46.44,0.00,0,0,-2.83670,46.44,46.44,0.00,0,0,38.45,0.00,7.98,8.00,1.00,1.000,1.150,7.98,1,60.00,1,49.93,47.84,2.09,4.917,5.250,2.428,0.003,1.038,46.44,46,0.3179
93661,5.095,5.043,5.804,5.385,5.804,5.385,2.070,47.24,0.4724,5.204,0.000,47.24,47.24,0.00,0,0,-2.86757,47.24,47.24,0.00,0,0,39.25,0.00,7.99,8.00,1.00,1.000,1.150,7.99,1,60.00,1,50.35,48.31,2.05,5.111,5.439,2.402,-0.012,0.955,47.24,47,0.1381
93793,5.328,5.262,6.083,5.573,6.083,5.573,1.884,47.84,0.4784,5.206,0.000,47.84,47.84,0.00,0,0,-2.89724,47.84,47.84,0.00,0,0,39.84,0.00,7.99,8.00,1.00,1.000,1.150,7.99,1,60.00,1,49.59,47.75,1.84,5.327,5.639,2.344,0.004,0.680,47.84,47,0.4072
93917,5.500,5.456,6.217,5.757,6.217,5.757,2.122,48.84,0.4884,5.193,0.000,48.84,48.84,0.00,0,0,-2.92315,48.84,48.84,0.00,0,0,40.84,0.00,8.00,8.00,1.00,1.000,1.150,8.00,1,60.00,1,51.63,49.84,1.80,5.525,5.856,2.255,-0.017,0.749,48.84,48,0.4515
94045,5.744,5.665,6.348,5.927,6.348,5.927,1.940,49.56,0.4956,5.185,0.000,49.56,49.56,0.00,0,0,-2.94872,49.56,49.56,0.00,0,0,41.56,0.00,8.00,8.00,1.00,1.000,1.150,8.00,1,60.00,1,50.95,49.40,1.55,5.730,6.044,2.220,0.024,0.483,49.56,50,-0.3223
94170,5.946,5.874,6.479,6.098,6.479,6.098,1.881,50.25,0.5025,5.164,0.000,50.25,50.25,0.00,0,0,-2.97031,50.25,50.25,0.00,0,0,42.26,0.00,8.00,8.00,1.00,1.000,1.150,8.00,1,60.00,1,50.87,49.55,1.31,5.938,6.246,2.152,0.013,0.324,50.25,50,-0.1656
94300,6.101,6.051,6.725,6.268,6.725,6.268,1.695,51.26,0.5126,5.141,0.000,51.26,51.26,0.00,0,0,-2.99013,51.26,51.26,0.00,0,0,43.26,0.00,8.00,8.00,1.00,1.000,1.150,8.00,1,60.00,1,50.41,49.16,1.25,6.112,6.408,2.112,-0.009,0.267,51.26,52,-0.3212
94428,6.293,6.245,6.844,6.432,6.844,6.432,1.899,52.01,0.5201,5.113,0.000,52.01,52.01,0.00,0,0,-3.00706,52.01,52.01,0.00,0,0,44.01,0.00,8.00,8.00,1.00,1.000,1.150,8.00,1,60.00,1,52.30,51.21,1.09,6.309,6.615,2.075,-0.008,0.222,52.01,52,-0.3127
94558,6.542,6.466,6.958,6.597,6.958,6.597,1.789,52.48,0.5248,5.077,0.000,52.48,52.48,0.00,0,0,-3.02081,52.48,52.48,0.00,0,0,44.48,0.00,8.00,8.00,1.00,1.000,1.150,8.00,1,60.00,1,51.70,50.95,0.75,6.527,6.818,2.024,0.019,0.101,52.48,53,-0.2206
94687,6.716,6.666,7.181,6.745,7.181,6.745,1.614,52.86,0.5286,5.025,0.000,52.86,52.86,0.00,0,0,-3.02915,52.86,52.86,0.00,0,0,44.86,0.00,8.00,8.00,1.00,1.000,1.150,8.00,1,60.00,1,50.40,49.97,0.43,6.723,6.998,1.942,-0.003,0.093,52.86,53,-0.1193
94818,6.867,6.822,7.287,6.891,7.287,6.891,1.467,53.66,0.5366,4.976,0.000,53.66,53.66,0.00,0,0,-3.03594,53.66,53.66,0.00,0,0,45.66,0.00,8.00,8.00,1.00,1.000,1.150,8.00,1,60.00,1,50.06,49.71,0.35,6.877,7.141,1.928,-0.009,0.165,53.66,53,0.2104
94945,7.033,6.986,7.390,7.034,7.390,7.034,1.643,54.32,0.5432,4.927,0.000,54.32,54.32,0.00,0,0,-3.04065,54.32,54.32,0.00,0,0,46.32,0.00,8.00,8.00,1.00,1.000,1.150,8.00,0,255.00,1,52.07,51.82,0.25,7.042,7.311,1.944,-0.002,0.066,54.32,54,0.4152
95076,7.209,7.184,7.489,7.217,7.489,7.217,1.376,55.29,0.5529,4.860,0.000,55.29,55.29,0.00,0,0,-3.04366,55.29,55.29,0.00,0,0,47.29,0.00,8.00,8.00,1.00,1.000,1.150,8.00,0,255.00,1,51.26,51.11,0.14,7.235,7.482,1.975,-0.026,0.197,55.29,56,-0.4252
95206,7.395,7.349,7.680,7.332,7.680,7.332,1.260,55.42,0.5542,4.810,0.000,55.42,55.42,0.00,0,0,-3.04390,55.42,55.42,0.00,0,0,47.44,0.00,7.98,8.00,1.00,1.000,1.150,7.98,0,255.00,1,50.74,50.90,-0.16,7.396,7.623,2.023,0.002,0.285,55.42,56,-0.2278
95332,7.556,7.519,7.769,7.457,7.769,7.457,1.442,55.61,0.5561,4.743,0.000,55.61,55.61,0.00,0,0,-3.03853,55.61,55.61,0.00,0,0,47.63,0.00,7.99,8.00,1.00,0.988,1.149,7.99,0,255.00,1,52.23,52.65,-0.41,7.568,7.798,1.998,-0.006,0.185,55.61,56,0.0090
95459,7.672,7.634,7.857,7.582,7.857,7.582,1.363,56.46,0.5646,4.687,0.000,56.46,56.46,0.00,0,0,-3.03341,56.46,56.46,0.00,0,0,48.47,0.00,7.99,8.00,0.96,0.999,1.145,7.99,0,255.00,1,52.81,53.17,-0.35,7.681,7.904,2.044,-0.007,0.200,56.46,57,-0.4981
95588,7.814,7.776,8.021,7.694,8.021,7.694,1.223,56.58,0.5658,4.632,0.000,56.58,56.58,0.00,0,0,-3.02710,56.58,56.58,0.00,0,0,48.78,0.00,7.80,7.11,0.91,0.933,1.137,7.80,0,255.00,1,52.22,52.75,-0.53,7.818,8.023,2.091,-0.002,0.311,56.58,56,0.3167
95713,7.920,7.894,8.099,7.804,8.099,7.804,1.099,56.48,0.5648,4.568,0.000,56.48,56.48,0.00,0,0,-3.01915,56.48,56.48,0.00,0,0,49.30,0.00,7.18,5.72,0.84,0.898,1.126,7.18,0,255.00,1,51.68,52.26,-0.58,7.933,8.122,2.124,-0.013,0.377,56.48,56,0.1432
95839,7.976,7.969,8.173,7.936,8.173,7.936,1.092,57.10,0.5710,4.491,0.000,57.10,57.10,0.00,0,0,-3.01159,57.10,57.10,0.00,0,0,50.77,0.00,6.33,5.60,0.74,1.000,1.111,6.33,0,255.00,1,53.64,53.88,-0.23,8.008,8.191,2.276,-0.029,0.165,57.10,57,0.1725
95963,8.075,8.048,8.244,8.032,8.244,8.032,1.049,57.37,0.5737,4.446,0.000,57.37,57.37,0.00,0,0,-3.00943,57.37,57.37,0.00,0,0,51.63,0.00,5.74,4.79,0.66,1.000,1.098,5.74,0,255.00,1,54.80,54.93,-0.13,8.084,8.256,2.430,-0.008,0.087,57.37,57,-0.1000
96089,8.209,8.173,8.312,8.126,8.312,8.126,0.943,56.99,0.5699,4.391,0.000,56.99,56.99,0.00,0,0,-3.00585,56.99,56.99,0.00,0,0,51.91,0.00,5.08,3.75,0.57,1.000,1.085,5.08,0,255.00,1,54.22,54.52,-0.31,8.205,8.358,2.487,0.006,0.120,56.99,57,0.3463
96214,8.239,8.228,8.438,8.210,8.438,8.210,0.841,57.13,0.5713,4.336,0.000,57.13,57.13,0.00,0,0,-3.00301,57.13,57.13,0.00,0,0,52.86,0.00,4.27,2.89,0.49,1.000,1.074,4.27,0,255.00,1,54.32,54.45,-0.14,8.258,8.401,2.553,-0.019,0.105,57.13,58,-0.4353
96345,8.239,8.237,8.496,8.292,8.496,8.292,0.942,58.02,0.5802,4.301,0.000,58.02,58.02,0.00,0,0,-3.00586,58.02,58.02,0.00,0,0,54.42,0.00,3.59,2.74,0.41,1.000,1.062,3.59,0,255.00,1,57.50,57.19,0.31,8.269,8.417,2.721,-0.029,0.021,58.02,58,-0.2982
96470,8.327,8.304,8.551,8.373,8.551,8.373,0.881,58.37,0.5837,4.276,0.000,58.37,58.37,0.00,0,0,-3.01173,58.37,58.37,0.00,0,0,55.36,0.00,3.00,2.11,0.34,1.000,1.051,3.00,0,255.00,1,58.50,58.09,0.41,8.333,8.469,2.863,-0.005,0.033,58.37,58,0.4523
96603,8.488,8.443,8.652,8.471,8.652,8.471,0.675,58.02,0.5802,4.231,0.000,58.02,58.02,0.00,0,0,-3.01815,58.02,58.02,0.00,0,0,55.81,0.00,2.21,1.22,0.26,1.000,1.034,2.21,0,255.00,1,56.91,56.76,0.15,8.466,8.577,2.907,0.025,0.018,58.02,58,-0.2445
96728,8.497,8.497,8.696,8.536,8.696,8.536,0.742,58.25,0.5825,4.184,0.000,58.25,58.25,0.00,0,0,-3.02030,58.25,58.25,0.00,0,0,56.54,0.00,1.71,1.07,0.20,1.000,1.030,1.71,0,255.00,1,57.86,57.63,0.22,8.521,8.637,2.884,-0.023,0.011,58.25,58,-0.1959
96859,8.487,8.489,8.740,8.600,8.740,8.600,0.694,59.42,0.5942,4.164,0.000,59.42,59.42,0.00,0,0,-3.02774,59.42,59.42,0.00,0,0,58.10,0.00,1.32,0.77,0.16,1.000,1.022,1.32,0,255.00,1,59.50,58.86,0.65,8.514,8.631,2.996,-0.027,0.078,59.42,60,-0.3126
96989,8.647,8.591,8.814,8.656,8.814,8.656,0.609,59.22,0.5922,4.148,0.000,59.22,59.22,0.00,0,0,-3.03653,59.22,59.22,0.00,0,0,58.24,0.00,0.98,0.52,0.12,1.000,1.014,0.98,0,255.00,1,59.11,58.73,0.38,8.611,8.710,3.072,0.039,0.027,59.22,59,0.1555
97114,8.668,8.663,8.848,8.713,8.848,8.713,0.633,59.36,0.5936,4.113,0.000,59.36,59.36,0.00,0,0,-3.04048,59.36,59.36,0.00,0,0,58.64,0.00,0.73,0.39,0.09,1.000,1.010,0.73,0,255.00,1,59.27,58.98,0.29,8.684,8.783,3.026,-0.014,0.016,59.36,60,-0.3187
97239,8.675,8.669,8.877,8.762,8.877,8.762,0.541,60.27,0.6027,4.097,0.000,60.27,60.27,0.00,0,0,-3.04758,60.27,60.27,0.00,0,0,59.76,0.00,0.51,0.23,0.06,1.000,1.005,0.51,0,255.00,1,59.80,59.26,0.54,8.689,8.785,3.087,-0.013,0.053,60.27,61,-0.4249
97370,8.761,8.750,8.904,8.820,8.904,8.820,0.427,60.53,0.6053,4.078,0.000,60.53,60.53,0.00,0,0,-3.05729,60.53,60.53,0.00,0,0,60.22,0.00,0.31,0.11,0.04,1.000,1.002,0.31,0,255.00,1,59.37,58.97,0.40,8.767,8.849,3.144,-0.006,0.040,60.53,60,0.4496
97496,8.779,8.782,8.947,8.863,8.947,8.863,0.322,61.12,0.6112,4.060,0.000,61.12,61.12,0.00,0,0,-3.06565,61.12,61.12,0.00,0,0,60.95,0.00,0.17,0.05,0.02,1.000,1.000,0.17,0,255.00,1,59.34,58.88,0.46,8.797,8.870,3.200,-0.018,0.068,61.12,61,-0.3420
97625,8.862,8.839,8.963,8.893,8.963,8.893,0.329,61.14,0.6114,4.050,0.000,61.14,61.14,0.00,0,0,-3.07192,61.14,61.14,0.00,0,0,61.03,0.00,0.11,0.03,0.01,1.000,1.000,0.11,0,255.00,1,59.72,59.42,0.30,8.853,8.920,3.246,0.011,0.036,61.14,61,0.2975
97749,8.854,8.854,8.977,8.926,8.977,8.926,0.254,61.76,0.6176,4.035,0.000,61.76,61.76,0.00,0,0,-3.07880,61.76,61.76,0.00,0,0,61.70,0.00,0.06,0.01,0.01,1.000,1.000,0.06,0,255.00,1,59.99,59.59,0.40,8.867,8.929,3.305,-0.014,0.059,61.76,62,0.0148
97881,8.919,8.901,8.995,8.946,8.995,8.946,0.210,61.72,0.6172,4.029,0.000,61.72,61.72,0.00,0,0,-3.08419,61.72,61.72,0.00,0,0,61.69,0.00,0.03,0.01,0.00,1.000,1.000,0.03,0,255.00,1,59.85,59.61,0.24,8.912,8.964,3.359,0.008,0.048,61.72,61,0.4619
98006,8.905,8.904,8.999,8.963,8.999,8.963,0.164,62.14,0.6214,4.022,0.000,62.14,62.14,0.00,0,0,-3.08901,62.14,62.14,0.00,0,0,62.12,0.00,0.02,0.00,0.00,1.000,1.000,0.02,0,255.00,1,60.18,59.86,0.33,8.914,8.962,3.414,-0.010,0.059,62.14,62,0.4454
98137,8.942,8.940,9.000,8.975,9.000,8.975,0.124,62.05,0.6205,4.013,0.000,62.05,62.05,0.00,0,0,-3.09247,62.05,62.05,0.00,0,0,62.04,0.00,0.01,0.00,0.00,1.000,1.000,0.01,0,255.00,1,59.88,59.69,0.19,8.948,8.988,3.445,-0.006,0.059,62.05,63,-0.4888
98262,8.955,8.942,8.728,8.930,8.728,8.930,-0.895,61.02,0.6102,4.000,0.000,61.02,61.02,0.00,0,0,-3.09438,61.02,61.02,0.00,0,0,61.02,0.00,0.01,0.00,0.00,1.000,1.000,0.01,0,255.00,1,49.14,49.33,-0.19,8.935,8.898,3.504,0.018,1.774,61.02,61,-0.4009
98395,8.902,8.920,8.614,8.843,8.614,8.843,-0.872,59.25,0.5925,3.960,0.000,59.25,59.25,0.00,0,0,-3.08868,59.25,59.25,0.00,0,0,59.24,0.00,0.00,0.00,0.00,1.000,1.000,0.00,0,255.00,1,48.07,48.64,-0.56,8.910,8.863,3.549,-0.009,1.675,59.25,59,-0.2206
98520,8.796,8.829,8.558,8.761,8.558,8.761,-0.941,58.44,0.5844,3.926,0.000,58.44,58.44,0.00,0,0,-3.08192,58.44,58.44,0.00,0,0,58.44,0.00,0.00,0.00,0.00,1.000,1.000,0.00,0,255.00,1,47.83,48.33,-0.51,8.817,8.758,3.703,-0.026,1.504,58.44,59,-0.2770
98651,8.682,8.715,8.501,8.686,8.501,8.686,-0.853,58.14,0.5814,3.912,0.000,58.14,58.14,0.00,0,0,-3.07820,58.14,58.14,0.00,0,0,58.14,0.00,0.00,0.00,0.00,1.000,1.000,0.00,0,255.00,1,50.28,50.53,-0.25,8.702,8.640,3.963,-0.025,0.802,58.14,58,0.4521
98775,8.632,8.643,8.445,8.611,8.445,8.611,-0.820,57.39,0.5739,3.908,0.000,57.39,57.39,0.00,0,0,-3.07604,57.39,57.39,0.00,0,0,57.39,0.00,0.00,0.00,0.00,1.000,1.000,0.00,0,255.00,1,51.56,51.81,-0.25,8.627,8.553,4.211,0.004,0.451,57.39,58,-0.3620
98905,8.608,8.616,8.333,8.536,8.333,8.536,-0.747,56.03,0.5603,3.889,0.000,56.03,56.03,0.00,0,0,-3.07002,56.03,56.03,0.00,0,0,56.03,0.00,0.00,0.00,0.00,1.000,1.000,0.00,0,255.00,1,51.71,52.22,-0.51,8.598,8.515,4.326,0.009,0.308,56.03,56,-0.0862
99030,8.435,8.492,8.279,8.463,8.279,8.463,-0.848,55.92,0.5592,3.880,0.000,55.92,55.92,0.00,0,0,-3.06507,55.92,55.92,0.00,0,0,55.92,0.00,0.00,0.00,0.00,1.000,1.000,0.00,0,255.00,1,51.68,51.89,-0.21,8.473,8.383,4.469,-0.045,0.244,55.92,56,0.4121
99160,8.343,8.376,8.223,8.395,8.223,8.395,-0.787,55.90,0.5590,3.893,0.000,55.90,55.90,0.00,0,0,-3.06515,55.90,55.90,0.00,0,0,55.90,0.00,0.00,0.00,0.00,1.000,1.000,0.00,0,255.00,1,53.63,53.55,0.08,8.357,8.267,4.682,-0.019,0.063,55.90,56,0.0525
99288,8.297,8.316,8.114,8.319,8.114,8.319,-0.763,55.10,0.5510,3.906,0.000,55.10,55.10,0.00,0,0,-3.06556,55.10,55.10,0.00,0,0,55.10,0.00,0.00,0.00,0.00,1.000,1.000,0.00,0,255.00,1,53.91,53.91,0.01,8.295,8.196,4.823,0.001,0.018,55.10,55,-0.0124
99419,8.228,8.250,8.061,8.245,8.061,8.245,-0.850,54.40,0.5440,3.915,0.000,54.40,54.40,0.00,0,0,-3.06564,54.40,54.40,0.00,0,0,54.40,0.00,0.00,0.00,0.00,1.000,1.000,0.00,0,255.00,1,52.93,52.98,-0.04,8.227,8.117,4.903,-0.003,0.029,54.40,54,0.0128
99546,8.131,8.164,8.006,8.177,8.006,8.177,-0.784,54.08,0.5408,3.925,0.000,54.08,54.08,0.00,0,0,-3.06593,54.08,54.08,0.00,0,0,54.08,0.00,0.00,0.00,0.00,1.000,1.000,0.00,0,255.00,1,53.55,53.48,0.07,8.141,8.036,4.963,-0.014,0.004,54.08,54,0.4153
99675,8.039,8.059,7.953,8.107,7.953,8.107,-0.762,54.01,0.5401,3.948,0.000,54.01,54.01,0.00,0,0,-3.06977,54.01,54.01,0.00,0,0,54.01,0.00,0.00,0.00,0.00,1.000,1.000,0.00,0,255.00,1,54.30,54.01,0.29,8.037,7.933,5.071,0.001,0.015,54.01,54,-0.2936
99800,7.991,7.997,7.847,8.037,7.847,8.037,-0.701,53.46,0.5346,3.971,0.000,53.46,53.46,0.00,0,0,-3.07428,53.46,53.46,0.00,0,0,53.46,0.00,0.00,0.00,0.00,1.000,1.000,0.00,0,255.00,1,54.60,54.35,0.25,7.975,7.870,5.137,0.016,0.029,53.46,54,-0.1691
99932,7.910,7.933,7.794,7.969,7.794,7.969,-0.801,52.93,0.5293,3.985,0.000,52.93,52.93,0.00,0,0,-3.07737,52.93,52.93,0.00,0,0,52.93,0.00,0.00,0.00,0.00,1.000,1.000,0.00,0,255.00,1,53.17,52.96,0.21,7.910,7.798,5.139,-0.003,0.008,52.93,53,0.0499
100056,7.795,7.826,7.742,7.898,7.742,7.898,-0.772,52.91,0.5291,4.006,0.000,52.91,52.91,0.00,0,0,-3.08254,52.91,52.91,0.00,0,0,52.91,0.00,0.00,0.00,0.00,1.000,1.000,0.00,0,255.00,1,53.64,53.21,0.43,7.804,7.698,5.187,-0.011,0.041,52.91,53,-0.3106
100185,7.710,7.742,7.689,7.833,7.689,7.833,-0.713,52.76,0.5276,4.034,0.000,52.76,52.76,0.00,0,0,-3.08994,52.76,52.76,0.00,0,0,52.76,0.00,0.00,0.00,0.00,1.000,1.000,0.00,0,255.00,1,54.27,53.72,0.55,7.721,7.620,5.248,-0.014,0.089,52.76,53,0.0312
100309,7.671,7.685,7.587,7.768,7.587,7.768,-0.657,52.32,0.5232,4.061,0.000,52.32,52.32,0.00,0,0,-3.09780,52.32,52.32,0.00,0,0,52.32,0.00,0.00,0.00,0.00,1.000,1.000,0.00,0,255.00,1,54.36,53.85,0.51,7.664,7.564,5.277,0.006,0.107,52.32,52,0.4811
100440,7.632,7.641,7.535,7.702,7.535,7.702,-0.766,51.73,0.5173,4.079,0.000,51.73,51.73,0.00,0,0,-3.10428,51.73,51.73,0.00,0,0,51.73,0.00,0.00,0.00,0.00,1.000,1.000,0.00,0,255.00,1,52.62,52.25,0.37,7.619,7.510,5.250,0.011,0.036,51.73,51,0.3984
100565,7.577,7.592,7.484,7.635,7.484,7.635,-0.744,51.12,0.5112,4.086,0.000,51.12,51.12,0.00,0,0,-3.10853,51.12,51.12,0.00,0,0,51.12,0.00,0.00,0.00,0.00,1.000,1.000,0.00,0,255.00,1,51.77,51.51,0.26,7.570,7.464,5.190,0.006,0.018,51.12,51,0.3213
100695,7.448,7.480,7.434,7.559,7.434,7.559,-0.617,51.12,0.5112,4.103,0.000,51.12,51.12,0.00,0,0,-3.11574,51.12,51.12,0.00,0,0,51.12,0.00,0.00,0.00,0.00,1.000,1.000,0.00,0,255.00,1,52.65,52.16,0.48,7.461,7.371,5.176,-0.015,0.077,51.12,52,-0.4694
100823,7.339,7.363,7.333,7.496,7.333,7.496,-0.745,51.43,0.5143,4.138,0.000,51.43,51.43,0.00,0,0,-3.12670,51.43,51.43,0.00,0,0,51.43,0.00,0.00,0.00,0.00,1.000,1.000,0.00,0,255.00,1,52.47,51.68,0.79,7.344,7.249,5.278,-0.009,0.127,51.43,52,-0.2662
100954,7.366,7.363,7.283,7.430,7.283,7.430,-0.725,50.43,0.5043,4.158,0.000,50.43,50.43,0.00,0,0,-3.13525,50.43,50.43,0.00,0,0,50.43,0.00,0.00,0.00,0.00,1.000,1.000,0.00,0,255.00,1,51.40,50.99,0.41,7.341,7.239,5.267,0.025,0.043,50.43,50,0.2498
101080,7.321,7.339,7.234,7.369,7.234,7.369,-0.667,49.68,0.4968,4.155,0.000,49.68,49.68,0.00,0,0,-3.13840,49.68,49.68,0.00,0,0,49.68,0.00,0.00,0.00,0.00,1.000,1.000,0.00,0,255.00,1,50.38,50.19,0.18,7.319,7.220,5.152,0.001,0.013,49.68,50,-0.1969
101214,7.145,7.186,7.136,7.296,7.136,7.296,-0.717,50.19,0.5019,4.174,0.000,50.19,50.19,0.00,0,0,-3.14701,50.19,50.19,0.00,0,0,50.19,0.00,0.00,0.00,0.00,1.000,1.000,0.00,0,255.00,1,50.62,49.97,0.65,7.168,7.079,5.173,-0.028,0.075,50.19,50,0.4399
101340,7.128,7.134,7.087,7.237,7.087,7.237,-0.685,49.88,0.4988,4.201,0.000,49.88,49.88,0.00,0,0,-3.15697,49.88,49.88,0.00,0,0,49.88,0.00,0.00,0.00,0.00,1.000,1.000,0.00,0,255.00,1,50.80,50.20,0.61,7.116,7.025,5.237,0.010,0.080,49.88,50,-0.4177
101468,7.110,7.116,7.039,7.176,7.039,7.176,-0.674,49.15,0.4915,4.211,0.000,49.15,49.15,0.00,0,0,-3.16358,49.15,49.15,0.00,0,0,49.15,0.00,0.00,0.00,0.00,1.000,1.000,0.00,0,255.00,1,49.83,49.47,0.36,7.096,7.002,5.198,0.013,0.030,49.15,49,-0.2288
101595,7.026,7.037,6.943,7.102,6.943,7.102,-0.561,48.87,0.4887,4.223,0.000,48.87,48.87,0.00,0,0,-3.17178,48.87,48.87,0.00,0,0,48.87,0.00,0.00,0.00,0.00,1.000,1.000,0.00,0,255.00,1,50.14,49.74,0.39,7.020,6.937,5.165,0.006,0.053,48.87,49,-0.1054
101725,6.913,6.956,6.895,7.044,6.895,7.044,-0.680,48.86,0.4886,4.234,0.000,48.86,48.86,0.00,0,0,-3.17809,48.86,48.86,0.00,0,0,48.86,0.00,0.00,0.00,0.00,1.000,1.000,0.00,0,255.00,1,49.19,48.67,0.52,6.938,6.852,5.161,-0.030,0.048,48.86,49,0.1531
101849,6.879,6.886,6.849,6.984,6.849,6.984,-0.666,48.73,0.4873,4.256,0.000,48.73,48.73,0.00,0,0,-3.18738,48.73,48.73,0.00,0,0,48.73,0.00,0.00,0.00,0.00,1.000,1.000,0.00,0,255.00,1,49.42,48.84,0.58,6.868,6.782,5.223,0.011,0.067,48.73,49,-0.2647
101979,6.853,6.868,6.755,6.927,6.755,6.927,-0.623,48.09,0.4809,4.264,0.000,48.09,48.09,0.00,0,0,-3.19342,48.09,48.09,0.00,0,0,48.09,0.00,0.00,0.00,0.00,1.000,1.000,0.00,0,255.00,1,48.78,48.43,0.36,6.850,6.763,5.185,0.003,0.030,48.09,48,0.4913
102104,6.791,6.793,6.708,6.854,6.708,6.854,-0.508,47.80,0.4780,4.277,0.000,47.80,47.80,0.00,0,0,-3.20194,47.80,47.80,0.00,0,0,47.80,0.00,0.00,0.00,0.00,1.000,1.000,0.00,0,255.00,1,49.20,48.83,0.38,6.777,6.699,5.177,0.015,0.056,47.80,47,0.4992
102234,6.707,6.734,6.662,6.801,6.662,6.801,-0.632,47.64,0.4764,4.284,0.000,47.64,47.64,0.00,0,0,-3.20747,47.64,47.64,0.00,0,0,47.64,0.00,0.00,0.00,0.00,1.000,1.000,0.00,0,255.00,1,47.99,47.59,0.40,6.717,6.634,5.155,-0.013,0.029,47.64,47,0.4577
102358,6.654,6.661,6.617,6.744,6.617,6.744,-0.629,47.59,0.4759,4.301,0.000,47.59,47.59,0.00,0,0,-3.21547,47.59,47.59,0.00,0,0,47.59,0.00,0.00,0.00,0.00,1.000,1.000,0.00,0,255.00,1,48.14,47.65,0.50,6.644,6.562,5.198,0.010,0.048,47.59,48,-0.4008
102493,6.603,6.619,6.526,6.691,6.526,6.691,-0.588,47.26,0.4726,4.311,0.000,47.26,47.26,0.00,0,0,-3.22191,47.26,47.26,0.00,0,0,47.26,0.00,0.00,0.00,0.00,1.000,1.000,0.00,0,255.00,1,47.99,47.56,0.43,6.602,6.522,5.190,0.000,0.042,47.26,48,-0.4161
102619,6.591,6.593,6.481,6.636,6.481,6.636,-0.556,46.73,0.4673,4.316,0.000,46.73,46.73,0.00,0,0,-3.22707,46.73,46.73,0.00,0,0,46.73,0.00,0.00,0.00,0.00,1.000,1.000,0.00,0,255.00,1,47.44,47.18,0.26,6.576,6.496,5.161,0.015,0.020,46.73,46,0.4459
102747,6.485,6.498,6.436,6.557,6.436,6.557,-0.610,46.55,0.4655,4.324,0.000,46.55,46.55,0.00,0,0,-3.23384,46.55,46.55,0.00,0,0,46.55,0.00,0.00,0.00,0.00,1.000,1.000,0.00,0,255.00,1,46.86,46.51,0.35,6.481,6.400,5.163,0.003,0.022,46.55,47,0.0493
102871,6.423,6.445,6.393,6.506,6.393,6.506,-0.558,46.37,0.4637,4.331,0.000,46.37,46.37,0.00,0,0,-3.23890,46.37,46.37,0.00,0,0,46.37,0.00,0.00,0.00,0.00,1.000,1.000,0.00,0,255.00,1,47.01,46.64,0.37,6.429,6.352,5.167,-0.008,0.030,46.37,46,0.2152
103002,6.386,6.396,6.305,6.453,6.305,6.453,-0.532,46.12,0.4612,4.340,0.000,46.12,46.12,0.00,0,0,-3.24448,46.12,46.12,0.00,0,0,46.12,0.00,0.00,0.00,0.00,1.000,1.000,0.00,0,255.00,1,46.94,46.60,0.34,6.381,6.305,5.180,0.005,0.032,46.12,46,-0.0822
103126,6.322,6.339,6.261,6.400,6.261,6.400,-0.632,45.94,0.4594,4.348,0.000,45.94,45.94,0.00,0,0,-3.24966,45.94,45.94,0.00,0,0,45.94,0.00,0.00,0.00,0.00,1.000,1.000,0.00,0,255.00,1,46.06,45.71,0.36,6.322,6.240,5.183,-0.002,0.021,45.94,46,-0.1334
103256,6.264,6.290,6.218,6.348,6.218,6.348,-0.595,45.71,0.4571,4.356,0.000,45.71,45.71,0.00,0,0,-3.25460,45.71,45.71,0.00,0,0,45.71,0.00,0.00,0.00,0.00,1.000,1.000,0.00,0,255.00,1,46.03,45.68,0.34,6.273,6.194,5.181,-0.013,0.022,45.71,46,0.1114
103380,6.249,6.252,6.175,6.283,6.175,6.283,-0.533,45.19,0.4519,4.363,0.000,45.19,45.19,0.00,0,0,-3.26062,45.19,45.19,0.00,0,0,45.19,0.00,0.00,0.00,0.00,1.000,1.000,0.00,0,255.00,1,45.72,45.53,0.19,6.236,6.159,5.160,0.013,0.011,45.19,45,0.0367
103515,6.170,6.179,6.090,6.219,6.090,6.219,-0.446,45.01,0.4501,4.365,0.000,45.01,45.01,0.00,0,0,-3.26495,45.01,45.01,0.00,0,0,45.01,0.00,0.00,0.00,0.00,1.000,1.000,0.00,0,255.00,1,45.97,45.72,0.25,6.165,6.096,5.133,0.005,0.025,45.01,45,0.2762
103639,6.089,6.113,6.048,6.172,6.048,6.172,-0.563,45.02,0.4502,4.373,0.000,45.02,45.02,0.00,0,0,-3.26929,45.02,45.02,0.00,0,0,45.02,0.00,0.00,0.00,0.00,1.000,1.000,0.00,0,255.00,1,45.24,44.89,0.35,6.098,6.025,5.144,-0.013,0.021,45.02,45,0.1833
103768,6.052,6.062,6.006,6.106,6.006,6.106,-0.506,44.61,0.4461,4.381,0.000,44.61,44.61,0.00,0,0,-3.27467,44.61,44.61,0.00,0,0,44.61,0.00,0.00,0.00,0.00,1.000,1.000,0.00,0,255.00,1,45.14,44.87,0.26,6.047,5.976,5.145,0.004,0.017,44.61,45,0.0331
103892,6.030,6.038,5.924,6.059,5.924,6.059,-0.475,44.18,0.4418,4.381,0.000,44.18,44.18,0.00,0,0,-3.27702,44.18,44.18,0.00,0,0,44.18,0.00,0.00,0.00,0.00,1.000,1.000,0.00,0,255.00,1,44.70,44.57,0.13,6.023,5.952,5.112,0.006,0.007,44.18,44,-0.0763
104023,5.956,5.968,5.883,5.998,5.883,5.998,-0.522,44.03,0.4403,4.385,0.000,44.03,44.03,0.00,0,0,-3.28095,44.03,44.03,0.00,0,0,44.03,0.00,0.00,0.00,0.00,1.000,1.000,0.00,0,255.00,1,44.21,44.03,0.18,5.953,5.881,5.109,0.001,0.006,44.03,44,0.4908
104148,5.907,5.909,5.842,5.945,5.842,5.945,-0.460,43.89,0.4389,4.396,0.000,43.89,43.89,0.00,0,0,-3.28618,43.89,43.89,0.00,0,0,43.89,0.00,0.00,0.00,0.00,1.000,1.000,0.00,0,255.00,1,44.49,44.27,0.22,5.895,5.828,5.123,0.010,0.014,43.89,44,-0.3735
104278,5.868,5.876,5.802,5.902,5.802,5.902,-0.488,43.61,0.4361,4.398,0.000,43.61,43.61,0.00,0,0,-3.28875,43.61,43.61,0.00,0,0,43.61,0.00,0.00,0.00,0.00,1.000,1.000,0.00,0,255.00,1,43.87,43.72,0.15,5.862,5.793,5.095,0.005,0.005,43.61,44,-0.2499
104403,5.821,5.838,5.722,5.855,5.722,5.855,-0.470,43.33,0.4333,4.396,0.000,43.33,43.33,0.00,0,0,-3.29003,43.33,43.33,0.00,0,0,43.33,0.00,0.00,0.00,0.00,1.000,1.000,0.00,0,255.00,1,43.52,43.42,0.10,5.824,5.757,5.062,-0.004,0.002,43.33,43,-0.1405
104534,5.753,5.771,5.683,5.795,5.683,5.795,-0.510,43.16,0.4316,4.398,0.000,43.16,43.16,0.00,0,0,-3.29263,43.16,43.16,0.00,0,0,43.16,0.00,0.00,0.00,0.00,1.000,1.000,0.00,0,255.00,1,43.10,42.96,0.14,5.757,5.688,5.067,-0.006,0.003,43.16,43,-0.2616
104658,5.704,5.726,5.644,5.753,5.644,5.753,-0.494,43.01,0.4301,4.401,0.000,43.01,43.01,0.00,0,0,-3.29462,43.01,43.01,0.00,0,0,43.01,0.00,0.00,0.00,0.00,1.000,1.000,0.00,0,255.00,1,43.05,42.89,0.16,5.713,5.645,5.070,-0.011,0.004,43.01,43,-0.2002
104787,5.653,5.676,5.605,5.708,5.605,5.708,-0.505,42.87,0.4287,4.406,0.000,42.87,42.87,0.00,0,0,-3.29699,42.87,42.87,0.00,0,0,42.87,0.00,0.00,0.00,0.00,1.000,1.000,0.00,0,255.00,1,42.89,42.70,0.18,5.662,5.595,5.083,-0.011,0.005,42.87,42,0.4549
104914,5.621,5.637,5.528,5.664,5.528,5.664,-0.484,42.67,0.4267,4.411,0.000,42.67,42.67,0.00,0,0,-3.29945,42.67,42.67,0.00,0,0,42.67,0.00,0.00,0.00,0.00,1.000,1.000,0.00,0,255.00,1,42.83,42.67,0.16,5.623,5.556,5.093,-0.003,0.005,42.67,43,-0.3718
105045,5.603,5.616,5.490,5.615,5.490,5.615,-0.574,42.19,0.4219,4.409,0.000,42.19,42.19,0.00,0,0,-3.30025,42.19,42.19,0.00,0,0,42.19,0.00,0.00,0.00,0.00,1.000,1.000,0.00,0,255.00,1,41.64,41.65,-0.01,5.600,5.524,5.068,0.001,0.004,42.19,42,-0.3017
105171,5.560,5.576,5.453,5.569,5.453,5.569,-0.532,41.92,0.4192,4.403,0.000,41.92,41.92,0.00,0,0,-3.29981,41.92,41.92,0.00,0,0,41.92,0.00,0.00,0.00,0.00,1.000,1.000,0.00,0,255.00,1,41.49,41.54,-0.05,5.561,5.488,5.041,-0.003,0.003,41.92,42,-0.2642
105303,5.474,5.503,5.415,5.517,5.415,5.517,-0.518,41.90,0.4190,4.403,0.000,41.90,41.90,0.00,0,0,-3.30039,41.90,41.90,0.00,0,0,41.90,0.00,0.00,0.00,0.00,1.000,1.000,0.00,0,255.00,1,41.68,41.60,0.08,5.489,5.419,5.065,-0.016,0.001,41.90,41,0.4162
105428,5.438,5.449,5.341,5.455,5.341,5.455,-0.522,41.57,0.4157,4.408,0.000,41.57,41.57,0.00,0,0,-3.30208,41.57,41.57,0.00,0,0,41.57,0.00,0.00,0.00,0.00,1.000,1.000,0.00,0,255.00,1,41.45,41.42,0.03,5.434,5.361,5.101,0.002,0.000,41.57,41,0.3693
105558,5.402,5.416,5.304,5.408,5.304,5.408,-0.515,41.23,0.4123,4.405,0.000,41.23,41.23,0.00,0,0,-3.30180,41.23,41.23,0.00,0,0,41.23,0.00,0.00,0.00,0.00,1.000,1.000,0.00,0,255.00,1,41.07,41.12,-0.05,5.401,5.327,5.086,-0.000,0.001,41.23,41,0.4227
105686,5.352,5.369,5.232,5.365,5.232,5.365,-0.478,41.08,0.4108,4.403,0.000,41.08,41.08,0.00,0,0,-3.30136,41.08,41.08,0.00,0,0,41.08,0.00,0.00,0.00,0.00,1.000,1.000,0.00,0,255.00,1,41.09,41.12,-0.02,5.355,5.284,5.077,-0.004,0.000,41.08,41,-0.1687
105819,5.279,5.301,5.196,5.320,5.196,5.320,-0.447,41.11,0.4111,4.405,0.000,41.11,41.11,0.00,0,0,-3.30193,41.11,41.11,0.00,0,0,41.11,0.00,0.00,0.00,0.00,1.000,1.000,0.00,0,255.00,1,41.44,41.32,0.12,5.288,5.222,5.100,-0.010,0.004,41.11,41,-0.0318
105944,5.258,5.265,5.161,5.265,5.161,5.265,-0.472,40.70,0.4070,4.408,0.000,40.70,40.70,0.00,0,0,-3.30247,40.70,40.70,0.00,0,0,40.70,0.00,0.00,0.00,0.00,1.000,1.000,0.00,0,255.00,1,40.83,40.83,-0.00,5.250,5.180,5.100,0.006,0.000,40.70,40,0.2943
106074,5.224,5.238,5.126,5.222,5.126,5.222,-0.473,40.37,0.4037,4.402,0.000,40.37,40.37,0.00,0,0,-3.30114,40.37,40.37,0.00,0,0,40.37,0.00,0.00,0.00,0.00,1.000,1.000,0.00,0,255.00,1,40.30,40.40,-0.10,5.223,5.152,5.061,-0.000,0.002,40.37,41,-0.3728
106198,5.190,5.190,5.057,5.166,5.057,5.166,-0.386,40.05,0.4005,4.397,0.000,40.05,40.05,0.00,0,0,-3.29933,40.05,40.05,0.00,0,0,40.05,0.00,0.00,0.00,0.00,1.000,1.000,0.00,0,255.00,1,40.39,40.52,-0.13,5.177,5.111,5.038,0.014,0.004,40.05,40,0.4777
106329,5.126,5.131,5.022,5.109,5.022,5.109,-0.387,39.79,0.3979,4.391,0.000,39.79,39.79,0.00,0,0,-3.29668,39.79,39.79,0.00,0,0,39.79,0.00,0.00,0.00,0.00,1.000,1.000,0.00,0,255.00,1,39.99,40.12,-0.13,5.118,5.054,5.005,0.007,0.003,39.79,40,0.1613
106454,5.076,5.086,4.989,5.072,4.989,5.072,-0.409,39.71,0.3971,4.390,0.000,39.71,39.71,0.00,0,0,-3.29559,39.71,39.71,0.00,0,0,39.71,0.00,0.00,0.00,0.00,1.000,1.000,0.00,0,255.00,1,39.77,39.85,-0.08,5.073,5.010,4.998,0.003,0.001,39.71,40,-0.4983
106589,5.020,5.040,4.922,5.037,4.922,5.037,-0.401,39.65,0.3965,4.391,0.000,39.65,39.65,0.00,0,0,-3.29489,39.65,39.65,0.00,0,0,39.65,0.00,0.00,0.00,0.00,1.000,1.000,0.00,0,255.00,1,39.77,39.79,-0.02,5.028,4.967,4.998,-0.009,0.000,39.65,39,0.4967
106715,4.998,5.010,4.888,4.998,4.888,4.998,-0.386,39.42,0.3942,4.390,0.000,39.42,39.42,0.00,0,0,-3.29392,39.42,39.42,0.00,0,0,39.42,0.00,0.00,0.00,0.00,1.000,1.000,0.00,0,255.00,1,39.59,39.65,-0.06,4.997,4.937,4.992,0.000,0.001,39.42,39,-0.0771
106847,4.973,4.974,4.855,4.958,4.855,4.958,-0.472,39.21,0.3921,4.389,0.000,39.21,39.21,0.00,0,0,-3.29274,39.21,39.21,0.00,0,0,39.21,0.00,0.00,0.00,0.00,1.000,1.000,0.00,0,255.00,1,38.85,38.95,-0.10,4.960,4.893,4.985,0.011,0.004,39.21,39,-0.2096
106975,4.942,4.942,4.791,4.917,4.791,4.917,-0.462,38.94,0.3894,4.388,0.000,38.94,38.94,0.00,0,0,-3.29154,38.94,38.94,0.00,0,0,38.94,0.00,0.00,0.00,0.00,1.000,1.000,0.00,0,255.00,1,38.62,38.77,-0.15,4.928,4.860,4.982,0.014,0.007,38.94,39,0.1337
107107,4.873,4.881,4.759,4.863,4.759,4.863,-0.369,38.78,0.3878,4.384,0.000,38.78,38.78,0.00,0,0,-3.28907,38.78,38.78,0.00,0,0,38.78,0.00,0.00,0.00,0.00,1.000,1.000,0.00,0,255.00,1,38.97,39.07,-0.10,4.869,4.809,4.977,0.003,0.002,38.78,38,0.4656
107232,4.855,4.859,4.727,4.825,4.727,4.825,-0.448,38.46,0.3846,4.378,0.000,38.46,38.46,0.00,0,0,-3.28638,38.46,38.46,0.00,0,0,38.46,0.00,0.00,0.00,0.00,1.000,1.000,0.00,0,255.00,1,38.10,38.30,-0.20,4.845,4.778,4.953,0.009,0.010,38.46,38,0.1264
107363,4.822,4.827,4.696,4.785,4.696,4.785,-0.441,38.20,0.3820,4.370,0.000,38.20,38.20,0.00,0,0,-3.28316,38.20,38.20,0.00,0,0,38.20,0.00,0.00,0.00,0.00,1.000,1.000,0.00,0,255.00,1,37.78,38.03,-0.25,4.813,4.746,4.932,0.008,0.015,38.20,38,0.0765
107491,4.744,4.768,4.634,4.748,4.634,4.748,-0.411,38.22,0.3822,4.367,0.000,38.22,38.22,0.00,0,0,-3.28069,38.22,38.22,0.00,0,0,38.22,0.00,0.00,0.00,0.00,1.000,1.000,0.00,0,255.00,1,38.06,38.18,-0.12,4.756,4.694,4.939,-0.014,0.003,38.22,39,-0.2856
107621,4.727,4.733,4.603,4.710,4.603,4.710,-0.384,38.03,0.3803,4.366,0.000,38.03,38.03,0.00,0,0,-3.27879,38.03,38.03,0.00,0,0,38.03,0.00,0.00,0.00,0.00,1.000,1.000,0.00,0,255.00,1,38.08,38.21,-0.13,4.720,4.659,4.955,0.006,0.003,38.03,38,0.0204
107748,4.716,4.716,4.573,4.671,4.573,4.671,-0.451,37.66,0.3766,4.360,0.000,37.66,37.66,0.00,0,0,-3.27560,37.66,37.66,0.00,0,0,37.66,0.00,0.00,0.00,0.00,1.000,1.000,0.00,0,255.00,1,37.22,37.49,-0.27,4.702,4.634,4.933,0.012,0.017,37.66,37,0.4355
107879,4.648,4.670,4.543,4.632,4.543,4.632,-0.437,37.53,0.3753,4.352,0.000,37.53,37.53,0.00,0,0,-3.27183,37.53,37.53,0.00,0,0,37.53,0.00,0.00,0.00,0.00,1.000,1.000,0.00,0,255.00,1,37.11,37.35,-0.23,4.657,4.591,4.914,-0.010,0.014,37.53,37,0.1183
108004,4.628,4.643,4.484,4.592,4.484,4.592,-0.399,37.22,0.3722,4.342,0.000,37.22,37.22,0.00,0,0,-3.26722,37.22,37.22,0.00,0,0,37.22,0.00,0.00,0.00,0.00,1.000,1.000,0.00,0,255.00,1,36.93,37.23,-0.30,4.629,4.565,4.891,-0.001,0.018,37.22,37,-0.0447
108134,4.602,4.609,4.455,4.553,4.455,4.553,-0.450,36.98,0.3698,4.332,0.000,36.98,36.98,0.00,0,0,-3.26240,36.98,36.98,0.00,0,0,36.98,0.00,0.00,0.00,0.00,1.000,1.000,0.00,0,255.00,1,36.36,36.70,-0.34,4.595,4.527,4.877,0.006,0.029,36.98,37,0.1574
108257,4.541,4.560,4.426,4.517,4.426,4.517,-0.416,36.91,0.3691,4.326,0.000,36.91,36.91,0.00,0,0,-3.25811,36.91,36.91,0.00,0,0,36.91,0.00,0.00,0.00,0.00,1.000,1.000,0.00,0,255.00,1,36.54,36.80,-0.26,4.547,4.482,4.881,-0.008,0.015,36.91,37,-0.0416
108390,4.523,4.524,4.370,4.469,4.370,4.469,-0.360,36.58,0.3658,4.318,0.000,36.58,36.58,0.00,0,0,-3.25249,36.58,36.58,0.00,0,0,36.58,0.00,0.00,0.00,0.00,1.000,1.000,0.00,0,255.00,1,36.51,36.83,-0.32,4.511,4.448,4.879,0.012,0.018,36.58,37,-0.0891
108516,4.465,4.484,4.342,4.436,4.342,4.436,-0.333,36.47,0.3647,4.310,0.000,36.47,36.47,0.00,0,0,-3.24769,36.47,36.47,0.00,0,0,36.47,0.00,0.00,0.00,0.00,1.000,1.000,0.00,0,255.00,1,36.50,36.79,-0.28,4.472,4.413,4.862,-0.008,0.013,36.47,36,0.3442
108646,4.444,4.451,4.314,4.402,4.314,4.402,-0.401,36.30,0.3630,4.305,0.000,36.30,36.30,0.00,0,0,-3.24339,36.30,36.30,0.00,0,0,36.30,0.00,0.00,0.00,0.00,1.000,1.000,0.00,0,255.00,1,35.97,36.26,-0.29,4.437,4.374,4.856,0.006,0.018,36.30,36,0.4316
108771,4.421,4.423,4.287,4.359,4.287,4.359,-0.353,35.94,0.3594,4.295,0.000,35.94,35.94,0.00,0,0,-3.23698,35.94,35.94,0.00,0,0,35.94,0.00,0.00,0.00,0.00,1.000,1.000,0.00,0,255.00,1,35.75,36.13,-0.38,4.410,4.348,4.827,0.011,0.026,35.94,36,-0.0792
108902,4.377,4.384,4.233,4.319,4.233,4.319,-0.300,35.72,0.3572,4.281,0.000,35.72,35.72,0.00,0,0,-3.22920,35.72,35.72,0.00,0,0,35.72,0.00,0.00,0.00,0.00,1.000,1.000,0.00,0,255.00,1,35.67,36.05,-0.38,4.372,4.316,4.781,0.004,0.024,35.72,36,0.1111
109026,4.333,4.341,4.206,4.278,4.206,4.278,-0.352,35.50,0.3550,4.268,0.000,35.50,35.50,0.00,0,0,-3.22145,35.50,35.50,0.00,0,0,35.50,0.00,0.00,0.00,0.00,1.000,1.000,0.00,0,255.00,1,35.12,35.49,-0.38,4.329,4.270,4.755,0.004,0.029,35.50,35,0.4122
109156,4.292,4.298,4.180,4.244,4.180,4.244,-0.286,35.41,0.3541,4.262,0.000,35.41,35.41,0.00,0,0,-3.21514,35.41,35.41,0.00,0,0,35.41,0.00,0.00,0.00,0.00,1.000,1.000,0.00,0,255.00,1,35.42,35.73,-0.31,4.287,4.234,4.755,0.004,0.016,35.41,35,0.3367
109280,4.279,4.278,4.154,4.211,4.154,4.211,-0.280,35.11,0.3511,4.254,0.000,35.11,35.11,0.00,0,0,-3.20842,35.11,35.11,0.00,0,0,35.11,0.00,0.00,0.00,0.00,1.000,1.000,0.00,0,255.00,1,35.03,35.42,-0.39,4.267,4.213,4.722,0.012,0.026,35.11,35,0.4266
109414,4.231,4.241,4.103,4.186,4.103,4.186,-0.282,35.07,0.3507,4.248,0.000,35.07,35.07,0.00,0,0,-3.20325,35.07,35.07,0.00,0,0,35.07,0.00,0.00,0.00,0.00,1.000,1.000,0.00,0,255.00,1,34.95,35.27,-0.32,4.231,4.180,4.700,-0.001,0.018,35.07,35,-0.2825
109541,4.190,4.197,4.078,4.146,4.078,4.146,-0.336,34.91,0.3491,4.241,0.000,34.91,34.91,0.00,0,0,-3.19689,34.91,34.91,0.00,0,0,34.91,0.00,0.00,0.00,0.00,1.000,1.000,0.00,0,255.00,1,34.51,34.81,-0.30,4.186,4.133,4.694,0.003,0.020,34.91,35,-0.4323
109670,4.176,4.179,4.054,4.118,4.054,4.118,-0.315,34.66,0.3466,4.234,0.000,34.66,34.66,0.00,0,0,-3.19152,34.66,34.66,0.00,0,0,34.66,0.00,0.00,0.00,0.00,1.000,1.000,0.00,0,255.00,1,34.31,34.68,-0.37,4.168,4.115,4.675,0.007,0.027,34.66,35,-0.2457
109803,4.123,4.143,4.005,4.091,4.005,4.091,-0.303,34.60,0.3460,4.227,0.000,34.60,34.60,0.00,0,0,-3.18636,34.60,34.60,0.00,0,0,34.60,0.00,0.00,0.00,0.00,1.000,1.000,0.00,0,255.00,1,34.32,34.63,-0.31,4.132,4.081,4.667,-0.011,0.019,34.60,35,-0.4373
109930,4.128,4.129,3.981,4.060,3.981,4.060,-0.361,34.29,0.3429,4.219,0.000,34.29,34.29,0.00,0,0,-3.18063,34.29,34.29,0.00,0,0,34.29,0.00,0.00,0.00,0.00,1.000,1.000,0.00,0,255.00,1,33.63,34.05,-0.42,4.117,4.060,4.649,0.009,0.040,34.29,35,-0.2532
110054,4.070,4.085,3.958,4.021,3.958,4.021,-0.312,34.13,0.3413,4.207,0.000,34.13,34.13,0.00,0,0,-3.17275,34.13,34.13,0.00,0,0,34.13,0.00,0.00,0.00,0.00,1.000,1.000,0.00,0,255.00,1,33.72,34.10,-0.38,4.074,4.021,4.633,-0.005,0.029,34.13,35,-0.4879
110186,4.069,4.069,3.911,3.994,3.911,3.994,-0.298,33.88,0.3388,4.197,0.000,33.88,33.88,0.00,0,0,-3.16657,33.88,33.88,0.00,0,0,33.88,0.00,0.00,0.00,0.00,1.000,1.000,0.00,0,255.00,1,33.49,33.93,-0.45,4.059,4.005,4.617,0.011,0.038,33.88,33,0.4769
110311,4.031,4.039,3.888,3.967,3.888,3.967,-0.281,33.75,0.3375,4.186,0.000,33.75,33.75,0.00,0,0,-3.15998,33.75,33.75,0.00,0,0,33.75,0.00,0.00,0.00,0.00,1.000,1.000,0.00,0,255.00,1,33.41,33.84,-0.43,4.028,3.977,4.599,0.002,0.035,33.75,34,-0.1542
110441,3.980,3.987,3.866,3.923,3.866,3.923,-0.280,33.58,0.3358,4.174,0.000,33.58,33.58,0.00,0,0,-3.15012,33.58,33.58,0.00,0,0,33.58,0.00,0.00,0.00,0.00,1.000,1.000,0.00,0,255.00,1,33.30,33.68,-0.38,3.977,3.927,4.598,0.003,0.027,33.58,33,0.1322
110565,3.983,3.978,3.844,3.899,3.844,3.899,-0.269,33.30,0.3330,4.165,0.000,33.30,33.30,0.00,0,0,-3.14384,33.30,33.30,0.00,0,0,33.30,0.00,0.00,0.00,0.00,1.000,1.000,0.00,0,255.00,1,33.01,33.48,-0.47,3.967,3.916,4.578,0.016,0.040,33.30,33,0.4387
110698,3.924,3.940,3.800,3.875,3.800,3.875,-0.262,33.29,0.3329,4.156,0.000,33.29,33.29,0.00,0,0,-3.13742,33.29,33.29,0.00,0,0,33.29,0.00,0.00,0.00,0.00,1.000,1.000,0.00,0,255.00,1,33.03,33.41,-0.38,3.930,3.882,4.560,-0.007,0.027,33.29,33,0.2748
110824,3.902,3.909,3.779,3.842,3.779,3.842,-0.286,33.08,0.3308,4.148,0.000,33.08,33.08,0.00,0,0,-3.12973,33.08,33.08,0.00,0,0,33.08,0.00,0.00,0.00,0.00,1.000,1.000,0.00,0,255.00,1,32.70,33.11,-0.40,3.899,3.849,4.555,0.002,0.032,33.08,33,-0.0061
110954,3.885,3.893,3.758,3.816,3.758,3.816,-0.285,32.85,0.3285,4.136,0.000,32.85,32.85,0.00,0,0,-3.12274,32.85,32.85,0.00,0,0,32.85,0.00,0.00,0.00,0.00,1.000,1.000,0.00,0,255.00,1,32.38,32.84,-0.46,3.883,3.832,4.524,0.002,0.042,32.85,33,-0.3256
111081,3.858,3.862,3.717,3.784,3.717,3.784,-0.240,32.65,0.3265,4.123,0.000,32.65,32.65,0.00,0,0,-3.11369,32.65,32.65,0.00,0,0,32.65,0.00,0.00,0.00,0.00,1.000,1.000,0.00,0,255.00,1,32.38,32.84,-0.46,3.852,3.805,4.503,0.006,0.038,32.65,33,-0.3613
111212,3.822,3.832,3.696,3.762,3.696,3.762,-0.227,32.58,0.3258,4.116,0.000,32.58,32.58,0.00,0,0,-3.10737,32.58,32.58,0.00,0,0,32.58,0.00,0.00,0.00,0.00,1.000,1.000,0.00,0,255.00,1,32.40,32.81,-0.41,3.822,3.777,4.498,-0.001,0.030,32.58,33,-0.4834
111338,3.792,3.808,3.677,3.738,3.677,3.738,-0.279,32.45,0.3245,4.107,0.000,32.45,32.45,0.00,0,0,-3.10078,32.45,32.45,0.00,0,0,32.45,0.00,0.00,0.00,0.00,1.000,1.000,0.00,0,255.00,1,31.98,32.40,-0.41,3.798,3.749,4.484,-0.007,0.035,32.45,33,-0.0940
111468,3.794,3.792,3.657,3.713,3.657,3.713,-0.277,32.22,0.3222,4.098,0.000,32.22,32.22,0.00,0,0,-3.09432,32.22,32.22,0.00,0,0,32.22,0.00,0.00,0.00,0.00,1.000,1.000,0.00,0,255.00,1,31.75,32.22,-0.47,3.782,3.732,4.475,0.012,0.044,32.22,32,-0.0862
111595,3.754,3.760,3.619,3.688,3.619,3.688,-0.253,32.15,0.3215,4.091,0.000,32.15,32.15,0.00,0,0,-3.08800,32.15,32.15,0.00,0,0,32.15,0.00,0.00,0.00,0.00,1.000,1.000,0.00,0,255.00,1,31.82,32.25,-0.42,3.750,3.703,4.472,0.004,0.034,32.15,33,-0.4664
111726,3.726,3.734,3.600,3.663,3.600,3.663,-0.289,32.02,0.3202,4.083,0.000,32.02,32.02,0.00,0,0,-3.08163,32.02,32.02,0.00,0,0,32.02,0.00,0.00,0.00,0.00,1.000,1.000,0.00,0,255.00,1,31.52,31.94,-0.42,3.724,3.674,4.466,0.001,0.037,32.02,32,-0.2712
111852,3.698,3.713,3.582,3.640,3.582,3.640,-0.266,31.85,0.3185,4.072,0.000,31.85,31.85,0.00,0,0,-3.07448,31.85,31.85,0.00,0,0,31.85,0.00,0.00,0.00,0.00,1.000,1.000,0.00,0,255.00,1,31.41,31.85,-0.44,3.704,3.656,4.443,-0.007,0.038,31.85,32,0.2710
111986,3.694,3.695,3.546,3.616,3.546,3.616,-0.262,31.67,0.3167,4.063,0.000,31.67,31.67,0.00,0,0,-3.06761,31.67,31.67,0.00,0,0,31.67,0.00,0.00,0.00,0.00,1.000,1.000,0.00,0,255.00,1,31.23,31.70,-0.47,3.685,3.637,4.431,0.009,0.042,31.67,31,0.4787
112113,3.674,3.672,3.528,3.586,3.528,3.586,-0.206,31.42,0.3142,4.049,0.000,31.42,31.42,0.00,0,0,-3.05803,31.42,31.42,0.00,0,0,31.42,0.00,0.00,0.00,0.00,1.000,1.000,0.00,0,255.00,1,31.21,31.71,-0.50,3.663,3.618,4.407,0.011,0.044,31.42,32,-0.3568
112242,3.637,3.640,3.511,3.565,3.511,3.565,-0.248,31.39,0.3139,4.041,0.000,31.39,31.39,0.00,0,0,-3.05140,31.39,31.39,0.00,0,0,31.39,0.00,0.00,0.00,0.00,1.000,1.000,0.00,0,255.00,1,31.01,31.45,-0.44,3.630,3.584,4.403,0.006,0.038,31.39,31,-0.0314
112367,3.605,3.610,3.494,3.537,3.494,3.537,-0.216,31.23,0.3123,4.031,0.000,31.23,31.23,0.00,0,0,-3.04272,31.23,31.23,0.00,0,0,31.23,0.00,0.00,0.00,0.00,1.000,1.000,0.00,0,255.00,1,31.01,31.44,-0.43,3.601,3.557,4.392,0.004,0.033,31.23,31,0.1859
112497,3.603,3.603,3.461,3.518,3.461,3.518,-0.204,31.01,0.3101,4.020,0.000,31.01,31.01,0.00,0,0,-3.03558,31.01,31.01,0.00,0,0,31.01,0.00,0.00,0.00,0.00,1.000,1.000,0.00,0,255.00,1,30.76,31.26,-0.50,3.594,3.550,4.364,0.009,0.044,31.01,31,0.4788
112621,3.560,3.565,3.444,3.491,3.444,3.491,-0.230,30.92,0.3092,4.007,0.000,30.92,30.92,0.00,0,0,-3.02614,30.92,30.92,0.00,0,0,30.92,0.00,0.00,0.00,0.00,1.000,1.000,0.00,0,255.00,1,30.53,30.97,-0.44,3.556,3.513,4.343,0.003,0.038,30.92,31,0.2824
112747,3.551,3.549,3.429,3.473,3.429,3.473,-0.202,30.79,0.3079,4.000,0.000,30.79,30.79,0.00,0,0,-3.01955,30.79,30.79,0.00,0,0,30.79,0.00,0.00,0.00,0.00,1.000,1.000,0.00,0,255.00,1,30.53,30.98,-0.45,3.541,3.499,4.334,0.010,0.036,30.79,31,-0.1509
112872,3.521,3.525,3.413,3.455,3.413,3.455,-0.205,30.73,0.3073,3.994,0.000,30.73,30.73,0.00,0,0,-3.01333,30.73,30.73,0.00,0,0,30.73,0.00,0.00,0.00,0.00,1.000,1.000,0.00,0,255.00,1,30.47,30.88,-0.42,3.517,3.476,4.328,0.004,0.031,30.73,31,0.1780
113000,3.494,3.507,3.383,3.436,3.383,3.436,-0.191,30.60,0.3060,3.985,0.000,30.60,30.60,0.00,0,0,-3.00676,30.60,30.60,0.00,0,0,30.60,0.00,0.00,0.00,0.00,1.000,1.000,0.00,0,255.00,1,30.38,30.80,-0.42,3.499,3.459,4.311,-0.005,0.031,30.60,31,0.0509
113125,3.485,3.490,3.368,3.418,3.368,3.418,-0.177,30.48,0.3048,3.978,0.000,30.48,30.48,0.00,0,0,-3.00040,30.48,30.48,0.00,0,0,30.48,0.00,0.00,0.00,0.00,1.000,1.000,0.00,0,255.00,1,30.31,30.73,-0.42,3.482,3.443,4.298,0.003,0.031,30.48,31,-0.3628
113251,3.455,3.464,3.354,3.400,3.354,3.400,-0.211,30.44,0.3044,3.971,0.000,30.44,30.44,0.00,0,0,-2.99424,30.44,30.44,0.00,0,0,30.44,0.00,0.00,0.00,0.00,1.000,1.000,0.00,0,255.00,1,30.12,30.50,-0.38,3.456,3.416,4.290,-0.002,0.027,30.44,30,-0.0588
113376,3.449,3.454,3.340,3.381,3.340,3.381,-0.205,30.24,0.3024,3.963,0.000,30.24,30.24,0.00,0,0,-2.98767,30.24,30.24,0.00,0,0,30.24,0.00,0.00,0.00,0.00,1.000,1.000,0.00,0,255.00,1,29.89,30.33,-0.43,3.446,3.406,4.269,0.002,0.035,30.24,30,-0.2125
113506,3.448,3.440,3.312,3.358,3.312,3.358,-0.163,30.01,0.3001,3.951,0.000,30.01,30.01,0.00,0,0,-2.97877,30.01,30.01,0.00,0,0,30.01,0.00,0.00,0.00,0.00,1.000,1.000,0.00,0,255.00,1,29.80,30.28,-0.48,3.432,3.394,4.245,0.016,0.041,30.01,30,0.3318
113634,3.413,3.418,3.299,3.343,3.299,3.343,-0.155,29.96,0.2996,3.940,0.000,29.96,29.96,0.00,0,0,-2.97177,29.96,29.96,0.00,0,0,29.96,0.00,0.00,0.00,0.00,1.000,1.000,0.00,0,255.00,1,29.75,30.20,-0.44,3.411,3.375,4.222,0.003,0.034,29.96,30,0.2486
113762,3.397,3.394,3.286,3.322,3.286,3.322,-0.175,29.85,0.2985,3.932,0.000,29.85,29.85,0.00,0,0,-2.96356,29.85,29.85,0.00,0,0,29.85,0.00,0.00,0.00,0.00,1.000,1.000,0.00,0,255.00,1,29.57,29.99,-0.43,3.386,3.349,4.216,0.011,0.033,29.85,30,-0.0355
113888,3.367,3.370,3.261,3.301,3.261,3.301,-0.143,29.73,0.2973,3.922,0.000,29.73,29.73,0.00,0,0,-2.95527,29.73,29.73,0.00,0,0,29.73,0.00,0.00,0.00,0.00,1.000,1.000,0.00,0,255.00,1,29.60,30.01,-0.41,3.363,3.330,4.201,0.003,0.028,29.73,30,0.0979
114018,3.348,3.351,3.249,3.282,3.249,3.282,-0.161,29.59,0.2959,3.911,0.000,29.59,29.59,0.00,0,0,-2.94687,29.59,29.59,0.00,0,0,29.59,0.00,0.00,0.00,0.00,1.000,1.000,0.00,0,255.00,1,29.33,29.74,-0.41,3.344,3.310,4.179,0.004,0.031,29.59,30,-0.3413
114143,3.326,3.336,3.237,3.266,3.237,3.266,-0.131,29.47,0.2947,3.901,0.000,29.47,29.47,0.00,0,0,-2.93853,29.47,29.47,0.00,0,0,29.47,0.00,0.00,0.00,0.00,1.000,1.000,0.00,0,255.00,1,29.30,29.71,-0.41,3.330,3.298,4.152,-0.005,0.029,29.47,30,-0.2769
114276,3.316,3.315,3.214,3.248,3.214,3.248,-0.112,29.35,0.2935,3.891,0.000,29.35,29.35,0.00,0,0,-2.92890,29.35,29.35,0.00,0,0,29.35,0.00,0.00,0.00,0.00,1.000,1.000,0.00,0,255.00,1,29.25,29.64,-0.39,3.309,3.280,4.131,0.007,0.026,29.35,29,-0.1449
114400,3.286,3.298,3.203,3.237,3.203,3.237,-0.115,29.30,0.2930,3.883,0.000,29.30,29.30,0.00,0,0,-2.92271,29.30,29.30,0.00,0,0,29.30,0.00,0.00,0.00,0.00,1.000,1.000,0.00,0,255.00,1,29.14,29.51,-0.36,3.293,3.265,4.108,-0.008,0.023,29.30,30,-0.3407
114533,3.278,3.287,3.193,3.225,3.193,3.225,-0.144,29.20,0.2920,3.876,0.000,29.20,29.20,0.00,0,0,-2.91681,29.20,29.20,0.00,0,0,29.20,0.00,0.00,0.00,0.00,1.000,1.000,0.00,0,255.00,1,28.88,29.25,-0.37,3.281,3.252,4.094,-0.004,0.026,29.20,29,0.2735
114657,3.262,3.266,3.182,3.209,3.182,3.209,-0.132,29.13,0.2913,3.870,0.000,29.13,29.13,0.00,0,0,-2.90987,29.13,29.13,0.00,0,0,29.13,0.00,0.00,0.00,0.00,1.000,1.000,0.00,0,255.00,1,28.91,29.25,-0.34,3.261,3.232,4.093,0.001,0.021,29.13,29,-0.0445
114792,3.241,3.254,3.162,3.198,3.162,3.198,-0.126,29.05,0.2905,3.863,0.000,29.05,29.05,0.00,0,0,-2.90432,29.05,29.05,0.00,0,0,29.05,0.00,0.00,0.00,0.00,1.000,1.000,0.00,0,255.00,1,28.84,29.17,-0.34,3.249,3.222,4.078,-0.009,0.021,29.05,29,0.0776
114917,3.231,3.238,3.153,3.185,3.153,3.185,-0.147,29.00,0.2900,3.860,0.000,29.00,29.00,0.00,0,0,-2.89948,29.00,29.00,0.00,0,0,29.00,0.00,0.00,0.00,0.00,1.000,1.000,0.00,0,255.00,1,28.71,29.03,-0.32,3.233,3.204,4.079,-0.002,0.020,29.00,29,0.1535
115046,3.229,3.231,3.144,3.173,3.144,3.173,-0.134,28.88,0.2888,3.855,0.000,28.88,28.88,0.00,0,0,-2.89455,28.88,28.88,0.00,0,0,28.88,0.00,0.00,0.00,0.00,1.000,1.000,0.00,0,255.00,1,28.65,28.99,-0.34,3.225,3.197,4.071,0.004,0.021,28.88,29,-0.0337
115175,3.211,3.215,3.126,3.158,3.126,3.158,-0.115,28.78,0.2878,3.846,0.000,28.78,28.78,0.00,0,0,-2.88743,28.78,28.78,0.00,0,0,28.78,0.00,0.00,0.00,0.00,1.000,1.000,0.00,0,255.00,1,28.59,28.92,-0.34,3.210,3.184,4.049,0.001,0.021,28.78,29,0.1781
115303,3.188,3.201,3.118,3.147,3.118,3.147,-0.107,28.73,0.2873,3.838,0.000,28.73,28.73,0.00,0,0,-2.88189,28.73,28.73,0.00,0,0,28.73,0.00,0.00,0.00,0.00,1.000,1.000,0.00,0,255.00,1,28.55,28.87,-0.32,3.196,3.171,4.032,-0.009,0.018,28.73,28,0.2390
115430,3.183,3.184,3.110,3.134,3.110,3.134,-0.110,28.67,0.2867,3.834,0.000,28.67,28.67,0.00,0,0,-2.87606,28.67,28.67,0.00,0,0,28.67,0.00,0.00,0.00,0.00,1.000,1.000,0.00,0,255.00,1,28.53,28.83,-0.29,3.179,3.154,4.039,0.004,0.015,28.67,29,0.0925
115558,3.170,3.174,3.102,3.124,3.102,3.124,-0.109,28.60,0.2860,3.830,0.000,28.60,28.60,0.00,0,0,-2.87156,28.60,28.60,0.00,0,0,28.60,0.00,0.00,0.00,0.00,1.000,1.000,0.00,0,255.00,1,28.46,28.75,-0.29,3.169,3.144,4.030,0.001,0.015,28.60,29,-0.0442
115687,3.153,3.163,3.087,3.115,3.087,3.115,-0.103,28.54,0.2854,3.824,0.000,28.54,28.54,0.00,0,0,-2.86683,28.54,28.54,0.00,0,0,28.54,0.00,0.00,0.00,0.00,1.000,1.000,0.00,0,255.00,1,28.40,28.69,-0.28,3.158,3.135,4.014,-0.005,0.014,28.54,29,-0.4555
115813,3.135,3.150,3.080,3.106,3.080,3.106,-0.094,28.50,0.2850,3.819,0.000,28.50,28.50,0.00,0,0,-2.86209,28.50,28.50,0.00,0,0,28.50,0.00,0.00,0.00,0.00,1.000,1.000,0.00,0,255.00,1,28.39,28.65,-0.26,3.146,3.124,4.001,-0.011,0.012,28.50,29,-0.0859
115938,3.129,3.138,3.073,3.096,3.073,3.096,-0.107,28.47,0.2847,3.816,0.000,28.47,28.47,0.00,0,0,-2.85824,28.47,28.47,0.00,0,0,28.47,0.00,0.00,0.00,0.00,1.000,1.000,0.00,0,255.00,1,28.32,28.57,-0.25,3.133,3.111,4.004,-0.005,0.011,28.47,28,0.3466
116065,3.133,3.130,3.067,3.083,3.067,3.083,-0.079,28.32,0.2832,3.811,0.000,28.32,28.32,0.00,0,0,-2.85187,28.32,28.32,0.00,0,0,28.32,0.00,0.00,0.00,0.00,1.000,1.000,0.00,0,255.00,1,28.28,28.56,-0.28,3.126,3.104,3.991,0.007,0.012,28.32,28,0.3521
116195,3.117,3.119,3.055,3.072,3.055,3.072,-0.058,28.23,0.2823,3.802,0.000,28.23,28.23,0.00,0,0,-2.84478,28.23,28.23,0.00,0,0,28.23,0.00,0.00,0.00,0.00,1.000,1.000,0.00,0,255.00,1,28.21,28.48,-0.27,3.116,3.097,3.957,0.002,0.012,28.23,29,-0.3287
116322,3.095,3.106,3.050,3.066,3.050,3.066,-0.073,28.23,0.2823,3.797,0.000,28.23,28.23,0.00,0,0,-2.84055,28.23,28.23,0.00,0,0,28.23,0.00,0.00,0.00,0.00,1.000,1.000,0.00,0,255.00,1,28.12,28.35,-0.24,3.102,3.085,3.941,-0.008,0.010,28.23,28,0.2348
116448,3.085,3.093,3.045,3.060,3.045,3.060,-0.069,28.25,0.2825,3.796,0.000,28.25,28.25,0.00,0,0,-2.83747,28.25,28.25,0.00,0,0,28.25,0.00,0.00,0.00,0.00,1.000,1.000,0.00,0,255.00,1,28.21,28.40,-0.19,3.089,3.073,3.948,-0.005,0.006,28.25,28,-0.0215
116576,3.088,3.089,3.040,3.050,3.040,3.050,-0.051,28.11,0.2811,3.794,0.000,28.11,28.11,0.00,0,0,-2.83179,28.11,28.11,0.00,0,0,28.11,0.00,0.00,0.00,0.00,1.000,1.000,0.00,0,255.00,1,28.13,28.35,-0.23,3.086,3.070,3.935,0.002,0.008,28.11,28,0.2339
116705,3.075,3.075,3.031,3.042,3.031,3.042,-0.036,28.08,0.2808,3.789,0.000,28.08,28.08,0.00,0,0,-2.82588,28.08,28.08,0.00,0,0,28.08,0.00,0.00,0.00,0.00,1.000,1.000,0.00,0,255.00,1,28.12,28.31,-0.19,3.072,3.059,3.910,0.002,0.006,28.08,28,-0.0656
116829,3.070,3.070,3.027,3.036,3.027,3.036,-0.043,28.00,0.2800,3.784,0.000,28.00,28.00,0.00,0,0,-2.82081,28.00,28.00,0.00,0,0,28.00,0.00,0.00,0.00,0.00,1.000,1.000,0.00,0,255.00,1,27.94,28.14,-0.20,3.068,3.055,3.884,0.002,0.007,28.00,28,0.1189
116956,3.057,3.063,3.023,3.032,3.023,3.032,-0.041,28.00,0.2800,3.780,0.000,28.00,28.00,0.00,0,0,-2.81771,28.00,28.00,0.00,0,0,28.00,0.00,0.00,0.00,0.00,1.000,1.000,0.00,0,255.00,1,27.93,28.10,-0.18,3.060,3.049,3.871,-0.003,0.005,28.00,28,0.0559
117081,3.045,3.052,3.019,3.028,3.019,3.028,-0.046,28.03,0.2803,3.779,0.000,28.03,28.03,0.00,0,0,-2.81543,28.03,28.03,0.00,0,0,28.03,0.00,0.00,0.00,0.00,1.000,1.000,0.00,0,255.00,1,27.97,28.11,-0.14,3.050,3.039,3.876,-0.005,0.003,28.03,28,0.1181
117207,3.038,3.046,3.013,3.021,3.013,3.021,-0.027,27.96,0.2796,3.778,0.000,27.96,27.96,0.00,0,0,-2.81131,27.96,27.96,0.00,0,0,27.96,0.00,0.00,0.00,0.00,1.000,1.000,0.00,0,255.00,1,27.99,28.13,-0.14,3.044,3.034,3.871,-0.006,0.003,27.96,28,0.1009
117333,3.053,3.051,3.011,3.018,3.011,3.018,-0.034,27.86,0.2786,3.775,0.000,27.86,27.86,0.00,0,0,-2.80888,27.86,27.86,0.00,0,0,27.86,0.00,0.00,0.00,0.00,1.000,1.000,0.00,0,255.00,1,27.80,27.99,-0.19,3.049,3.038,3.855,0.004,0.006,27.86,28,-0.1440
117458,3.040,3.037,3.008,3.013,3.008,3.013,-0.024,27.88,0.2788,3.773,0.000,27.88,27.88,0.00,0,0,-2.80508,27.88,27.88,0.00,0,0,27.88,0.00,0.00,0.00,0.00,1.000,1.000,0.00,0,255.00,1,27.88,28.03,-0.14,3.035,3.026,3.851,0.005,0.003,27.88,27,0.4127
117585,3.030,3.030,3.006,3.009,3.006,3.009,-0.016,27.86,0.2786,3.771,0.000,27.86,27.86,0.00,0,0,-2.80152,27.86,27.86,0.00,0,0,27.86,0.00,0.00,0.00,0.00,1.000,1.000,0.00,0,255.00,1,27.89,28.01,-0.12,3.029,3.021,3.839,0.002,0.002,27.86,28,-0.2468
117713,3.030,3.029,3.003,3.008,3.003,3.008,-0.014,27.84,0.2784,3.769,0.000,27.84,27.84,0.00,0,0,-2.79956,27.84,27.84,0.00,0,0,27.84,0.00,0.00,0.00,0.00,1.000,1.000,0.00,0,255.00,1,27.84,27.96,-0.12,3.028,3.021,3.827,0.002,0.002,27.84,28,0.2721
117839,3.016,3.018,3.002,3.005,3.002,3.005,-0.008,27.86,0.2786,3.768,0.000,27.86,27.86,0.00,0,0,-2.79585,27.86,27.86,0.00,0,0,27.86,0.00,0.00,0.00,0.00,1.000,1.000,0.00,0,255.00,1,27.91,27.99,-0.08,3.017,3.012,3.822,-0.001,0.001,27.86,28,0.1423
117965,3.016,3.016,3.001,3.002,3.001,3.002,-0.007,27.82,0.2782,3.766,0.000,27.82,27.82,0.00,0,0,-2.79287,27.82,27.82,0.00,0,0,27.82,0.00,0.00,0.00,0.00,1.000,1.000,0.00,0,255.00,1,27.85,27.93,-0.08,3.015,3.010,3.810,0.001,0.001,27.82,28,-0.0453
118092,3.020,3.016,3.000,3.001,3.000,3.001,-0.007,27.80,0.2780,3.765,0.000,27.80,27.80,0.00,0,0,-2.79121,27.80,27.80,0.00,0,0,27.80,0.00,0.00,0.00,0.00,1.000,1.000,0.00,0,255.00,1,27.80,27.88,-0.08,3.015,3.011,3.802,0.005,0.001,27.80,28,0.1817
=== SHOT TELEMETRY END ===
