# SHOT START
# legend_version=1
# time_base=ms_since_boot
# units: pressure=bar, flow=ml_s, output=percent, derivative=bar_s
# raw_p = raw pressure sensor reading
# flt_p = filtered pressure used by controller
# sp_raw = raw incoming pressure setpoint currently held by the profile engine
# sp_flt = filtered pressure setpoint actually used internally by the controller
# sp_recipe = visual recipe reference; ideal profile target for display/comparison
# sp_ctrl = control reference after internal conditioning; command seen by control logic
# sp_flt_d = derivative of filtered pressure setpoint
# ctrl_out = final controller output command in percent
# pump_duty = internal normalized pressure-branch duty estimate
# pump_flow = estimated pump flow
# coffee_flow = estimated outflow through puck / coffee flow
# u_raw = pressure branch output after clamp and before final slew limiter
# u_applied = pressure branch output after final slew limiter
# u_delta = u_raw - u_applied; limiter intervention magnitude
# limiter_active_up = 1 when rise slew limiter is active
# limiter_active_down = 1 when drop slew limiter is active
# error_integral = integral state of legacy pressure controller
# u_unclamped_raw = controller output before 0..100 clamp
# u_clamped_raw = controller output after 0..100 clamp and before slew limiter
# u_clamp_delta = u_unclamped_raw - u_clamped_raw
# clamp_active_high = 1 when output was clipped by upper clamp
# clamp_active_low = 1 when output was clipped by lower clamp
# u_fb = legacy pressure feedback contribution
# u_ff_hold = static feedforward contribution
# u_ff_dyn = dynamic feedforward contribution
# u_ff_dyn_raw = raw dynamic feedforward request before FF-path LPF and slew limiting
# ff_pressure_w = pressure-window weight applied to dynamic FF
# ff_above_w = above-target suppression weight applied to dynamic FF
# ff_gamma = ramp-dependent gamma multiplier applied to dynamic FF
# u_ff_total = total feedforward contribution
# ramp_hold_active = 1 when the downstream drop-rate hold is active during ramp-up
# drop_rate_active = active downstream output drop-rate cap in percent per second
# mpc_shadow_enabled = 1 when shadow MPC is being computed in parallel
# mpc_u_shadow = total output suggested by shadow MPC; not applied to actuator in shadow stage
# mpc_u_ss = steady-state component suggested by shadow MPC
# mpc_u_trim = corrective trim component suggested by shadow MPC
# mpc_p1_pred = one-step pressure prediction from shadow MPC model
# mpc_pn_pred = terminal pressure prediction at end of shadow MPC horizon
# mpc_qout_est = estimated outflow / load used by shadow MPC model
# mpc_residual = measured minus predicted pressure residual for shadow MPC
# mpc_cost = shadow MPC objective value
# power_cmd = floating-point power command sent to pump stage before integer quantization
# power_psm_quantized = integer power actually sent to PSM
# power_quant_residual = sigma-delta residual kept for next quantization step
ms,raw_p,flt_p,sp_raw,sp_flt,sp_recipe,sp_ctrl,sp_flt_d,ctrl_out,pump_duty,pump_flow,coffee_flow,u_raw,u_applied,u_delta,limiter_active_up,limiter_active_down,error_integral,u_unclamped_raw,u_clamped_raw,u_clamp_delta,clamp_active_high,clamp_active_low,u_fb,u_ff_hold,u_ff_dyn,u_ff_dyn_raw,ff_pressure_w,ff_above_w,ff_gamma,u_ff_total,ramp_hold_active,drop_rate_active,mpc_shadow_enabled,mpc_u_shadow,mpc_u_ss,mpc_u_trim,mpc_p1_pred,mpc_pn_pred,mpc_qout_est,mpc_residual,mpc_cost,power_cmd,power_psm_quantized,power_quant_residual
86292,0.406,0.407,1.100,0.221,1.100,0.221,2.713,0.00,0.0000,0.000,0.000,0.00,0.00,0.00,0,0,0.00000,-19.46,0.00,-19.46,0,1,-19.46,0.00,0.00,0.00,0.00,0.242,1.000,0.00,0,255.00,1,9.28,10.12,-0.84,0.440,0.605,0.000,0.000,1.098,0.00,0,0.0000
86431,0.395,0.394,1.100,0.590,1.100,0.590,2.603,12.10,0.1289,0.266,0.000,12.89,12.10,0.79,1,0,-0.00088,12.89,12.89,0.00,0,0,12.89,0.00,0.00,0.00,0.00,1.000,1.000,0.00,1,60.00,1,18.73,17.42,1.31,0.454,0.754,0.290,-0.054,1.119,12.10,12,0.1952
86557,0.395,0.395,1.100,0.768,1.100,0.768,1.706,18.25,0.1825,0.873,0.000,18.25,18.25,0.00,0,0,-0.02964,18.25,18.25,0.00,0,0,18.25,0.00,0.00,0.00,0.00,1.000,1.000,0.00,1,60.00,1,21.41,19.15,2.25,0.452,0.733,0.901,-0.059,1.105,18.25,18,-0.1376
86687,0.397,0.396,1.100,0.884,1.100,0.884,1.110,20.57,0.2057,1.454,0.000,20.57,20.57,0.00,0,0,-0.07046,20.57,20.57,0.00,0,0,20.57,0.00,0.00,0.00,0.00,1.000,1.000,0.00,1,60.00,1,22.69,19.80,2.89,0.445,0.688,1.479,-0.051,1.499,20.57,21,-0.4486
86819,0.393,0.392,1.100,0.959,1.100,0.959,0.722,22.11,0.2211,1.966,0.000,22.11,22.11,0.00,0,0,-0.11938,22.11,22.11,0.00,0,0,22.11,0.00,0.00,0.00,0.00,1.000,1.000,0.00,1,60.00,1,23.95,20.61,3.35,0.435,0.646,1.991,-0.045,1.905,22.11,22,0.4984
86949,0.395,0.395,1.100,1.009,1.100,1.009,0.470,23.14,0.2314,2.402,0.000,23.14,23.14,0.00,0,0,-0.17326,23.14,23.14,0.00,0,0,23.14,0.00,0.00,0.00,0.00,1.000,1.000,0.00,1,60.00,1,25.04,21.42,3.62,0.433,0.617,2.421,-0.040,2.207,23.14,23,-0.0861
87074,0.397,0.396,1.100,1.040,1.100,1.040,0.306,23.99,0.2399,2.771,0.000,23.99,23.99,0.00,0,0,-0.23052,23.99,23.99,0.00,0,0,23.99,0.00,0.00,0.00,0.00,1.000,1.000,0.00,1,60.00,1,26.10,22.29,3.80,0.429,0.594,2.786,-0.033,2.452,23.99,24,0.1255
87202,0.406,0.405,1.100,1.061,1.100,1.061,0.199,24.59,0.2459,3.078,0.000,24.59,24.59,0.00,0,0,-0.28924,24.59,24.59,0.00,0,0,24.59,0.00,0.00,0.00,0.00,1.000,1.000,0.00,0,255.00,1,26.91,23.04,3.88,0.435,0.583,3.078,-0.030,2.575,24.59,24,0.2770
87330,0.417,0.415,1.100,1.075,1.100,1.075,0.129,25.08,0.2508,3.332,0.000,25.08,25.08,0.00,0,0,-0.34855,25.08,25.08,0.00,0,0,25.08,0.00,0.00,0.00,0.00,1.000,1.000,0.00,0,255.00,1,27.60,23.70,3.90,0.442,0.577,3.311,-0.026,2.635,25.08,25,0.0206
87462,0.439,0.437,1.100,1.086,1.100,1.086,0.073,25.50,0.2550,3.600,0.000,25.50,25.50,0.00,0,0,-0.42692,25.50,25.50,0.00,0,0,25.50,0.00,0.00,0.00,0.00,1.000,1.000,0.00,0,255.00,1,28.20,24.36,3.84,0.461,0.582,3.537,-0.022,2.589,25.50,25,0.3728
87590,0.453,0.449,1.100,1.091,1.100,1.091,0.047,25.83,0.2583,3.759,0.000,25.83,25.83,0.00,0,0,-0.48486,25.83,25.83,0.00,0,0,25.83,0.00,0.00,0.00,0.00,1.000,1.000,0.00,0,255.00,1,28.61,24.82,3.80,0.473,0.586,3.669,-0.020,2.550,25.83,26,-0.4793
87726,0.474,0.470,1.100,1.095,1.100,1.095,0.027,26.15,0.2615,3.931,0.000,26.15,26.15,0.00,0,0,-0.56088,26.15,26.15,0.00,0,0,26.15,0.00,0.00,0.00,0.00,1.000,1.000,0.00,0,255.00,1,29.02,25.32,3.70,0.491,0.596,3.810,-0.017,2.450,26.15,26,-0.1910
87853,0.568,0.538,1.100,1.097,1.100,1.097,0.017,25.30,0.2530,4.009,0.000,25.30,25.30,0.00,0,0,-0.61404,25.30,25.30,0.00,0,0,25.30,0.00,0.00,0.00,0.00,1.000,1.000,0.00,0,255.00,1,28.16,24.84,3.32,0.555,0.642,3.819,0.014,2.019,25.30,25,0.1636
87985,0.645,0.623,1.100,1.098,1.100,1.098,0.011,23.64,0.2364,3.998,0.000,23.64,23.64,0.00,0,0,-0.65896,23.64,23.64,0.00,0,0,23.64,0.00,0.00,0.00,0.00,1.000,1.000,0.00,0,255.00,1,26.27,23.45,2.83,0.637,0.705,3.658,0.009,1.495,23.64,24,-0.4053
88114,0.746,0.716,1.100,1.099,1.100,1.099,0.007,21.15,0.2115,3.902,0.000,21.15,21.15,0.00,0,0,-0.69617,21.15,21.15,0.00,0,0,21.15,0.00,0.00,0.00,0.00,1.000,1.000,0.00,0,255.00,1,23.60,21.32,2.29,0.726,0.773,3.396,0.022,1.022,21.15,21,-0.2770
88245,0.815,0.795,1.100,1.099,1.100,1.099,0.005,18.46,0.1846,3.718,0.000,18.46,18.46,0.00,0,0,-0.72573,18.46,18.46,0.00,0,0,18.46,0.00,0.00,0.00,0.00,1.000,1.000,0.00,0,255.00,1,20.69,18.87,1.82,0.801,0.832,3.059,0.014,0.683,18.46,19,-0.2755
88371,0.876,0.859,1.100,1.099,1.100,1.099,0.003,15.88,0.1588,3.476,0.000,15.88,15.88,0.00,0,0,-0.74920,15.88,15.88,0.00,0,0,15.88,0.00,0.00,0.00,0.00,1.000,1.000,0.00,0,255.00,1,17.90,16.45,1.45,0.863,0.882,2.710,0.014,0.454,15.88,16,-0.0428
88503,0.884,0.881,1.100,1.100,1.100,1.100,0.002,15.07,0.1507,3.232,0.000,15.07,15.07,0.00,0,0,-0.76923,15.07,15.07,0.00,0,0,15.07,0.00,0.00,0.00,0.00,1.000,1.000,0.00,0,255.00,1,16.54,15.22,1.31,0.886,0.909,2.438,-0.001,0.345,15.07,16,-0.4731
88631,0.883,0.882,1.100,1.100,1.100,1.100,0.001,15.16,0.1516,3.043,0.000,15.16,15.16,0.00,0,0,-0.78882,15.16,15.16,0.00,0,0,15.16,0.00,0.00,0.00,0.00,1.000,1.000,0.00,0,255.00,1,16.19,14.89,1.29,0.889,0.921,2.305,-0.006,0.306,15.16,15,-0.1158
88762,0.872,0.876,1.100,1.100,1.100,1.100,0.001,15.65,0.1565,2.912,0.000,15.65,15.65,0.00,0,0,-0.80874,15.65,15.65,0.00,0,0,15.65,0.00,0.00,0.00,0.00,1.000,1.000,0.00,0,255.00,1,16.41,15.09,1.33,0.883,0.922,2.277,-0.011,0.304,15.65,15,0.2665
88891,0.864,0.868,1.100,1.100,1.100,1.100,0.001,16.16,0.1616,2.831,0.000,16.16,16.16,0.00,0,0,-0.82928,16.16,16.16,0.00,0,0,16.16,0.00,0.00,0.00,0.00,1.000,1.000,0.00,0,255.00,1,16.84,15.47,1.37,0.877,0.919,2.314,-0.013,0.317,16.16,16,0.1398
89023,0.862,0.862,1.100,1.100,1.100,1.100,0.000,16.64,0.1664,2.792,0.000,16.64,16.64,0.00,0,0,-0.85058,16.64,16.64,0.00,0,0,16.64,0.00,0.00,0.00,0.00,1.000,1.000,0.00,0,255.00,1,17.35,15.95,1.40,0.871,0.914,2.389,-0.009,0.335,16.64,17,-0.2888
89148,0.872,0.870,1.100,1.100,1.100,1.100,0.000,16.44,0.1644,2.758,0.000,16.44,16.44,0.00,0,0,-0.87135,16.44,16.44,0.00,0,0,16.44,0.00,0.00,0.00,0.00,1.000,1.000,0.00,0,255.00,1,17.33,15.97,1.36,0.878,0.915,2.437,-0.006,0.327,16.44,16,0.0205
89282,0.894,0.885,1.100,1.100,1.100,1.100,0.000,15.96,0.1596,2.713,0.000,15.96,15.96,0.00,0,0,-0.89802,15.96,15.96,0.00,0,0,15.96,0.00,0.00,0.00,0.00,1.000,1.000,0.00,0,255.00,1,17.06,15.78,1.28,0.891,0.921,2.463,0.002,0.304,15.96,16,-0.0480
89411,0.885,0.885,1.100,1.100,1.100,1.100,0.000,16.12,0.1612,2.683,0.000,16.12,16.12,0.00,0,0,-0.91735,16.12,16.12,0.00,0,0,16.12,0.00,0.00,0.00,0.00,1.000,1.000,0.00,0,255.00,1,17.17,15.89,1.28,0.892,0.922,2.472,-0.006,0.300,16.12,16,0.1785
89544,0.891,0.889,1.100,1.100,1.100,1.100,0.000,16.16,0.1616,2.658,0.000,16.16,16.16,0.00,0,0,-0.94286,16.16,16.16,0.00,0,0,16.16,0.00,0.00,0.00,0.00,1.000,1.000,0.00,0,255.00,1,17.23,15.97,1.26,0.895,0.925,2.492,-0.004,0.293,16.16,16,-0.1760
89669,0.896,0.893,1.100,1.100,1.100,1.100,0.000,16.14,0.1614,2.645,0.000,16.14,16.14,0.00,0,0,-0.96171,16.14,16.14,0.00,0,0,16.14,0.00,0.00,0.00,0.00,1.000,1.000,0.00,0,255.00,1,17.23,16.00,1.23,0.899,0.927,2.505,-0.003,0.286,16.14,16,0.4130
89807,0.899,0.898,1.100,1.100,1.100,1.100,0.000,16.06,0.1606,2.632,0.000,16.06,16.06,0.00,0,0,-0.98011,16.06,16.06,0.00,0,0,16.06,0.00,0.00,0.00,0.00,1.000,1.000,0.00,0,255.00,1,17.17,15.97,1.21,0.903,0.930,2.510,-0.004,0.276,16.06,16,-0.2367
89933,0.902,0.901,1.100,1.100,1.100,1.100,0.000,16.03,0.1603,2.618,0.000,16.03,16.03,0.00,0,0,-0.99801,16.03,16.03,0.00,0,0,16.03,0.00,0.00,0.00,0.00,1.000,1.000,0.00,0,255.00,1,17.13,15.95,1.18,0.907,0.933,2.508,-0.005,0.266,16.03,16,-0.2422
90066,0.907,0.905,1.100,1.100,1.100,1.100,0.000,16.07,0.1607,2.607,0.000,16.07,16.07,0.00,0,0,-1.02161,16.07,16.07,0.00,0,0,16.07,0.00,0.00,0.00,0.00,1.000,1.000,0.00,0,255.00,1,17.15,15.98,1.16,0.910,0.935,2.514,-0.003,0.257,16.07,16,0.0357
90195,0.912,0.912,1.100,1.100,1.100,1.100,0.000,15.94,0.1594,2.591,0.000,15.94,15.94,0.00,0,0,-1.04431,15.94,15.94,0.00,0,0,15.94,0.00,0.00,0.00,0.00,1.000,1.000,0.00,0,255.00,1,17.01,15.89,1.13,0.916,0.940,2.505,-0.004,0.242,15.94,16,-0.3587
90326,0.910,0.911,1.100,1.100,1.100,1.100,0.000,16.15,0.1615,2.587,0.000,16.15,16.15,0.00,0,0,-1.06690,16.15,16.15,0.00,0,0,16.15,0.00,0.00,0.00,0.00,1.000,1.000,0.00,0,255.00,1,17.16,16.03,1.13,0.916,0.942,2.515,-0.007,0.238,16.15,16,-0.1880
90454,0.910,0.911,1.100,1.100,1.100,1.100,0.000,16.35,0.1635,2.593,0.000,16.35,16.35,0.00,0,0,-1.08948,16.35,16.35,0.00,0,0,16.35,0.00,0.00,0.00,0.00,1.000,1.000,0.00,0,255.00,1,17.33,16.20,1.13,0.916,0.942,2.537,-0.007,0.237,16.35,17,-0.2536
90586,0.915,0.913,1.100,1.100,1.100,1.100,0.000,16.49,0.1649,2.609,0.000,16.49,16.49,0.00,0,0,-1.11760,16.49,16.49,0.00,0,0,16.49,0.00,0.00,0.00,0.00,1.000,1.000,0.00,0,255.00,1,17.49,16.37,1.11,0.918,0.943,2.569,-0.003,0.233,16.49,17,-0.1711
90715,0.914,0.914,1.100,1.100,1.100,1.100,0.000,16.60,0.1660,2.621,0.000,16.60,16.60,0.00,0,0,-1.13442,16.60,16.60,0.00,0,0,16.60,0.00,0.00,0.00,0.00,1.000,1.000,0.00,0,255.00,1,17.60,16.49,1.11,0.919,0.944,2.588,-0.005,0.232,16.60,17,-0.4427
90845,0.917,0.917,1.100,1.100,1.100,1.100,0.000,16.60,0.1660,2.631,0.000,16.60,16.60,0.00,0,0,-1.15098,16.60,16.60,0.00,0,0,16.60,0.00,0.00,0.00,0.00,1.000,1.000,0.00,0,255.00,1,17.61,16.52,1.09,0.921,0.945,2.600,-0.004,0.227,16.60,16,0.2904
90971,0.920,0.919,1.100,1.100,1.100,1.100,0.000,16.65,0.1665,2.642,0.000,16.65,16.65,0.00,0,0,-1.17277,16.65,16.65,0.00,0,0,16.65,0.00,0.00,0.00,0.00,1.000,1.000,0.00,0,255.00,1,17.66,16.58,1.08,0.924,0.947,2.612,-0.004,0.221,16.65,17,-0.2211
91106,0.921,0.919,1.100,1.100,1.100,1.100,0.000,16.78,0.1678,2.654,0.000,16.78,16.78,0.00,0,0,-1.18910,16.78,16.78,0.00,0,0,16.78,0.00,0.00,0.00,0.00,1.000,1.000,0.00,0,255.00,1,17.77,16.70,1.08,0.924,0.948,2.627,-0.003,0.220,16.78,17,0.1112
91235,0.923,0.922,1.100,1.100,1.100,1.100,0.000,16.86,0.1686,2.669,0.000,16.86,16.86,0.00,0,0,-1.21067,16.86,16.86,0.00,0,0,16.86,0.00,0.00,0.00,0.00,1.000,1.000,0.00,0,255.00,1,17.86,16.79,1.06,0.926,0.949,2.645,-0.004,0.215,16.86,17,-0.4675
91365,0.926,0.926,1.100,1.100,1.100,1.100,0.000,16.97,0.1697,2.690,0.000,16.97,16.97,0.00,0,0,-1.24760,16.97,16.97,0.00,0,0,16.97,0.00,0.00,0.00,0.00,1.000,1.000,0.00,0,255.00,1,17.94,16.90,1.04,0.930,0.953,2.664,-0.004,0.206,16.97,17,-0.1054
91494,0.931,0.930,1.100,1.100,1.100,1.100,0.000,16.93,0.1693,2.697,0.000,16.93,16.93,0.00,0,0,-1.26815,16.93,16.93,0.00,0,0,16.93,0.00,0.00,0.00,0.00,1.000,1.000,0.00,0,255.00,1,17.91,16.90,1.01,0.934,0.956,2.669,-0.003,0.197,16.93,17,-0.4068
91623,0.930,0.931,1.100,1.100,1.100,1.100,0.000,17.03,0.1703,2.704,0.000,17.03,17.03,0.00,0,0,-1.28345,17.03,17.03,0.00,0,0,17.03,0.00,0.00,0.00,0.00,1.000,1.000,0.00,0,255.00,1,17.98,16.97,1.01,0.935,0.957,2.676,-0.005,0.195,17.03,17,-0.3713
91748,0.934,0.934,1.100,1.100,1.100,1.100,0.000,16.99,0.1699,2.709,0.000,16.99,16.99,0.00,0,0,-1.29850,16.99,16.99,0.00,0,0,16.99,0.00,0.00,0.00,0.00,1.000,1.000,0.00,0,255.00,1,17.95,16.96,0.99,0.938,0.959,2.680,-0.004,0.189,16.99,17,-0.3622
91881,0.941,0.940,1.100,1.100,1.100,1.100,0.000,16.80,0.1680,2.706,0.000,16.80,16.80,0.00,0,0,-1.31300,16.80,16.80,0.00,0,0,16.80,0.00,0.00,0.00,0.00,1.000,1.000,0.00,0,255.00,1,17.79,16.83,0.96,0.944,0.963,2.670,-0.003,0.178,16.80,17,0.1039
92008,0.941,0.942,1.100,1.100,1.100,1.100,0.000,16.83,0.1683,2.702,0.000,16.83,16.83,0.00,0,0,-1.32722,16.83,16.83,0.00,0,0,16.83,0.00,0.00,0.00,0.00,1.000,1.000,0.00,0,255.00,1,17.77,16.82,0.94,0.946,0.965,2.662,-0.005,0.172,16.83,16,0.4528
92139,0.949,0.948,1.100,1.100,1.100,1.100,0.000,16.66,0.1666,2.696,0.000,16.66,16.66,0.00,0,0,-1.34109,16.66,16.66,0.00,0,0,16.66,0.00,0.00,0.00,0.00,1.000,1.000,0.00,0,255.00,1,17.61,16.70,0.91,0.951,0.969,2.651,-0.002,0.163,16.66,17,-0.4297
92267,0.952,0.951,1.100,1.100,1.100,1.100,0.000,16.66,0.1666,2.688,0.000,16.66,16.66,0.00,0,0,-1.35921,16.66,16.66,0.00,0,0,16.66,0.00,0.00,0.00,0.00,1.000,1.000,0.00,0,255.00,1,17.57,16.68,0.89,0.954,0.972,2.642,-0.002,0.155,16.66,16,0.3025
92402,0.952,0.951,1.100,1.100,1.100,1.100,0.000,16.73,0.1673,2.686,0.000,16.73,16.73,0.00,0,0,-1.37264,16.73,16.73,0.00,0,0,16.73,0.00,0.00,0.00,0.00,1.000,1.000,0.00,0,255.00,1,17.60,16.71,0.89,0.955,0.974,2.642,-0.003,0.151,16.73,16,0.4863
92529,0.956,0.956,1.100,1.100,1.100,1.100,0.000,16.65,0.1665,2.679,0.000,16.65,16.65,0.00,0,0,-1.39006,16.65,16.65,0.00,0,0,16.65,0.00,0.00,0.00,0.00,1.000,1.000,0.00,0,255.00,1,17.51,16.65,0.86,0.960,0.977,2.635,-0.003,0.143,16.65,17,0.0933
92660,0.961,0.960,1.100,1.100,1.100,1.100,0.000,16.55,0.1655,2.673,0.000,16.55,16.55,0.00,0,0,-1.40279,16.55,16.55,0.00,0,0,16.55,0.00,0.00,0.00,0.00,1.000,1.000,0.00,0,255.00,1,17.41,16.57,0.84,0.963,0.980,2.628,-0.002,0.137,16.55,17,-0.1467
92788,0.960,0.960,1.100,1.100,1.100,1.100,0.000,16.65,0.1665,2.671,0.000,16.65,16.65,0.00,0,0,-1.41542,16.65,16.65,0.00,0,0,16.65,0.00,0.00,0.00,0.00,1.000,1.000,0.00,0,255.00,1,17.46,16.63,0.83,0.964,0.981,2.628,-0.003,0.134,16.65,17,-0.2239
92919,0.963,0.963,1.100,1.100,1.100,1.100,0.000,16.73,0.1673,2.671,0.000,16.73,16.73,0.00,0,0,-1.44033,16.73,16.73,0.00,0,0,16.73,0.00,0.00,0.00,0.00,1.000,1.000,0.00,0,255.00,1,17.51,16.69,0.82,0.966,0.984,2.635,-0.003,0.128,16.73,17,-0.0263
93045,0.965,0.965,1.100,1.100,1.100,1.100,0.000,16.75,0.1675,2.673,0.000,16.75,16.75,0.00,0,0,-1.45664,16.75,16.75,0.00,0,0,16.75,0.00,0.00,0.00,0.00,1.000,1.000,0.00,0,255.00,1,17.52,16.72,0.81,0.968,0.986,2.641,-0.003,0.124,16.75,17,-0.0302
93176,0.966,0.967,1.100,1.100,1.100,1.100,0.000,16.75,0.1675,2.673,0.000,16.75,16.75,0.00,0,0,-1.46862,16.75,16.75,0.00,0,0,16.75,0.00,0.00,0.00,0.00,1.000,1.000,0.00,0,255.00,1,17.52,16.72,0.79,0.970,0.987,2.641,-0.004,0.121,16.75,17,0.1294
93301,0.971,0.971,1.100,1.100,1.100,1.100,0.000,16.66,0.1666,2.670,0.000,16.66,16.66,0.00,0,0,-1.48029,16.66,16.66,0.00,0,0,16.66,0.00,0.00,0.00,0.00,1.000,1.000,0.00,0,255.00,1,17.43,16.66,0.77,0.974,0.990,2.636,-0.003,0.115,16.66,17,0.0673
93435,0.974,0.973,1.100,1.100,1.100,1.100,0.000,16.64,0.1664,2.666,0.000,16.64,16.64,0.00,0,0,-1.49554,16.64,16.64,0.00,0,0,16.64,0.00,0.00,0.00,0.00,1.000,1.000,0.00,0,255.00,1,17.39,16.63,0.76,0.977,0.992,2.631,-0.003,0.110,16.64,17,-0.4374
93559,0.973,0.974,1.100,1.100,1.100,1.100,0.000,16.72,0.1672,2.666,0.000,16.72,16.72,0.00,0,0,-1.50688,16.72,16.72,0.00,0,0,16.72,0.00,0.00,0.00,0.00,1.000,1.000,0.00,0,255.00,1,17.44,16.69,0.75,0.977,0.993,2.634,-0.004,0.108,16.72,17,-0.3882
93696,0.979,0.978,1.100,1.100,1.100,1.100,0.000,16.62,0.1662,2.665,0.000,16.62,16.62,0.00,0,0,-1.51799,16.62,16.62,0.00,0,0,16.62,0.00,0.00,0.00,0.00,1.000,1.000,0.00,0,255.00,1,17.35,16.62,0.73,0.981,0.996,2.632,-0.001,0.104,16.62,17,-0.4390
93821,0.983,0.981,1.100,1.100,1.100,1.100,0.000,16.54,0.1654,2.662,0.000,16.54,16.54,0.00,0,0,-1.52885,16.54,16.54,0.00,0,0,16.54,0.00,0.00,0.00,0.00,1.000,1.000,0.00,0,255.00,1,17.28,16.57,0.71,0.984,0.998,2.628,-0.000,0.099,16.54,16,0.3467
93951,0.983,0.981,1.100,1.100,1.100,1.100,0.000,16.62,0.1662,2.661,0.000,16.62,16.62,0.00,0,0,-1.53964,16.62,16.62,0.00,0,0,16.62,0.00,0.00,0.00,0.00,1.000,1.000,0.00,0,255.00,1,17.32,16.61,0.71,0.984,0.999,2.629,-0.001,0.097,16.62,16,0.2754
94079,0.986,0.984,1.100,1.100,1.100,1.100,0.000,16.57,0.1657,2.659,0.000,16.57,16.57,0.00,0,0,-1.55020,16.57,16.57,0.00,0,0,16.57,0.00,0.00,0.00,0.00,1.000,1.000,0.00,0,255.00,1,17.27,16.58,0.69,0.987,1.001,2.627,-0.001,0.094,16.57,16,0.0889
94216,0.988,0.987,1.100,1.100,1.100,1.100,0.000,16.56,0.1656,2.655,0.000,16.56,16.56,0.00,0,0,-1.56740,16.56,16.56,0.00,0,0,16.56,0.00,0.00,0.00,0.00,1.000,1.000,0.00,0,255.00,1,17.24,16.57,0.68,0.990,1.003,2.623,-0.002,0.089,16.56,17,0.0047
94342,0.988,0.988,1.100,1.100,1.100,1.100,0.000,16.64,0.1664,2.654,0.000,16.64,16.64,0.00,0,0,-1.58429,16.64,16.64,0.00,0,0,16.64,0.00,0.00,0.00,0.00,1.000,1.000,0.00,0,255.00,1,17.28,16.61,0.67,0.991,1.005,2.625,-0.003,0.085,16.64,17,0.1016
94472,0.988,0.988,1.100,1.100,1.100,1.100,0.000,16.75,0.1675,2.659,0.000,16.75,16.75,0.00,0,0,-1.59774,16.75,16.75,0.00,0,0,16.75,0.00,0.00,0.00,0.00,1.000,1.000,0.00,0,255.00,1,17.37,16.70,0.67,0.991,1.006,2.635,-0.003,0.084,16.75,17,-0.0052
94596,0.989,0.989,1.100,1.100,1.100,1.100,0.000,16.77,0.1677,2.663,0.000,16.77,16.77,0.00,0,0,-1.60770,16.77,16.77,0.00,0,0,16.77,0.00,0.00,0.00,0.00,1.000,1.000,0.00,0,255.00,1,17.39,16.73,0.66,0.992,1.007,2.640,-0.003,0.083,16.77,17,0.2492
94728,0.991,0.991,1.100,1.100,1.100,1.100,0.000,16.80,0.1680,2.668,0.000,16.80,16.80,0.00,0,0,-1.62086,16.80,16.80,0.00,0,0,16.80,0.00,0.00,0.00,0.00,1.000,1.000,0.00,0,255.00,1,17.42,16.77,0.65,0.994,1.008,2.648,-0.003,0.081,16.80,16,0.4199
94853,0.992,0.993,1.100,1.100,1.100,1.100,0.000,16.77,0.1677,2.669,0.000,16.77,16.77,0.00,0,0,-1.63046,16.77,16.77,0.00,0,0,16.77,0.00,0.00,0.00,0.00,1.000,1.000,0.00,0,255.00,1,17.39,16.75,0.64,0.996,1.009,2.647,-0.004,0.078,16.77,17,-0.3719
94988,0.996,0.996,1.100,1.100,1.100,1.100,0.000,16.69,0.1669,2.667,0.000,16.69,16.69,0.00,0,0,-1.63981,16.69,16.69,0.00,0,0,16.69,0.00,0.00,0.00,0.00,1.000,1.000,0.00,0,255.00,1,17.31,16.69,0.62,0.999,1.011,2.642,-0.002,0.074,16.69,17,-0.3566
95114,0.997,0.998,1.100,1.100,1.100,1.100,0.000,16.72,0.1672,2.663,0.000,16.72,16.72,0.00,0,0,-1.65506,16.72,16.72,0.00,0,0,16.72,0.00,0.00,0.00,0.00,1.000,1.000,0.00,0,255.00,1,17.30,16.70,0.61,1.001,1.014,2.638,-0.003,0.071,16.72,17,-0.0713
95245,1.000,0.999,1.100,1.100,1.100,1.100,0.000,16.74,0.1674,2.665,0.000,16.74,16.74,0.00,0,0,-1.66418,16.74,16.74,0.00,0,0,16.74,0.00,0.00,0.00,0.00,1.000,1.000,0.00,0,255.00,1,17.32,16.72,0.60,1.002,1.015,2.642,-0.002,0.069,16.74,17,0.1599
95370,1.005,1.002,1.100,1.100,1.100,1.100,0.000,16.65,0.1665,2.666,0.000,16.65,16.65,0.00,0,0,-1.67313,16.65,16.65,0.00,0,0,16.65,0.00,0.00,0.00,0.00,1.000,1.000,0.00,0,255.00,1,17.25,16.67,0.58,1.005,1.016,2.642,-0.000,0.066,16.65,16,0.3355
95506,1.006,1.005,1.100,1.100,1.100,1.100,0.000,16.60,0.1660,2.663,0.000,16.60,16.60,0.00,0,0,-1.68183,16.60,16.60,0.00,0,0,16.60,0.00,0.00,0.00,0.00,1.000,1.000,0.00,0,255.00,1,17.20,16.63,0.57,1.007,1.018,2.638,-0.001,0.064,16.60,16,0.2838
95633,1.007,1.007,1.100,1.100,1.100,1.100,0.000,16.59,0.1659,2.656,0.000,16.59,16.59,0.00,0,0,-1.69302,16.59,16.59,0.00,0,0,16.59,0.00,0.00,0.00,0.00,1.000,1.000,0.00,0,255.00,1,17.15,16.59,0.56,1.009,1.020,2.628,-0.002,0.060,16.59,17,-0.4912
95764,1.006,1.006,1.100,1.100,1.100,1.100,0.000,16.69,0.1669,2.656,0.000,16.69,16.69,0.00,0,0,-1.70145,16.69,16.69,0.00,0,0,16.69,0.00,0.00,0.00,0.00,1.000,1.000,0.00,0,255.00,1,17.22,16.66,0.56,1.009,1.021,2.631,-0.002,0.060,16.69,16,0.4900
95892,1.005,1.006,1.100,1.100,1.100,1.100,0.000,16.76,0.1676,2.659,0.000,16.76,16.76,0.00,0,0,-1.70987,16.76,16.76,0.00,0,0,16.76,0.00,0.00,0.00,0.00,1.000,1.000,0.00,0,255.00,1,17.27,16.71,0.56,1.009,1.021,2.636,-0.004,0.059,16.76,17,-0.3343
96020,1.006,1.007,1.100,1.100,1.100,1.100,0.000,16.78,0.1678,2.660,0.000,16.78,16.78,0.00,0,0,-1.71815,16.78,16.78,0.00,0,0,16.78,0.00,0.00,0.00,0.00,1.000,1.000,0.00,0,255.00,1,17.29,16.73,0.55,1.010,1.022,2.640,-0.004,0.058,16.78,17,-0.1740
96149,1.010,1.010,1.100,1.100,1.100,1.100,0.000,16.69,0.1669,2.660,0.000,16.69,16.69,0.00,0,0,-1.72624,16.69,16.69,0.00,0,0,16.69,0.00,0.00,0.00,0.00,1.000,1.000,0.00,0,255.00,1,17.22,16.68,0.54,1.013,1.024,2.639,-0.002,0.055,16.69,17,-0.1461
96275,1.011,1.011,1.100,1.100,1.100,1.100,0.000,16.75,0.1675,2.661,0.000,16.75,16.75,0.00,0,0,-1.73696,16.75,16.75,0.00,0,0,16.75,0.00,0.00,0.00,0.00,1.000,1.000,0.00,0,255.00,1,17.26,16.72,0.53,1.013,1.025,2.642,-0.002,0.054,16.75,17,-0.2521
96399,1.012,1.012,1.100,1.100,1.100,1.100,0.000,16.78,0.1678,2.664,0.000,16.78,16.78,0.00,0,0,-1.74753,16.78,16.78,0.00,0,0,16.78,0.00,0.00,0.00,0.00,1.000,1.000,0.00,0,255.00,1,17.28,16.75,0.53,1.014,1.026,2.646,-0.002,0.053,16.78,17,-0.2322
96528,1.014,1.014,1.100,1.100,1.100,1.100,0.000,16.78,0.1678,2.665,0.000,16.78,16.78,0.00,0,0,-1.75787,16.78,16.78,0.00,0,0,16.78,0.00,0.00,0.00,0.00,1.000,1.000,0.00,0,255.00,1,17.27,16.76,0.52,1.016,1.027,2.647,-0.002,0.051,16.78,17,-0.2747
96654,1.017,1.016,1.100,1.100,1.100,1.100,0.000,16.73,0.1673,2.665,0.000,16.73,16.73,0.00,0,0,-1.76549,16.73,16.73,0.00,0,0,16.73,0.00,0.00,0.00,0.00,1.000,1.000,0.00,0,255.00,1,17.23,16.72,0.50,1.018,1.028,2.647,-0.001,0.049,16.73,17,-0.0718
96781,1.019,1.019,1.100,1.100,1.100,1.100,0.000,16.67,0.1667,2.662,0.000,16.67,16.67,0.00,0,0,-1.77533,16.67,16.67,0.00,0,0,16.67,0.00,0.00,0.00,0.00,1.000,1.000,0.00,0,255.00,1,17.17,16.68,0.49,1.021,1.030,2.641,-0.002,0.046,16.67,17,-0.3881
96909,1.020,1.020,1.100,1.100,1.100,1.100,0.000,16.67,0.1667,2.660,0.000,16.67,16.67,0.00,0,0,-1.78256,16.67,16.67,0.00,0,0,16.67,0.00,0.00,0.00,0.00,1.000,1.000,0.00,0,255.00,1,17.15,16.67,0.48,1.022,1.032,2.638,-0.001,0.044,16.67,17,-0.4181
97038,1.020,1.020,1.100,1.100,1.100,1.100,0.000,16.74,0.1674,2.662,0.000,16.74,16.74,0.00,0,0,-1.78986,16.74,16.74,0.00,0,0,16.74,0.00,0.00,0.00,0.00,1.000,1.000,0.00,0,255.00,1,17.20,16.72,0.48,1.022,1.032,2.643,-0.001,0.044,16.74,17,-0.1535
97163,1.022,1.020,1.100,1.100,1.100,1.100,0.000,16.77,0.1677,2.665,0.000,16.77,16.77,0.00,0,0,-1.79710,16.77,16.77,0.00,0,0,16.77,0.00,0.00,0.00,0.00,1.000,1.000,0.00,0,255.00,1,17.23,16.75,0.48,1.022,1.032,2.648,-0.001,0.043,16.77,17,0.2181
97295,1.023,1.022,1.100,1.100,1.100,1.100,0.000,16.80,0.1680,2.670,0.000,16.80,16.80,0.00,0,0,-1.81364,16.80,16.80,0.00,0,0,16.80,0.00,0.00,0.00,0.00,1.000,1.000,0.00,0,255.00,1,17.25,16.79,0.46,1.024,1.034,2.655,-0.001,0.041,16.80,17,-0.2000
97420,1.024,1.024,1.100,1.100,1.100,1.100,0.000,16.79,0.1679,2.672,0.000,16.79,16.79,0.00,0,0,-1.82060,16.79,16.79,0.00,0,0,16.79,0.00,0.00,0.00,0.00,1.000,1.000,0.00,0,255.00,1,17.25,16.79,0.46,1.025,1.035,2.657,-0.001,0.040,16.79,17,0.2704
97550,1.027,1.026,1.100,1.100,1.100,1.100,0.000,16.73,0.1673,2.671,0.000,16.73,16.73,0.00,0,0,-1.82737,16.73,16.73,0.00,0,0,16.73,0.00,0.00,0.00,0.00,1.000,1.000,0.00,0,255.00,1,17.19,16.75,0.44,1.028,1.036,2.655,-0.001,0.038,16.73,17,-0.4193
97676,1.025,1.026,1.100,1.100,1.100,1.100,0.000,16.77,0.1677,2.670,0.000,16.77,16.77,0.00,0,0,-1.83400,16.77,16.77,0.00,0,0,16.77,0.00,0.00,0.00,0.00,1.000,1.000,0.00,0,255.00,1,17.21,16.77,0.44,1.028,1.037,2.652,-0.002,0.037,16.77,17,-0.1837
97803,1.027,1.027,1.100,1.100,1.100,1.100,0.000,16.83,0.1683,2.671,0.000,16.83,16.83,0.00,0,0,-1.84712,16.83,16.83,0.00,0,0,16.83,0.00,0.00,0.00,0.00,1.000,1.000,0.00,0,255.00,1,17.24,16.81,0.43,1.029,1.038,2.655,-0.002,0.036,16.83,17,-0.4509
97930,1.026,1.027,1.100,1.100,1.100,1.100,0.000,16.91,0.1691,2.675,0.000,16.91,16.91,0.00,0,0,-1.85369,16.91,16.91,0.00,0,0,16.91,0.00,0.00,0.00,0.00,1.000,1.000,0.00,0,255.00,1,17.30,16.86,0.44,1.029,1.039,2.661,-0.003,0.036,16.91,17,0.1764
98057,1.027,1.028,1.100,1.100,1.100,1.100,0.000,16.92,0.1692,2.679,0.000,16.92,16.92,0.00,0,0,-1.86021,16.92,16.92,0.00,0,0,16.92,0.00,0.00,0.00,0.00,1.000,1.000,0.00,0,255.00,1,17.32,16.89,0.43,1.030,1.039,2.667,-0.002,0.035,16.92,17,-0.0967
98186,1.031,1.031,1.100,1.100,1.100,1.100,0.000,16.84,0.1684,2.678,0.000,16.84,16.84,0.00,0,0,-1.87062,16.84,16.84,0.00,0,0,16.84,0.00,0.00,0.00,0.00,1.000,1.000,0.00,0,255.00,1,17.25,16.83,0.41,1.032,1.041,2.663,-0.002,0.033,16.84,17,-0.0266
98312,1.034,1.033,1.100,1.100,1.100,1.100,0.000,16.77,0.1677,2.676,0.000,16.77,16.77,0.00,0,0,-1.87668,16.77,16.77,0.00,0,0,16.77,0.00,0.00,0.00,0.00,1.000,1.000,0.00,0,255.00,1,17.18,16.78,0.40,1.035,1.043,2.659,-0.001,0.031,16.77,16,0.3115
98438,1.035,1.034,1.100,1.100,1.100,1.100,0.000,16.77,0.1677,2.674,0.000,16.77,16.77,0.00,0,0,-1.88264,16.77,16.77,0.00,0,0,16.77,0.00,0.00,0.00,0.00,1.000,1.000,0.00,0,255.00,1,17.17,16.78,0.39,1.036,1.044,2.657,-0.001,0.030,16.77,17,-0.3660
98567,1.037,1.037,1.100,1.100,1.100,1.100,0.000,16.84,0.1684,2.675,0.000,16.84,16.84,0.00,0,0,-1.89235,16.84,16.84,0.00,0,0,16.84,0.00,0.00,0.00,0.00,1.000,1.000,0.00,0,255.00,1,17.19,16.81,0.38,1.038,1.046,2.656,-0.001,0.027,16.84,17,-0.2900
98693,1.039,1.038,1.100,1.100,1.100,1.100,0.000,16.92,0.1692,2.680,0.000,16.92,16.92,0.00,0,0,-1.90381,16.92,16.92,0.00,0,0,16.92,0.00,0.00,0.00,0.00,1.000,1.000,0.00,0,255.00,1,17.24,16.88,0.37,1.040,1.049,2.663,-0.001,0.025,16.92,17,0.0959
98820,1.040,1.039,1.100,1.100,1.100,1.100,0.000,16.99,0.1699,2.687,0.000,16.99,16.99,0.00,0,0,-1.91307,16.99,16.99,0.00,0,0,16.99,0.00,0.00,0.00,0.00,1.000,1.000,0.00,0,255.00,1,17.30,16.94,0.36,1.041,1.050,2.671,-0.001,0.024,16.99,17,-0.0495
98945,1.041,1.040,1.100,1.100,1.100,1.100,0.000,17.06,0.1706,2.695,0.000,17.06,17.06,0.00,0,0,-1.92212,17.06,17.06,0.00,0,0,17.06,0.00,0.00,0.00,0.00,1.000,1.000,0.00,0,255.00,1,17.36,17.00,0.35,1.042,1.051,2.680,-0.001,0.023,17.06,17,0.1427
99071,1.042,1.042,1.100,1.100,1.100,1.100,0.000,17.14,0.1714,2.706,0.000,17.14,17.14,0.00,0,0,-1.93265,17.14,17.14,0.00,0,0,17.14,0.00,0.00,0.00,0.00,1.000,1.000,0.00,0,255.00,1,17.42,17.08,0.34,1.044,1.052,2.691,-0.002,0.022,17.14,17,-0.2089
99201,1.043,1.043,1.100,1.100,1.100,1.100,0.000,17.22,0.1722,2.717,0.000,17.22,17.22,0.00,0,0,-1.94285,17.22,17.22,0.00,0,0,17.22,0.00,0.00,0.00,0.00,1.000,1.000,0.00,0,255.00,1,17.49,17.15,0.34,1.045,1.053,2.702,-0.002,0.021,17.22,17,-0.1148
99330,1.046,1.046,1.100,1.100,1.100,1.100,0.000,17.28,0.1728,2.728,0.000,17.28,17.28,0.00,0,0,-1.95282,17.28,17.28,0.00,0,0,17.28,0.00,0.00,0.00,0.00,1.000,1.000,0.00,0,255.00,1,17.54,17.22,0.32,1.048,1.055,2.714,-0.001,0.019,17.28,17,0.4384
99458,1.048,1.048,1.100,1.100,1.100,1.100,0.000,17.31,0.1731,2.733,0.000,17.31,17.31,0.00,0,0,-1.95761,17.31,17.31,0.00,0,0,17.31,0.00,0.00,0.00,0.00,1.000,1.000,0.00,0,255.00,1,17.56,17.25,0.31,1.049,1.057,2.719,-0.001,0.018,17.31,17,0.3552
99589,1.050,1.050,1.100,1.100,1.100,1.100,0.000,17.33,0.1733,2.738,0.000,17.33,17.33,0.00,0,0,-1.96217,17.33,17.33,0.00,0,0,17.33,0.00,0.00,0.00,0.00,1.000,1.000,0.00,0,255.00,1,17.56,17.26,0.30,1.052,1.059,2.720,-0.002,0.016,17.33,17,0.3284
99720,1.054,1.053,1.100,1.100,1.100,1.100,0.000,17.35,0.1735,2.743,0.000,17.35,17.35,0.00,0,0,-1.96779,17.35,17.35,0.00,0,0,17.35,0.00,0.00,0.00,0.00,1.000,1.000,0.00,0,255.00,1,17.55,17.28,0.28,1.055,1.062,2.720,-0.001,0.014,17.35,18,-0.3188
99849,1.056,1.057,1.100,1.100,1.100,1.100,0.000,17.43,0.1743,2.754,0.000,17.43,17.43,0.00,0,0,-1.97949,17.43,17.43,0.00,0,0,17.43,0.00,0.00,0.00,0.00,1.000,1.000,0.00,0,255.00,1,17.60,17.34,0.26,1.058,1.065,2.729,-0.002,0.012,17.43,17,0.1469
99980,1.060,1.060,1.100,1.100,1.100,1.100,0.000,17.50,0.1750,2.766,0.000,17.50,17.50,0.00,0,0,-1.99080,17.50,17.50,0.00,0,0,17.50,0.00,0.00,0.00,0.00,1.000,1.000,0.00,0,255.00,1,17.68,17.44,0.24,1.061,1.067,2.747,-0.001,0.010,17.50,17,0.4032
100106,1.064,1.064,1.100,1.100,1.100,1.100,0.000,17.58,0.1758,2.778,0.000,17.58,17.58,0.00,0,0,-2.00322,17.58,17.58,0.00,0,0,17.58,0.00,0.00,0.00,0.00,1.000,1.000,0.00,0,255.00,1,17.73,17.52,0.22,1.065,1.071,2.761,-0.001,0.008,17.58,17,0.3574
100236,1.068,1.068,1.100,1.100,1.100,1.100,0.000,17.65,0.1765,2.790,0.000,17.65,17.65,0.00,0,0,-2.01451,17.65,17.65,0.00,0,0,17.65,0.00,0.00,0.00,0.00,1.000,1.000,0.00,0,255.00,1,17.78,17.59,0.19,1.069,1.074,2.773,-0.001,0.007,17.65,18,0.1349
100365,1.072,1.072,1.100,1.100,1.100,1.100,0.000,17.72,0.1772,2.802,0.000,17.72,17.72,0.00,0,0,-2.02705,17.72,17.72,0.00,0,0,17.72,0.00,0.00,0.00,0.00,1.000,1.000,0.00,0,255.00,1,17.83,17.66,0.17,1.073,1.078,2.786,-0.001,0.005,17.72,18,-0.2784
100501,1.074,1.074,1.100,1.100,1.100,1.100,0.000,17.79,0.1779,2.813,0.000,17.79,17.79,0.00,0,0,-2.03699,17.79,17.79,0.00,0,0,17.79,0.00,0.00,0.00,0.00,1.000,1.000,0.00,0,255.00,1,17.90,17.75,0.16,1.075,1.079,2.801,-0.001,0.004,17.79,18,-0.1198
100629,1.080,1.080,1.100,1.100,1.100,1.100,0.000,17.82,0.1782,2.820,0.000,17.82,17.82,0.00,0,0,-2.04585,17.82,17.82,0.00,0,0,17.82,0.00,0.00,0.00,0.00,1.000,1.000,0.00,0,255.00,1,17.88,17.77,0.12,1.081,1.084,2.802,-0.001,0.002,17.82,17,0.3713
100760,1.083,1.083,1.100,1.100,1.100,1.100,0.000,17.84,0.1784,2.824,0.000,17.84,17.84,0.00,0,0,-2.05136,17.84,17.84,0.00,0,0,17.84,0.00,0.00,0.00,0.00,1.000,1.000,0.00,0,255.00,1,17.89,17.79,0.10,1.084,1.087,2.806,-0.001,0.002,17.84,18,-0.2978
100889,1.086,1.085,1.100,1.100,1.100,1.100,0.000,17.89,0.1789,2.830,0.000,17.89,17.89,0.00,0,0,-2.05845,17.89,17.89,0.00,0,0,17.89,0.00,0.00,0.00,0.00,1.000,1.000,0.00,0,255.00,1,17.94,17.86,0.09,1.086,1.088,2.820,0.000,0.001,17.89,18,-0.3088
101019,1.087,1.087,1.100,1.100,1.100,1.100,0.000,17.89,0.1789,2.832,0.000,17.89,17.89,0.00,0,0,-2.06082,17.89,17.89,0.00,0,0,17.89,0.00,0.00,0.00,0.00,1.000,1.000,0.00,0,255.00,1,17.93,17.86,0.07,1.088,1.090,2.820,-0.000,0.001,17.89,18,0.0075
101140,1.092,1.091,1.100,1.100,1.100,1.100,0.000,17.90,0.1790,2.833,0.000,17.90,17.90,0.00,0,0,-2.06544,17.90,17.90,0.00,0,0,17.90,0.00,0.00,0.00,0.00,1.000,1.000,0.00,0,255.00,1,17.93,17.87,0.05,1.091,1.093,2.824,0.000,0.000,17.90,18,0.0230
101278,1.094,1.093,1.074,1.095,1.074,1.095,-0.093,17.84,0.1784,2.833,0.000,17.84,17.84,0.00,0,0,-2.06592,17.84,17.84,0.00,0,0,17.84,0.00,0.00,0.00,0.00,1.000,1.000,0.00,0,255.00,1,17.47,17.46,0.00,1.092,1.086,2.823,0.002,0.002,17.84,18,-0.3594
101403,1.099,1.097,1.084,1.089,1.084,1.089,-0.060,17.75,0.1775,2.828,0.000,17.75,17.75,0.00,0,0,-2.06539,17.75,17.75,0.00,0,0,17.75,0.00,0.00,0.00,0.00,1.000,1.000,0.00,0,255.00,1,17.46,17.51,-0.06,1.096,1.091,2.813,0.002,0.002,17.75,18,-0.0359
101535,1.102,1.101,1.093,1.086,1.093,1.086,-0.012,17.68,0.1768,2.820,0.000,17.68,17.68,0.00,0,0,-2.06379,17.68,17.68,0.00,0,0,17.68,0.00,0.00,0.00,0.00,1.000,1.000,0.00,0,255.00,1,17.53,17.62,-0.09,1.101,1.098,2.798,0.001,0.002,17.68,18,-0.2291
101650,1.105,1.104,1.106,1.094,1.106,1.094,0.058,17.71,0.1771,2.811,0.000,17.71,17.71,0.00,0,0,-2.06116,17.71,17.71,0.00,0,0,17.71,0.00,0.00,0.00,0.00,1.000,1.000,0.00,0,255.00,1,17.84,17.89,-0.05,1.105,1.108,2.787,0.000,0.000,17.71,18,-0.3859
101781,1.106,1.105,1.121,1.101,1.121,1.101,0.093,17.76,0.1776,2.810,0.000,17.76,17.76,0.00,0,0,-2.06062,17.76,17.76,0.00,0,0,17.76,0.00,0.00,0.00,0.00,1.000,1.000,0.00,0,255.00,1,18.04,18.06,-0.02,1.107,1.114,2.786,-0.001,0.001,17.76,18,-0.1600
101908,1.108,1.107,1.162,1.114,1.162,1.114,0.134,17.87,0.1787,2.813,0.000,17.87,17.87,0.00,0,0,-2.06100,17.87,17.87,0.00,0,0,17.87,0.00,0.00,0.00,0.00,1.000,1.000,0.00,0,255.00,1,18.36,18.30,0.05,1.109,1.121,2.789,-0.001,0.004,17.87,18,0.3485
102037,1.111,1.110,1.188,1.132,1.188,1.132,0.241,18.02,0.1802,2.820,0.000,18.02,18.02,0.00,0,0,-2.06255,18.02,18.02,0.00,0,0,18.02,0.00,0.00,0.00,0.00,1.000,1.000,0.00,0,255.00,1,18.99,18.84,0.16,1.114,1.136,2.795,-0.002,0.021,18.02,18,0.2563
102164,1.114,1.113,1.216,1.154,1.216,1.154,0.272,18.22,0.1822,2.832,0.000,18.22,18.22,0.00,0,0,-2.06564,18.22,18.22,0.00,0,0,18.22,0.00,0.00,0.00,0.00,1.000,1.000,0.00,0,255.00,1,19.37,19.11,0.26,1.119,1.146,2.804,-0.003,0.037,18.22,19,-0.2900
102296,1.118,1.117,1.283,1.181,1.283,1.181,0.324,18.49,0.1849,2.850,0.000,18.49,18.49,0.00,0,0,-2.07065,18.49,18.49,0.00,0,0,18.49,0.00,0.00,0.00,0.00,1.000,1.000,0.00,1,60.00,1,19.93,19.52,0.41,1.124,1.159,2.817,-0.006,0.070,18.49,19,-0.1258
102424,1.124,1.122,1.321,1.215,1.321,1.215,0.342,19.66,0.1966,2.896,0.000,19.66,19.66,0.00,0,0,-2.07826,19.66,19.66,0.00,0,0,19.66,0.00,0.00,0.00,0.00,1.000,1.000,0.00,1,60.00,1,20.96,20.38,0.57,1.132,1.179,2.857,-0.007,0.094,19.66,20,-0.4496
102555,1.130,1.128,1.361,1.254,1.361,1.254,0.478,21.24,0.2124,2.986,0.000,21.24,21.24,0.00,0,0,-2.08858,21.24,21.24,0.00,0,0,21.24,0.00,0.00,0.00,0.00,1.000,1.000,0.00,1,60.00,1,22.83,22.06,0.77,1.142,1.212,2.940,-0.010,0.159,21.24,22,-0.3523
102679,1.149,1.145,1.406,1.300,1.406,1.300,0.521,22.55,0.2255,3.104,0.000,22.55,22.55,0.00,0,0,-2.10152,22.55,22.55,0.00,0,0,22.55,0.00,0.00,0.00,0.00,1.000,1.000,0.00,1,60.00,1,24.22,23.28,0.94,1.162,1.244,3.037,-0.012,0.215,22.55,23,-0.1779
102811,1.172,1.167,1.504,1.346,1.504,1.346,0.525,23.64,0.2364,3.236,0.000,23.64,23.64,0.00,0,0,-2.11678,23.64,23.64,0.00,0,0,23.64,0.00,0.00,0.00,0.00,1.000,1.000,0.00,1,60.00,1,25.30,24.21,1.08,1.185,1.274,3.136,-0.012,0.265,23.64,23,0.4655
102937,1.208,1.199,1.558,1.403,1.558,1.403,0.697,24.70,0.2470,3.377,0.000,24.70,24.70,0.00,0,0,-2.13441,24.70,24.70,0.00,0,0,24.70,0.00,0.00,0.00,0.00,1.000,1.000,0.00,1,60.00,1,27.06,25.81,1.25,1.221,1.328,3.229,-0.009,0.393,24.70,24,0.4712
103071,1.245,1.235,1.615,1.462,1.615,1.462,0.691,25.58,0.2558,3.517,0.000,25.58,25.58,0.00,0,0,-2.15417,25.58,25.58,0.00,0,0,25.58,0.00,0.00,0.00,0.00,1.000,1.000,0.00,1,60.00,1,27.94,26.57,1.38,1.258,1.370,3.309,-0.009,0.451,25.58,25,0.3392
103199,1.301,1.284,1.738,1.532,1.738,1.532,0.719,26.38,0.2638,3.653,0.000,26.38,26.38,0.00,0,0,-2.17599,26.38,26.38,0.00,0,0,26.38,0.00,0.00,0.00,0.00,1.000,1.000,0.00,1,60.00,1,28.88,27.37,1.50,1.309,1.428,3.370,-0.007,0.528,26.38,27,-0.1576
103332,1.348,1.331,1.805,1.601,1.805,1.601,0.692,27.21,0.2721,3.785,0.000,27.21,27.21,0.00,0,0,-2.19986,27.21,27.21,0.00,0,0,27.20,0.00,0.00,0.01,0.00,1.000,1.001,0.00,1,60.00,1,29.58,27.95,1.63,1.356,1.479,3.425,-0.007,0.581,27.21,27,-0.0976
103457,1.401,1.386,1.874,1.675,1.874,1.675,0.896,27.92,0.2792,3.901,0.000,27.92,27.92,0.00,0,0,-2.22504,27.92,27.92,0.00,0,0,27.90,0.00,0.02,0.04,0.01,1.000,1.003,0.02,1,60.00,1,31.12,29.36,1.76,1.415,1.558,3.458,-0.011,0.758,27.92,28,-0.3794
103587,1.460,1.444,1.947,1.758,1.947,1.758,0.928,28.81,0.2881,4.018,0.000,28.81,28.81,0.00,0,0,-2.25233,28.81,28.81,0.00,0,0,28.77,0.00,0.04,0.09,0.03,1.000,1.005,0.04,1,60.00,1,32.09,30.19,1.90,1.475,1.627,3.494,-0.014,0.861,28.81,29,-0.0972
103712,1.544,1.520,2.102,1.847,2.102,1.847,0.892,29.32,0.2932,4.129,0.000,29.32,29.32,0.00,0,0,-2.28151,29.32,29.32,0.00,0,0,29.24,0.00,0.09,0.15,0.05,1.000,1.009,0.09,1,60.00,1,32.46,30.49,1.97,1.551,1.704,3.516,-0.006,0.888,29.32,30,-0.4631
103841,1.621,1.606,2.185,1.955,2.185,1.955,0.753,30.24,0.3024,4.258,0.000,30.24,30.24,0.00,0,0,-2.32222,30.24,30.24,0.00,0,0,30.08,0.00,0.16,0.21,0.09,1.000,1.015,0.16,1,60.00,1,32.66,30.57,2.09,1.636,1.787,3.532,-0.015,0.876,30.24,30,-0.0834
103967,1.703,1.682,2.270,2.048,2.270,2.048,1.082,30.98,0.3098,4.348,0.000,30.98,30.98,0.00,0,0,-2.35421,30.98,30.98,0.00,0,0,30.71,0.00,0.26,0.44,0.12,1.000,1.022,0.26,1,60.00,1,34.76,32.55,2.21,1.719,1.897,3.548,-0.014,1.159,30.98,31,-0.3546
104098,1.784,1.763,2.359,2.143,2.359,2.143,1.063,31.65,0.3165,4.434,0.000,31.65,31.65,0.00,0,0,-2.38755,31.65,31.65,0.00,0,0,31.26,0.00,0.39,0.59,0.16,1.000,1.030,0.39,1,60.00,1,35.27,32.98,2.29,1.801,1.982,3.558,-0.015,1.193,31.65,31,0.4795
104223,1.900,1.865,2.547,2.246,2.547,2.246,1.038,32.02,0.3202,4.518,0.000,32.02,32.02,0.00,0,0,-2.42215,32.02,32.02,0.00,0,0,31.46,0.00,0.56,0.76,0.21,1.000,1.038,0.56,1,60.00,1,35.50,33.21,2.29,1.902,2.083,3.556,-0.001,1.173,32.02,32,-0.4573
104353,2.006,1.974,2.644,2.346,2.644,2.346,1.015,32.17,0.3217,4.579,0.000,32.17,32.17,0.00,0,0,-2.45624,32.17,32.17,0.00,0,0,31.43,0.00,0.74,0.94,0.27,1.000,1.048,0.74,1,60.00,1,35.41,33.17,2.24,2.010,2.190,3.509,-0.003,1.099,32.17,32,0.2181
104480,2.104,2.079,2.745,2.465,2.745,2.465,1.366,33.12,0.3312,4.630,0.000,33.12,33.12,0.00,0,0,-2.49002,33.12,33.12,0.00,0,0,32.04,0.00,1.08,1.61,0.33,1.000,1.060,1.08,1,60.00,1,37.56,35.21,2.35,2.123,2.337,3.447,-0.016,1.377,33.12,33,0.0116
104608,2.211,2.181,2.850,2.594,2.850,2.594,1.294,34.49,0.3449,4.709,0.000,34.49,34.49,0.00,0,0,-2.52639,34.49,34.49,0.00,0,0,33.01,0.00,1.49,1.92,0.41,1.000,1.073,1.49,1,60.00,1,38.29,35.80,2.48,2.227,2.448,3.438,-0.015,1.382,34.49,34,0.1706
104734,2.359,2.314,3.068,2.726,3.068,2.726,1.558,35.24,0.3524,4.790,0.000,35.24,35.24,0.00,0,0,-2.56356,35.24,35.24,0.00,0,0,33.28,0.00,1.96,2.82,0.49,1.000,1.087,1.96,1,60.00,1,40.05,37.55,2.50,2.364,2.607,3.421,0.002,1.572,35.24,35,0.1819
104865,2.512,2.466,3.182,2.844,3.182,2.844,1.146,34.96,0.3496,4.844,0.000,34.96,34.96,0.00,0,0,-2.59900,34.96,34.96,0.00,0,0,32.70,0.00,2.26,2.43,0.56,1.000,1.100,2.26,1,60.00,1,37.69,35.43,2.25,2.509,2.718,3.342,0.005,1.044,34.96,35,-0.1376
104993,2.640,2.605,3.420,2.980,3.420,2.980,1.564,35.87,0.3587,4.875,0.000,35.87,35.87,0.00,0,0,-2.63209,35.87,35.87,0.00,0,0,32.98,0.00,2.89,3.89,0.64,1.000,1.115,2.89,1,60.00,1,39.98,37.71,2.26,2.656,2.902,3.235,-0.012,1.254,35.87,36,-0.1516
105124,2.752,2.720,3.544,3.127,3.544,3.127,1.482,37.85,0.3785,4.950,0.000,37.85,37.85,0.00,0,0,-2.66776,37.85,37.85,0.00,0,0,34.23,0.00,3.62,4.28,0.72,1.000,1.129,3.62,1,60.00,1,41.06,38.63,2.44,2.773,3.030,3.227,-0.020,1.258,37.85,38,-0.4046
105248,2.938,2.890,3.670,3.278,3.670,3.278,1.785,38.62,0.3862,5.026,0.000,38.62,38.62,0.00,0,0,-2.70325,38.62,38.62,0.00,0,0,34.20,0.00,4.41,5.87,0.80,1.000,1.144,4.41,1,60.00,1,43.01,40.66,2.35,2.947,3.225,3.204,-0.001,1.370,38.62,39,-0.4042
105379,3.112,3.064,3.800,3.439,3.800,3.439,1.780,39.70,0.3970,5.097,0.000,39.70,39.70,0.00,0,0,-2.73742,39.70,39.70,0.00,0,0,34.38,0.00,5.32,6.56,0.87,1.000,1.157,5.32,1,60.00,1,43.59,41.33,2.26,3.122,3.404,3.148,-0.006,1.218,39.70,40,-0.4120
105507,3.290,3.244,4.069,3.591,4.069,3.591,1.683,40.10,0.4010,5.144,0.000,40.10,40.10,0.00,0,0,-2.76873,40.10,40.10,0.00,0,0,34.17,0.00,5.93,6.76,0.93,1.000,1.167,5.93,1,60.00,1,43.06,40.99,2.07,3.301,3.577,3.047,-0.008,0.947,40.10,40,-0.1603
105637,3.498,3.436,4.209,3.763,4.209,3.763,2.035,41.08,0.4108,5.190,0.000,41.08,41.08,0.00,0,0,-2.79867,41.08,41.08,0.00,0,0,34.27,0.00,6.81,8.00,0.97,1.000,1.175,6.81,1,60.00,1,45.26,43.28,1.98,3.499,3.803,2.956,0.009,1.054,41.08,41,0.1333
105763,3.676,3.622,4.351,3.930,4.351,3.930,1.924,41.69,0.4169,5.228,0.000,41.69,41.69,0.00,0,0,-2.82707,41.69,41.69,0.00,0,0,34.40,0.00,7.29,8.00,1.00,1.000,1.180,7.29,1,60.00,1,44.91,43.06,1.85,3.684,3.982,2.866,0.001,0.829,41.69,42,-0.2346
105897,3.853,3.807,4.645,4.104,4.645,4.104,1.937,42.37,0.4237,5.245,0.000,42.37,42.37,0.00,0,0,-2.85321,42.37,42.37,0.00,0,0,34.76,0.00,7.62,8.00,1.00,1.000,1.180,7.62,1,60.00,1,45.25,43.46,1.78,3.870,4.172,2.764,-0.013,0.743,42.37,43,-0.4871
106023,4.054,3.992,4.798,4.285,4.798,4.285,1.822,43.13,0.4313,5.268,0.000,43.13,43.13,0.00,0,0,-2.88002,43.13,43.13,0.00,0,0,35.34,0.00,7.79,8.00,1.00,1.000,1.180,7.79,1,60.00,1,45.18,43.43,1.74,4.054,4.351,2.707,0.003,0.634,43.13,43,0.4520
106153,4.233,4.195,4.953,4.516,4.953,4.516,1.982,44.83,0.4483,5.297,0.000,44.83,44.83,0.00,0,0,-2.91615,44.83,44.83,0.00,0,0,36.92,0.00,7.91,8.00,1.00,1.000,1.180,7.91,1,60.00,1,47.53,45.61,1.92,4.261,4.578,2.686,-0.020,0.814,44.83,44,0.3747
106277,4.423,4.373,5.111,4.698,5.111,4.698,2.032,45.73,0.4573,5.326,0.000,45.73,45.73,0.00,0,0,-2.94468,45.73,45.73,0.00,0,0,37.78,0.00,7.95,8.00,1.00,1.000,1.180,7.95,1,60.00,1,48.81,46.86,1.95,4.439,4.759,2.707,-0.013,0.877,45.73,46,0.2118
106409,4.638,4.583,5.417,4.872,5.417,4.872,1.943,45.78,0.4578,5.329,0.000,45.78,45.78,0.00,0,0,-2.97101,45.78,45.78,0.00,0,0,37.81,0.00,7.97,8.00,1.00,1.000,1.180,7.97,1,60.00,1,48.32,46.59,1.73,4.646,4.953,2.655,-0.005,0.677,45.78,46,-0.1303
106533,4.868,4.797,5.568,5.068,5.568,5.068,2.291,46.66,0.4666,5.327,0.000,46.66,46.66,0.00,0,0,-2.99599,46.66,46.66,0.00,0,0,38.68,0.00,7.99,8.00,1.00,1.000,1.180,7.99,1,60.00,1,50.85,49.20,1.65,4.866,5.197,2.578,0.013,0.831,46.66,47,-0.0435
106665,5.050,4.993,5.715,5.254,5.715,5.254,2.119,47.58,0.4758,5.324,0.000,47.58,47.58,0.00,0,0,-3.02002,47.58,47.58,0.00,0,0,39.59,0.00,7.99,8.00,1.00,1.000,1.180,7.99,1,60.00,1,50.46,48.89,1.57,5.059,5.381,2.505,-0.001,0.617,47.58,48,-0.1565
106789,5.231,5.179,5.857,5.441,5.857,5.441,2.055,48.63,0.4863,5.319,0.000,48.63,48.63,0.00,0,0,-3.04312,48.63,48.63,0.00,0,0,40.64,0.00,8.00,8.00,1.00,1.000,1.180,8.00,1,60.00,1,50.89,49.33,1.56,5.246,5.566,2.450,-0.011,0.553,48.63,49,-0.4616
106921,5.432,5.376,6.133,5.613,6.133,5.613,1.891,49.41,0.4941,5.311,0.000,49.41,49.41,0.00,0,0,-3.06472,49.41,49.41,0.00,0,0,41.41,0.00,8.00,8.00,1.00,1.000,1.180,8.00,1,60.00,1,50.41,49.02,1.40,5.440,5.748,2.404,-0.005,0.378,49.41,50,-0.1717
107046,5.664,5.607,6.266,5.800,6.266,5.800,2.153,50.05,0.5005,5.292,0.000,50.05,50.05,0.00,0,0,-3.08295,50.05,50.05,0.00,0,0,42.06,0.00,8.00,8.00,1.00,1.000,1.180,8.00,1,60.00,1,52.23,51.08,1.16,5.674,5.995,2.315,-0.001,0.346,50.05,50,0.2033
107180,5.860,5.804,6.396,5.972,6.396,5.972,1.956,50.82,0.5082,5.267,0.000,50.82,50.82,0.00,0,0,-3.09895,50.82,50.82,0.00,0,0,42.82,0.00,8.00,8.00,1.00,1.000,1.180,8.00,1,60.00,1,51.41,50.42,0.99,5.868,6.176,2.244,-0.000,0.190,50.82,51,-0.0547
107310,6.089,6.022,6.647,6.143,6.647,6.143,1.876,51.35,0.5135,5.231,0.000,51.35,51.35,0.00,0,0,-3.11103,51.35,51.35,0.00,0,0,43.35,0.00,8.00,8.00,1.00,1.000,1.180,8.00,1,60.00,1,50.98,50.27,0.71,6.084,6.382,2.157,0.010,0.089,51.35,51,0.3757
107441,6.245,6.198,6.767,6.324,6.767,6.324,2.058,52.43,0.5243,5.197,0.000,52.43,52.43,0.00,0,0,-3.12208,52.43,52.43,0.00,0,0,44.43,0.00,8.00,8.00,1.00,1.000,1.180,8.00,1,60.00,1,53.11,52.36,0.74,6.263,6.576,2.115,-0.011,0.119,52.43,53,-0.4683
107569,6.428,6.380,6.885,6.500,6.885,6.500,1.909,53.43,0.5343,5.165,0.000,53.43,53.43,0.00,0,0,-3.13228,53.43,53.43,0.00,0,0,45.43,0.00,8.00,8.00,1.00,1.000,1.180,8.00,1,60.00,1,53.05,52.36,0.69,6.443,6.745,2.098,-0.012,0.088,53.43,54,-0.4510
107703,6.683,6.608,6.999,6.657,6.999,6.657,1.697,53.64,0.5364,5.122,0.000,53.64,53.64,0.00,0,0,-3.13871,53.64,53.64,0.00,0,0,45.64,0.00,8.00,8.00,1.00,1.000,1.180,8.00,0,255.00,1,51.49,51.23,0.25,6.666,6.944,2.045,0.022,0.062,53.64,53,0.2485
107829,6.858,6.806,7.217,6.809,7.217,6.809,1.525,54.04,0.5404,5.064,0.000,54.04,54.04,0.00,0,0,-3.14032,54.04,54.04,0.00,0,0,46.04,0.00,8.00,8.00,1.00,1.000,1.180,8.00,0,255.00,1,50.26,50.29,-0.03,6.860,7.123,1.966,0.000,0.179,54.04,54,0.0213
107960,7.019,6.974,7.323,6.956,7.323,6.956,1.693,54.64,0.5464,5.004,0.000,54.64,54.64,0.00,0,0,-3.13917,54.64,54.64,0.00,0,0,46.64,0.00,8.00,8.00,1.00,1.000,1.180,8.00,0,255.00,1,51.93,52.07,-0.14,7.030,7.300,1.932,-0.004,0.098,54.64,54,0.2743
108086,7.204,7.144,7.425,7.103,7.425,7.103,1.596,55.22,0.5522,4.945,0.000,55.22,55.22,0.00,0,0,-3.13637,55.22,55.22,0.00,0,0,47.22,0.00,8.00,8.00,1.00,1.000,1.180,8.00,0,255.00,1,51.84,52.13,-0.28,7.198,7.456,1.933,0.010,0.165,55.22,55,0.4162
108216,7.346,7.290,7.522,7.234,7.522,7.234,1.426,55.79,0.5579,4.888,0.000,55.79,55.79,0.00,0,0,-3.13211,55.79,55.79,0.00,0,0,47.79,0.00,8.00,8.00,1.00,0.998,1.180,8.00,0,255.00,1,51.38,51.76,-0.38,7.340,7.582,1.967,0.009,0.287,55.79,55,0.3228
108340,7.488,7.444,7.710,7.363,7.710,7.363,1.295,56.22,0.5622,4.829,0.000,56.22,56.22,0.00,0,0,-3.12574,56.22,56.22,0.00,0,0,48.22,0.00,8.00,8.00,1.00,0.936,1.180,8.00,0,255.00,1,51.01,51.55,-0.54,7.491,7.717,1.995,-0.001,0.423,56.22,57,-0.3290
108474,7.627,7.584,7.799,7.498,7.799,7.498,1.485,56.90,0.5690,4.772,0.000,56.90,56.90,0.00,0,0,-3.11820,56.90,56.90,0.00,0,0,48.90,0.00,8.00,8.00,0.99,0.911,1.178,8.00,0,255.00,1,53.50,54.05,-0.55,7.633,7.866,2.038,-0.004,0.216,56.90,57,-0.2836
108596,7.784,7.734,7.884,7.628,7.884,7.628,1.299,57.21,0.5721,4.715,0.000,57.21,57.21,0.00,0,0,-3.10955,57.21,57.21,0.00,0,0,49.41,0.00,7.80,6.92,0.94,0.809,1.170,7.80,0,255.00,1,52.68,53.36,-0.68,7.778,7.992,2.068,0.007,0.369,57.21,57,0.4220
108729,7.904,7.871,7.967,7.734,7.967,7.734,1.154,55.97,0.5597,4.632,0.000,55.97,55.97,0.00,0,0,-3.09781,55.97,55.97,0.00,0,0,49.57,0.00,6.40,4.28,0.89,0.595,1.160,6.40,0,255.00,1,50.97,51.84,-0.86,7.911,8.103,2.063,-0.005,0.492,55.97,55,0.4849
108855,7.926,7.921,8.122,7.846,8.122,7.846,1.281,57.18,0.5718,4.560,0.000,57.18,57.18,0.00,0,0,-3.08855,57.18,57.18,0.00,0,0,50.94,0.00,6.24,7.01,0.81,0.957,1.146,6.24,0,255.00,1,53.98,54.46,-0.48,7.963,8.164,2.158,-0.034,0.181,57.18,57,0.1235
108989,7.956,7.941,8.195,7.955,8.195,7.955,1.188,59.10,0.5910,4.538,0.000,59.10,59.10,0.00,0,0,-3.08776,59.10,59.10,0.00,0,0,52.76,0.00,6.34,6.08,0.72,1.000,1.130,6.34,0,255.00,1,56.74,56.68,0.06,7.982,8.177,2.418,-0.026,0.067,59.10,59,-0.1692
109117,8.198,8.138,8.332,8.053,8.332,8.053,1.053,57.93,0.5793,4.495,0.000,57.93,57.93,0.00,0,0,-3.08357,57.93,57.93,0.00,0,0,52.25,0.00,5.68,4.35,0.64,0.916,1.115,5.68,0,255.00,1,55.13,55.67,-0.53,8.172,8.335,2.482,0.029,0.161,57.93,58,0.1473
109248,8.293,8.268,8.395,8.152,8.395,8.152,1.130,57.09,0.5709,4.414,0.000,57.09,57.09,0.00,0,0,-3.07318,57.09,57.09,0.00,0,0,52.47,0.00,4.62,3.27,0.54,0.747,1.098,4.62,0,255.00,1,55.07,55.77,-0.70,8.302,8.463,2.402,-0.006,0.148,57.09,57,-0.1206
109376,8.246,8.261,8.456,8.242,8.456,8.242,0.997,58.25,0.5825,4.356,0.000,58.25,58.25,0.00,0,0,-3.06784,58.25,58.25,0.00,0,0,54.25,0.00,4.00,3.27,0.46,1.000,1.083,4.00,0,255.00,1,56.04,56.18,-0.14,8.294,8.454,2.494,-0.048,0.065,58.25,58,0.0702
109508,8.298,8.279,8.567,8.333,8.567,8.333,0.913,59.39,0.5939,4.337,0.000,59.39,59.39,0.00,0,0,-3.07146,59.39,59.39,0.00,0,0,55.92,0.00,3.47,2.45,0.38,1.000,1.068,3.47,0,255.00,1,58.21,57.90,0.30,8.310,8.460,2.727,-0.012,0.031,59.39,60,-0.3918
109634,8.456,8.413,8.618,8.417,8.618,8.417,0.942,58.93,0.5893,4.304,0.000,58.93,58.93,0.00,0,0,-3.07373,58.93,58.93,0.00,0,0,56.06,0.00,2.86,2.03,0.30,1.000,1.054,2.86,0,255.00,1,58.78,58.76,0.02,8.442,8.579,2.805,0.018,0.000,58.93,59,0.0596
109765,8.532,8.513,8.665,8.495,8.665,8.495,0.843,58.74,0.5874,4.251,0.000,58.74,58.74,0.00,0,0,-3.07192,58.74,58.74,0.00,0,0,56.46,0.00,2.28,1.42,0.24,1.000,1.042,2.28,0,255.00,1,57.76,57.87,-0.11,8.539,8.666,2.765,-0.007,0.014,58.74,59,0.1125
109895,8.552,8.545,8.751,8.563,8.751,8.563,0.725,59.21,0.5921,4.208,0.000,59.21,59.21,0.00,0,0,-3.07219,59.21,59.21,0.00,0,0,57.49,0.00,1.72,0.95,0.18,1.000,1.032,1.72,0,255.00,1,57.68,57.60,0.09,8.570,8.690,2.803,-0.018,0.029,59.21,59,0.1201
110024,8.566,8.561,8.789,8.630,8.789,8.630,0.747,60.10,0.6010,4.185,0.000,60.10,60.10,0.00,0,0,-3.07704,60.10,60.10,0.00,0,0,58.80,0.00,1.30,0.73,0.14,1.000,1.024,1.30,0,255.00,1,59.81,59.40,0.40,8.586,8.707,2.928,-0.019,0.031,60.10,61,-0.4465
110149,8.676,8.647,8.824,8.688,8.824,8.688,0.638,60.02,0.6002,4.161,0.000,60.02,60.02,0.00,0,0,-3.08158,60.02,60.02,0.00,0,0,59.09,0.00,0.93,0.46,0.10,1.000,1.015,0.93,0,255.00,1,59.27,59.03,0.23,8.669,8.773,2.989,0.010,0.016,60.02,60,-0.3198
110286,8.719,8.710,8.885,8.741,8.885,8.741,0.570,60.18,0.6018,4.128,0.000,60.18,60.18,0.00,0,0,-3.08405,60.18,60.18,0.00,0,0,59.52,0.00,0.66,0.29,0.07,1.000,1.008,0.66,0,255.00,1,58.94,58.77,0.17,8.730,8.827,2.996,-0.011,0.022,60.18,60,-0.2339
110410,8.757,8.743,8.910,8.790,8.910,8.790,0.482,60.69,0.6069,4.107,0.000,60.69,60.69,0.00,0,0,-3.08809,60.69,60.69,0.00,0,0,60.24,0.00,0.45,0.16,0.05,1.000,1.004,0.45,0,255.00,1,59.07,58.81,0.26,8.762,8.852,3.050,-0.005,0.040,60.69,60,0.4605
110541,8.787,8.778,8.932,8.833,8.932,8.833,0.470,61.15,0.6115,4.091,0.000,61.15,61.15,0.00,0,0,-3.09294,61.15,61.15,0.00,0,0,60.85,0.00,0.30,0.10,0.03,1.000,1.002,0.30,0,255.00,1,59.92,59.61,0.31,8.796,8.882,3.118,-0.008,0.032,61.15,62,-0.4897
110667,8.833,8.819,8.952,8.871,8.952,8.871,0.404,61.48,0.6148,4.078,0.000,61.48,61.48,0.00,0,0,-3.09774,61.48,61.48,0.00,0,0,61.28,0.00,0.19,0.05,0.02,1.000,1.001,0.19,0,255.00,1,60.03,59.74,0.29,8.835,8.913,3.176,-0.002,0.036,61.48,62,-0.3753
110802,8.880,8.870,8.980,8.909,8.980,8.909,0.289,61.71,0.6171,4.058,0.000,61.71,61.71,0.00,0,0,-3.10270,61.71,61.71,0.00,0,0,61.61,0.00,0.10,0.02,0.01,1.000,1.000,0.10,0,255.00,1,59.52,59.31,0.21,8.883,8.948,3.231,-0.003,0.062,61.71,62,0.0004
110926,8.902,8.897,8.990,8.934,8.990,8.934,0.268,61.97,0.6197,4.046,0.000,61.97,61.97,0.00,0,0,-3.10614,61.97,61.97,0.00,0,0,61.91,0.00,0.06,0.01,0.00,1.000,1.000,0.06,0,255.00,1,59.92,59.72,0.20,8.909,8.970,3.282,-0.006,0.054,61.97,62,-0.3444
111056,8.910,8.910,8.996,8.954,8.996,8.954,0.205,62.29,0.6229,4.037,0.000,62.29,62.29,0.00,0,0,-3.10963,62.29,62.29,0.00,0,0,62.26,0.00,0.04,0.00,0.00,1.000,1.000,0.04,0,255.00,1,60.06,59.82,0.23,8.921,8.975,3.345,-0.011,0.065,62.29,62,0.1032
111179,8.952,8.943,9.000,8.969,9.000,8.969,0.155,62.28,0.6228,4.028,0.000,62.28,62.28,0.00,0,0,-3.11251,62.28,62.28,0.00,0,0,62.26,0.00,0.02,0.00,0.00,1.000,1.000,0.02,0,255.00,1,59.90,59.76,0.13,8.952,8.997,3.398,0.001,0.069,62.28,62,-0.0468
111315,8.956,8.954,8.688,8.983,8.688,8.983,0.089,62.51,0.6251,4.019,0.000,62.51,62.51,0.00,0,0,-3.11603,62.51,62.51,0.00,0,0,62.50,0.00,0.01,0.00,0.00,1.000,1.000,0.01,0,255.00,1,60.03,59.88,0.15,8.961,8.998,3.481,-0.005,0.075,62.51,63,-0.2780
111441,8.963,8.964,8.632,8.890,8.632,8.890,-1.180,60.20,0.6020,3.989,0.000,60.20,60.20,0.00,0,0,-3.11250,60.20,60.20,0.00,0,0,60.20,0.00,0.00,0.00,0.00,1.000,1.000,0.00,0,255.00,1,45.49,46.08,-0.59,8.951,8.888,3.516,0.009,2.835,60.20,60,-0.2006
111573,8.878,8.910,8.574,8.789,8.574,8.789,-1.072,58.43,0.5843,3.938,0.000,58.43,58.43,0.00,0,0,-3.10199,58.43,58.43,0.00,0,0,58.42,0.00,0.00,0.00,0.00,1.000,1.000,0.00,0,255.00,1,45.51,46.35,-0.84,8.896,8.829,3.583,-0.021,2.322,58.43,58,0.4095
111700,8.706,8.754,8.517,8.703,8.517,8.703,-0.925,58.36,0.5836,3.913,0.000,58.36,58.36,0.00,0,0,-3.09497,58.36,58.36,0.00,0,0,58.36,0.00,0.00,0.00,0.00,1.000,1.000,0.00,0,255.00,1,48.85,49.25,-0.40,8.741,8.678,3.847,-0.040,1.194,58.36,58,0.3649
111834,8.641,8.656,8.406,8.617,8.406,8.617,-0.980,57.65,0.5765,3.910,0.000,57.65,57.65,0.00,0,0,-3.09196,57.65,57.65,0.00,0,0,57.65,0.00,0.00,0.00,0.00,1.000,1.000,0.00,0,255.00,1,49.90,50.21,-0.31,8.639,8.556,4.168,-0.001,0.793,57.65,57,0.3747
111959,8.571,8.595,8.350,8.533,8.350,8.533,-0.907,56.52,0.5652,3.900,0.000,56.52,56.52,0.00,0,0,-3.08695,56.52,56.52,0.00,0,0,56.52,0.00,0.00,0.00,0.00,1.000,1.000,0.00,0,255.00,1,50.90,51.32,-0.42,8.576,8.483,4.372,-0.007,0.457,56.52,56,0.0306
112092,8.450,8.487,8.295,8.458,8.295,8.458,-0.809,56.21,0.5621,3.897,0.000,56.21,56.21,0.00,0,0,-3.08300,56.21,56.21,0.00,0,0,56.21,0.00,0.00,0.00,0.00,1.000,1.000,0.00,0,255.00,1,52.77,52.98,-0.20,8.468,8.376,4.560,-0.021,0.165,56.21,56,-0.1948
112223,8.329,8.359,8.186,8.391,8.186,8.391,-0.744,56.38,0.5638,3.919,0.000,56.38,56.38,0.00,0,0,-3.08483,56.38,56.38,0.00,0,0,56.38,0.00,0.00,0.00,0.00,1.000,1.000,0.00,0,255.00,1,55.11,54.94,0.17,8.341,8.250,4.802,-0.015,0.022,56.38,56,0.0955
112351,8.286,8.301,8.131,8.317,8.131,8.317,-0.855,55.62,0.5562,3.939,0.000,55.62,55.62,0.00,0,0,-3.08704,55.62,55.62,0.00,0,0,55.62,0.00,0.00,0.00,0.00,1.000,1.000,0.00,0,255.00,1,54.23,54.15,0.08,8.278,8.170,4.946,0.005,0.024,55.62,56,-0.1516
112476,8.239,8.253,8.078,8.242,8.078,8.242,-0.813,54.69,0.5469,3.946,0.000,54.69,54.69,0.00,0,0,-3.08690,54.69,54.69,0.00,0,0,54.69,0.00,0.00,0.00,0.00,1.000,1.000,0.00,0,255.00,1,53.89,53.96,-0.07,8.230,8.118,4.986,0.008,0.010,54.69,55,-0.1342
112607,8.126,8.155,7.970,8.169,7.970,8.169,-0.738,54.39,0.5439,3.955,0.000,54.39,54.39,0.00,0,0,-3.08714,54.39,54.39,0.00,0,0,54.39,0.00,0.00,0.00,0.00,1.000,1.000,0.00,0,255.00,1,54.53,54.44,0.08,8.133,8.028,5.033,-0.009,0.001,54.39,54,0.1834
112730,8.012,8.037,7.970,8.102,7.970,8.102,-0.668,54.54,0.5454,3.982,0.000,54.54,54.54,0.00,0,0,-3.09206,54.54,54.54,0.00,0,0,54.54,0.00,0.00,0.00,0.00,1.000,1.000,0.00,0,255.00,1,55.98,55.58,0.40,8.016,7.918,5.154,-0.006,0.058,54.54,55,-0.1622
112860,7.933,7.953,7.863,8.035,7.863,8.035,-0.786,54.32,0.5432,4.015,0.000,54.32,54.32,0.00,0,0,-3.09934,54.32,54.32,0.00,0,0,54.32,0.00,0.00,0.00,0.00,1.000,1.000,0.00,0,255.00,1,55.27,54.78,0.49,7.931,7.823,5.251,-0.002,0.055,54.32,54,0.1994
112986,7.908,7.920,7.811,7.965,7.811,7.965,-0.762,53.48,0.5348,4.035,0.000,53.48,53.48,0.00,0,0,-3.10452,53.48,53.48,0.00,0,0,53.48,0.00,0.00,0.00,0.00,1.000,1.000,0.00,0,255.00,1,54.49,54.21,0.28,7.897,7.785,5.246,0.011,0.028,53.48,53,0.4968
113117,7.839,7.860,7.706,7.896,7.706,7.896,-0.697,52.90,0.5290,4.044,0.000,52.90,52.90,0.00,0,0,-3.10756,52.90,52.90,0.00,0,0,52.90,0.00,0.00,0.00,0.00,1.000,1.000,0.00,0,255.00,1,54.12,53.90,0.22,7.838,7.732,5.202,0.000,0.030,52.90,53,-0.4468
113243,7.731,7.752,7.654,7.832,7.654,7.832,-0.638,53.02,0.5302,4.067,0.000,53.02,53.02,0.00,0,0,-3.11397,53.02,53.02,0.00,0,0,53.02,0.00,0.00,0.00,0.00,1.000,1.000,0.00,0,255.00,1,54.94,54.45,0.49,7.732,7.636,5.245,-0.002,0.097,53.02,53,-0.3310
113374,7.665,7.679,7.603,7.762,7.603,7.762,-0.782,52.69,0.5269,4.094,0.000,52.69,52.69,0.00,0,0,-3.12200,52.69,52.69,0.00,0,0,52.69,0.00,0.00,0.00,0.00,1.000,1.000,0.00,0,255.00,1,53.60,53.10,0.50,7.656,7.549,5.290,0.008,0.056,52.69,52,0.3216
113499,7.622,7.635,7.552,7.692,7.552,7.692,-0.707,51.99,0.5199,4.108,0.000,51.99,51.99,0.00,0,0,-3.12776,51.99,51.99,0.00,0,0,51.99,0.00,0.00,0.00,0.00,1.000,1.000,0.00,0,255.00,1,53.27,52.92,0.35,7.613,7.508,5.267,0.008,0.046,51.99,52,-0.0999
113630,7.544,7.565,7.450,7.623,7.450,7.623,-0.796,51.59,0.5159,4.119,0.000,51.59,51.59,0.00,0,0,-3.13271,51.59,51.59,0.00,0,0,51.59,0.00,0.00,0.00,0.00,1.000,1.000,0.00,0,255.00,1,51.95,51.61,0.34,7.543,7.435,5.241,-0.002,0.021,51.59,52,-0.0047
113757,7.409,7.446,7.400,7.559,7.400,7.559,-0.731,51.88,0.5188,4.145,0.000,51.88,51.88,0.00,0,0,-3.14122,51.88,51.88,0.00,0,0,51.88,0.00,0.00,0.00,0.00,1.000,1.000,0.00,0,255.00,1,53.07,52.39,0.68,7.425,7.328,5.302,-0.021,0.104,51.88,52,0.3392
113894,7.379,7.389,7.299,7.494,7.299,7.494,-0.712,51.51,0.5151,4.174,0.000,51.51,51.51,0.00,0,0,-3.15136,51.51,51.51,0.00,0,0,51.51,0.00,0.00,0.00,0.00,1.000,1.000,0.00,0,255.00,1,53.02,52.39,0.63,7.369,7.270,5.353,0.009,0.107,51.51,51,0.4296
114018,7.354,7.363,7.250,7.429,7.250,7.429,-0.657,50.77,0.5077,4.187,0.000,50.77,50.77,0.00,0,0,-3.15840,50.77,50.77,0.00,0,0,50.77,0.00,0.00,0.00,0.00,1.000,1.000,0.00,0,255.00,1,52.34,51.93,0.40,7.343,7.243,5.310,0.012,0.066,50.77,50,0.4497
114151,7.267,7.295,7.201,7.364,7.201,7.364,-0.750,50.47,0.5047,4.196,0.000,50.47,50.47,0.00,0,0,-3.16420,50.47,50.47,0.00,0,0,50.47,0.00,0.00,0.00,0.00,1.000,1.000,0.00,0,255.00,1,51.00,50.59,0.41,7.274,7.173,5.263,-0.011,0.033,50.47,50,0.0449
114276,7.169,7.195,7.152,7.298,7.152,7.298,-0.723,50.53,0.5053,4.216,0.000,50.53,50.53,0.00,0,0,-3.17268,50.53,50.53,0.00,0,0,50.53,0.00,0.00,0.00,0.00,1.000,1.000,0.00,0,255.00,1,51.43,50.81,0.62,7.175,7.080,5.300,-0.007,0.080,50.53,51,-0.3565
114410,7.141,7.152,7.055,7.233,7.055,7.233,-0.657,49.99,0.4999,4.232,0.000,49.99,49.99,0.00,0,0,-3.18054,49.99,49.99,0.00,0,0,49.99,0.00,0.00,0.00,0.00,1.000,1.000,0.00,0,255.00,1,51.30,50.81,0.49,7.132,7.038,5.305,0.008,0.069,49.99,50,0.1039
114533,7.085,7.102,7.007,7.169,7.007,7.169,-0.743,49.53,0.4953,4.241,0.000,49.53,49.53,0.00,0,0,-3.18683,49.53,49.53,0.00,0,0,49.53,0.00,0.00,0.00,0.00,1.000,1.000,0.00,0,255.00,1,49.95,49.56,0.39,7.081,6.981,5.275,0.001,0.029,49.53,49,0.1276
114663,6.998,7.018,6.959,7.089,6.959,7.089,-0.643,49.22,0.4922,4.255,0.000,49.22,49.22,0.00,0,0,-3.19542,49.22,49.22,0.00,0,0,49.22,0.00,0.00,0.00,0.00,1.000,1.000,0.00,0,255.00,1,50.22,49.79,0.43,6.999,6.908,5.260,-0.002,0.049,49.22,50,-0.4517
114792,6.928,6.947,6.865,7.035,6.865,7.035,-0.605,49.16,0.4916,4.270,0.000,49.16,49.16,0.00,0,0,-3.20278,49.16,49.16,0.00,0,0,49.16,0.00,0.00,0.00,0.00,1.000,1.000,0.00,0,255.00,1,50.44,49.91,0.53,6.929,6.844,5.269,-0.003,0.076,49.16,49,0.0767
114920,6.863,6.878,6.817,6.978,6.817,6.978,-0.571,49.08,0.4908,4.291,0.000,49.08,49.08,0.00,0,0,-3.21173,49.08,49.08,0.00,0,0,49.08,0.00,0.00,0.00,0.00,1.000,1.000,0.00,0,255.00,1,50.70,50.09,0.61,6.861,6.779,5.301,0.002,0.109,49.08,49,0.4700
115047,6.843,6.849,6.771,6.920,6.771,6.920,-0.681,48.54,0.4854,4.303,0.000,48.54,48.54,0.00,0,0,-3.21920,48.54,48.54,0.00,0,0,48.54,0.00,0.00,0.00,0.00,1.000,1.000,0.00,0,255.00,1,49.14,48.72,0.42,6.830,6.738,5.279,0.011,0.037,48.54,49,-0.2900
115176,6.774,6.798,6.724,6.859,6.724,6.859,-0.668,48.16,0.4816,4.308,0.000,48.16,48.16,0.00,0,0,-3.22453,48.16,48.16,0.00,0,0,48.16,0.00,0.00,0.00,0.00,1.000,1.000,0.00,0,255.00,1,48.54,48.18,0.36,6.780,6.690,5.231,-0.007,0.025,48.16,48,0.4120
115300,6.715,6.732,6.633,6.798,6.633,6.798,-0.610,47.94,0.4794,4.315,0.000,47.94,47.94,0.00,0,0,-3.23032,47.94,47.94,0.00,0,0,47.94,0.00,0.00,0.00,0.00,1.000,1.000,0.00,0,255.00,1,48.67,48.27,0.40,6.714,6.630,5.227,-0.000,0.037,47.94,48,0.4189
115429,6.634,6.643,6.587,6.716,6.587,6.716,-0.423,47.68,0.4768,4.333,0.000,47.68,47.68,0.00,0,0,-3.24102,47.68,47.68,0.00,0,0,47.68,0.00,0.00,0.00,0.00,1.000,1.000,0.00,0,255.00,1,49.69,49.23,0.45,6.628,6.558,5.237,0.006,0.098,47.68,47,0.2800
115554,6.596,6.605,6.542,6.669,6.542,6.669,-0.570,47.42,0.4742,4.343,0.000,47.42,47.42,0.00,0,0,-3.24734,47.42,47.42,0.00,0,0,47.42,0.00,0.00,0.00,0.00,1.000,1.000,0.00,0,255.00,1,48.23,47.84,0.39,6.588,6.508,5.217,0.006,0.037,47.42,48,-0.0910
115686,6.527,6.547,6.497,6.616,6.497,6.616,-0.586,47.27,0.4727,4.353,0.000,47.27,47.27,0.00,0,0,-3.25347,47.27,47.27,0.00,0,0,47.27,0.00,0.00,0.00,0.00,1.000,1.000,0.00,0,255.00,1,47.84,47.43,0.42,6.530,6.452,5.204,-0.004,0.036,47.27,47,-0.1230
115816,6.486,6.500,6.408,6.566,6.408,6.566,-0.561,47.03,0.4703,4.362,0.000,47.03,47.03,0.00,0,0,-3.25944,47.03,47.03,0.00,0,0,47.03,0.00,0.00,0.00,0.00,1.000,1.000,0.00,0,255.00,1,47.68,47.29,0.39,6.485,6.408,5.195,0.000,0.034,47.03,47,0.1928
115947,6.430,6.446,6.364,6.509,6.364,6.509,-0.665,46.78,0.4678,4.372,0.000,46.78,46.78,0.00,0,0,-3.26545,46.78,46.78,0.00,0,0,46.78,0.00,0.00,0.00,0.00,1.000,1.000,0.00,0,255.00,1,46.66,46.30,0.37,6.429,6.345,5.197,-0.001,0.021,46.78,47,-0.1345
116070,6.375,6.397,6.320,6.450,6.320,6.450,-0.644,46.43,0.4643,4.376,0.000,46.43,46.43,0.00,0,0,-3.27021,46.43,46.43,0.00,0,0,46.43,0.00,0.00,0.00,0.00,1.000,1.000,0.00,0,255.00,1,46.36,46.04,0.31,6.380,6.297,5.187,-0.006,0.015,46.43,46,0.3902
116201,6.335,6.349,6.277,6.392,6.277,6.392,-0.583,46.07,0.4607,4.380,0.000,46.07,46.07,0.00,0,0,-3.27435,46.07,46.07,0.00,0,0,46.07,0.00,0.00,0.00,0.00,1.000,1.000,0.00,0,255.00,1,46.35,46.09,0.26,6.332,6.253,5.184,0.002,0.012,46.07,46,-0.0717
116326,6.269,6.281,6.190,6.325,6.190,6.325,-0.468,45.80,0.4580,4.386,0.000,45.80,45.80,0.00,0,0,-3.27989,45.80,45.80,0.00,0,0,45.80,0.00,0.00,0.00,0.00,1.000,1.000,0.00,0,255.00,1,46.81,46.54,0.27,6.266,6.195,5.189,0.002,0.029,45.80,46,-0.4076
116455,6.201,6.219,6.148,6.264,6.148,6.264,-0.524,45.57,0.4557,4.392,0.000,45.57,45.57,0.00,0,0,-3.28526,45.57,45.57,0.00,0,0,45.57,0.00,0.00,0.00,0.00,1.000,1.000,0.00,0,255.00,1,46.12,45.84,0.27,6.203,6.129,5.179,-0.005,0.018,45.57,45,0.2072
116581,6.153,6.160,6.105,6.201,6.105,6.201,-0.485,45.28,0.4528,4.400,0.000,45.28,45.28,0.00,0,0,-3.29077,45.28,45.28,0.00,0,0,45.28,0.00,0.00,0.00,0.00,1.000,1.000,0.00,0,255.00,1,46.00,45.75,0.25,6.145,6.074,5.174,0.007,0.019,45.28,45,-0.1224
116714,6.103,6.113,6.022,6.155,6.022,6.155,-0.465,45.10,0.4510,4.405,0.000,45.10,45.10,0.00,0,0,-3.29459,45.10,45.10,0.00,0,0,45.10,0.00,0.00,0.00,0.00,1.000,1.000,0.00,0,255.00,1,45.89,45.63,0.26,6.099,6.030,5.166,0.004,0.021,45.10,45,0.3704
116837,6.044,6.057,5.981,6.110,5.981,6.110,-0.447,45.05,0.4505,4.414,0.000,45.05,45.05,0.00,0,0,-3.29917,45.05,45.05,0.00,0,0,45.05,0.00,0.00,0.00,0.00,1.000,1.000,0.00,0,255.00,1,45.98,45.65,0.33,6.043,5.977,5.177,0.000,0.033,45.05,45,-0.4089
116967,6.008,6.021,5.939,6.059,5.939,6.059,-0.587,44.70,0.4470,4.420,0.000,44.70,44.70,0.00,0,0,-3.30309,44.70,44.70,0.00,0,0,44.70,0.00,0.00,0.00,0.00,1.000,1.000,0.00,0,255.00,1,44.62,44.40,0.22,6.005,5.928,5.169,0.003,0.007,44.70,45,0.0621
117097,5.961,5.978,5.898,6.009,5.898,6.009,-0.548,44.42,0.4442,4.421,0.000,44.42,44.42,0.00,0,0,-3.30581,44.42,44.42,0.00,0,0,44.42,0.00,0.00,0.00,0.00,1.000,1.000,0.00,0,255.00,1,44.46,44.28,0.18,5.963,5.889,5.149,-0.003,0.005,44.42,45,-0.4913
117230,5.918,5.932,5.817,5.962,5.817,5.962,-0.519,44.22,0.4422,4.424,0.000,44.22,44.22,0.00,0,0,-3.30866,44.22,44.22,0.00,0,0,44.22,0.00,0.00,0.00,0.00,1.000,1.000,0.00,0,255.00,1,44.41,44.23,0.18,5.917,5.845,5.145,-0.000,0.006,44.22,44,0.4062
117356,5.872,5.879,5.777,5.897,5.777,5.897,-0.550,43.83,0.4383,4.427,0.000,43.83,43.83,0.00,0,0,-3.31208,43.83,43.83,0.00,0,0,43.83,0.00,0.00,0.00,0.00,1.000,1.000,0.00,0,255.00,1,43.76,43.65,0.10,5.864,5.788,5.142,0.007,0.001,43.83,44,-0.4548
117491,5.821,5.834,5.698,5.848,5.698,5.848,-0.546,43.58,0.4358,4.426,0.000,43.58,43.58,0.00,0,0,-3.31349,43.58,43.58,0.00,0,0,43.58,0.00,0.00,0.00,0.00,1.000,1.000,0.00,0,255.00,1,43.42,43.34,0.08,5.819,5.744,5.126,0.001,0.001,43.58,44,-0.4516
117614,5.763,5.776,5.659,5.798,5.659,5.798,-0.504,43.43,0.4343,4.428,0.000,43.43,43.43,0.00,0,0,-3.31536,43.43,43.43,0.00,0,0,43.43,0.00,0.00,0.00,0.00,1.000,1.000,0.00,0,255.00,1,43.59,43.47,0.13,5.762,5.690,5.138,0.001,0.003,43.43,43,0.0327
117745,5.710,5.718,5.619,5.739,5.619,5.739,-0.408,43.19,0.4319,4.432,0.000,43.19,43.19,0.00,0,0,-3.31818,43.19,43.19,0.00,0,0,43.19,0.00,0.00,0.00,0.00,1.000,1.000,0.00,0,255.00,1,43.99,43.86,0.14,5.704,5.639,5.153,0.005,0.013,43.19,43,0.2158
117869,5.662,5.679,5.581,5.691,5.581,5.691,-0.540,42.91,0.4291,4.432,0.000,42.91,42.91,0.00,0,0,-3.31937,42.91,42.91,0.00,0,0,42.91,0.00,0.00,0.00,0.00,1.000,1.000,0.00,0,255.00,1,42.79,42.72,0.07,5.663,5.589,5.138,-0.003,0.001,42.91,43,0.1744
118004,5.606,5.615,5.505,5.632,5.505,5.632,-0.450,42.70,0.4270,4.434,0.000,42.70,42.70,0.00,0,0,-3.32115,42.70,42.70,0.00,0,0,42.70,0.00,0.00,0.00,0.00,1.000,1.000,0.00,0,255.00,1,43.12,43.02,0.11,5.601,5.534,5.138,0.005,0.005,42.70,42,0.2542
118129,5.566,5.580,5.467,5.586,5.467,5.586,-0.543,42.40,0.4240,4.434,0.000,42.40,42.40,0.00,0,0,-3.32187,42.40,42.40,0.00,0,0,42.40,0.00,0.00,0.00,0.00,1.000,1.000,0.00,0,255.00,1,42.16,42.13,0.03,5.565,5.490,5.124,-0.001,0.001,42.40,43,-0.2852
118260,5.505,5.528,5.429,5.542,5.429,5.542,-0.514,42.28,0.4228,4.434,0.000,42.28,42.28,0.00,0,0,-3.32256,42.28,42.28,0.00,0,0,42.28,0.00,0.00,0.00,0.00,1.000,1.000,0.00,0,255.00,1,42.20,42.13,0.08,5.513,5.442,5.121,-0.011,0.001,42.28,43,-0.4243
118389,5.467,5.481,5.355,5.496,5.355,5.496,-0.510,42.10,0.4210,4.437,0.000,42.10,42.10,0.00,0,0,-3.32384,42.10,42.10,0.00,0,0,42.10,0.00,0.00,0.00,0.00,1.000,1.000,0.00,0,255.00,1,42.09,42.00,0.08,5.466,5.395,5.133,-0.000,0.001,42.10,42,0.0586
118519,5.435,5.446,5.319,5.448,5.319,5.448,-0.473,41.79,0.4179,4.437,0.000,41.79,41.79,0.00,0,0,-3.32442,41.79,41.79,0.00,0,0,41.79,0.00,0.00,0.00,0.00,1.000,1.000,0.00,0,255.00,1,41.95,41.94,0.02,5.431,5.361,5.129,0.003,0.000,41.79,42,-0.2756
118646,5.377,5.387,5.282,5.386,5.282,5.386,-0.514,41.48,0.4148,4.435,0.000,41.48,41.48,0.00,0,0,-3.32428,41.48,41.48,0.00,0,0,41.48,0.00,0.00,0.00,0.00,1.000,1.000,0.00,0,255.00,1,41.33,41.34,-0.01,5.372,5.300,5.116,0.004,0.000,41.48,41,0.0651
118777,5.328,5.351,5.246,5.343,5.246,5.343,-0.478,41.22,0.4122,4.430,0.000,41.22,41.22,0.00,0,0,-3.32313,41.22,41.22,0.00,0,0,41.22,0.00,0.00,0.00,0.00,1.000,1.000,0.00,0,255.00,1,41.17,41.22,-0.05,5.336,5.266,5.093,-0.010,0.001,41.22,41,-0.2047
118904,5.274,5.290,5.175,5.287,5.175,5.287,-0.388,41.02,0.4102,4.427,0.000,41.02,41.02,0.00,0,0,-3.32218,41.02,41.02,0.00,0,0,41.02,0.00,0.00,0.00,0.00,1.000,1.000,0.00,0,255.00,1,41.50,41.51,-0.01,5.277,5.213,5.092,-0.004,0.003,41.02,41,0.0183
119034,5.225,5.243,5.140,5.246,5.140,5.246,-0.483,40.91,0.4091,4.429,0.000,40.91,40.91,0.00,0,0,-3.32216,40.91,40.91,0.00,0,0,40.91,0.00,0.00,0.00,0.00,1.000,1.000,0.00,0,255.00,1,40.86,40.84,0.02,5.229,5.160,5.099,-0.006,0.000,40.91,41,-0.1953
119159,5.192,5.204,5.105,5.203,5.105,5.203,-0.482,40.68,0.4068,4.430,0.000,40.68,40.68,0.00,0,0,-3.32210,40.68,40.68,0.00,0,0,40.68,0.00,0.00,0.00,0.00,1.000,1.000,0.00,0,255.00,1,40.63,40.64,-0.01,5.190,5.120,5.101,0.001,0.000,40.68,41,0.0437
119294,5.160,5.168,5.036,5.162,5.036,5.162,-0.453,40.47,0.4047,4.430,0.000,40.47,40.47,0.00,0,0,-3.32178,40.47,40.47,0.00,0,0,40.47,0.00,0.00,0.00,0.00,1.000,1.000,0.00,0,255.00,1,40.56,40.59,-0.03,5.154,5.085,5.095,0.006,0.000,40.47,41,-0.3241
119418,5.122,5.125,5.002,5.109,5.002,5.109,-0.371,40.14,0.4014,4.429,0.000,40.14,40.14,0.00,0,0,-3.32090,40.14,40.14,0.00,0,0,40.14,0.00,0.00,0.00,0.00,1.000,1.000,0.00,0,255.00,1,40.62,40.70,-0.09,5.112,5.048,5.078,0.010,0.003,40.14,40,-0.1141
119549,5.059,5.068,4.968,5.057,4.968,5.057,-0.437,39.96,0.3996,4.427,0.000,39.96,39.96,0.00,0,0,-3.31956,39.96,39.96,0.00,0,0,39.96,0.00,0.00,0.00,0.00,1.000,1.000,0.00,0,255.00,1,39.98,40.05,-0.06,5.054,4.988,5.058,0.004,0.001,39.96,40,0.0748
119674,5.023,5.036,4.935,5.019,4.935,5.019,-0.416,39.75,0.3975,4.423,0.000,39.75,39.75,0.00,0,0,-3.31803,39.75,39.75,0.00,0,0,39.75,0.00,0.00,0.00,0.00,1.000,1.000,0.00,0,255.00,1,39.79,39.88,-0.10,5.023,4.958,5.036,-0.000,0.002,39.75,39,0.4697
119809,4.992,5.001,4.869,4.984,4.869,4.984,-0.401,39.58,0.3958,4.420,0.000,39.58,39.58,0.00,0,0,-3.31642,39.58,39.58,0.00,0,0,39.58,0.00,0.00,0.00,0.00,1.000,1.000,0.00,0,255.00,1,39.64,39.74,-0.10,4.988,4.925,5.019,0.003,0.002,39.58,39,0.3456
119934,4.957,4.963,4.836,4.942,4.836,4.942,-0.486,39.36,0.3936,4.418,0.000,39.36,39.36,0.00,0,0,-3.31492,39.36,39.36,0.00,0,0,39.36,0.00,0.00,0.00,0.00,1.000,1.000,0.00,0,255.00,1,38.91,39.04,-0.13,4.949,4.880,5.013,0.006,0.007,39.36,40,-0.2646
120065,4.919,4.928,4.804,4.903,4.804,4.903,-0.453,39.15,0.3915,4.414,0.000,39.15,39.15,0.00,0,0,-3.31290,39.15,39.15,0.00,0,0,39.15,0.00,0.00,0.00,0.00,1.000,1.000,0.00,0,255.00,1,38.83,38.98,-0.15,4.914,4.848,5.002,0.003,0.007,39.15,39,0.4319
120195,4.878,4.886,4.740,4.854,4.740,4.854,-0.403,38.86,0.3886,4.408,0.000,38.86,38.86,0.00,0,0,-3.30984,38.86,38.86,0.00,0,0,38.86,0.00,0.00,0.00,0.00,1.000,1.000,0.00,0,255.00,1,38.75,38.94,-0.19,4.873,4.809,4.983,0.005,0.007,38.86,38,0.4500
120326,4.827,4.843,4.709,4.813,4.709,4.813,-0.477,38.69,0.3869,4.402,0.000,38.69,38.69,0.00,0,0,-3.30700,38.69,38.69,0.00,0,0,38.69,0.00,0.00,0.00,0.00,1.000,1.000,0.00,0,255.00,1,38.13,38.31,-0.18,4.829,4.761,4.971,-0.004,0.012,38.69,39,-0.3341
120453,4.792,4.803,4.678,4.774,4.678,4.774,-0.442,38.52,0.3852,4.398,0.000,38.52,38.52,0.00,0,0,-3.30429,38.52,38.52,0.00,0,0,38.52,0.00,0.00,0.00,0.00,1.000,1.000,0.00,0,255.00,1,38.16,38.34,-0.18,4.790,4.725,4.970,0.000,0.008,38.52,38,0.3690
120588,4.760,4.770,4.616,4.735,4.616,4.735,-0.434,38.28,0.3828,4.393,0.000,38.28,38.28,0.00,0,0,-3.30141,38.28,38.28,0.00,0,0,38.28,0.00,0.00,0.00,0.00,1.000,1.000,0.00,0,255.00,1,37.96,38.17,-0.21,4.756,4.691,4.966,0.003,0.011,38.28,38,0.4869
120713,4.720,4.733,4.586,4.695,4.586,4.695,-0.400,38.07,0.3807,4.386,0.000,38.07,38.07,0.00,0,0,-3.29797,38.07,38.07,0.00,0,0,38.07,0.00,0.00,0.00,0.00,1.000,1.000,0.00,0,255.00,1,37.90,38.13,-0.22,4.720,4.656,4.957,-0.001,0.010,38.07,38,-0.1317
120844,4.684,4.694,4.556,4.656,4.556,4.656,-0.458,37.88,0.3788,4.381,0.000,37.88,37.88,0.00,0,0,-3.29460,37.88,37.88,0.00,0,0,37.88,0.00,0.00,0.00,0.00,1.000,1.000,0.00,0,255.00,1,37.39,37.63,-0.23,4.680,4.613,4.954,0.002,0.015,37.88,38,-0.2772
120969,4.649,4.658,4.526,4.619,4.526,4.619,-0.425,37.69,0.3769,4.376,0.000,37.69,37.69,0.00,0,0,-3.29113,37.69,37.69,0.00,0,0,37.69,0.00,0.00,0.00,0.00,1.000,1.000,0.00,0,255.00,1,37.38,37.62,-0.24,4.645,4.579,4.950,0.002,0.012,37.69,38,0.0098
121100,4.613,4.624,4.497,4.581,4.497,4.581,-0.415,37.49,0.3749,4.370,0.000,37.49,37.49,0.00,0,0,-3.28737,37.49,37.49,0.00,0,0,37.49,0.00,0.00,0.00,0.00,1.000,1.000,0.00,0,255.00,1,37.20,37.46,-0.26,4.610,4.545,4.940,0.002,0.014,37.49,38,-0.3228
121230,4.582,4.590,4.438,4.546,4.438,4.546,-0.389,37.30,0.3730,4.363,0.000,37.30,37.30,0.00,0,0,-3.28341,37.30,37.30,0.00,0,0,37.30,0.00,0.00,0.00,0.00,1.000,1.000,0.00,0,255.00,1,37.12,37.39,-0.26,4.577,4.514,4.928,0.004,0.013,37.30,38,-0.2400
121361,4.537,4.551,4.410,4.510,4.410,4.510,-0.363,37.15,0.3715,4.357,0.000,37.15,37.15,0.00,0,0,-3.27942,37.15,37.15,0.00,0,0,37.15,0.00,0.00,0.00,0.00,1.000,1.000,0.00,0,255.00,1,37.11,37.35,-0.24,4.539,4.478,4.920,-0.002,0.010,37.15,37,0.3007
121485,4.517,4.525,4.382,4.471,4.382,4.471,-0.436,36.85,0.3685,4.350,0.000,36.85,36.85,0.00,0,0,-3.27503,36.85,36.85,0.00,0,0,36.85,0.00,0.00,0.00,0.00,1.000,1.000,0.00,0,255.00,1,36.35,36.67,-0.32,4.511,4.444,4.905,0.006,0.025,36.85,37,0.1928
121618,4.478,4.488,4.326,4.434,4.326,4.434,-0.397,36.67,0.3667,4.342,0.000,36.67,36.67,0.00,0,0,-3.27020,36.67,36.67,0.00,0,0,36.67,0.00,0.00,0.00,0.00,1.000,1.000,0.00,0,255.00,1,36.34,36.66,-0.32,4.475,4.411,4.889,0.002,0.021,36.67,36,0.3962
121744,4.447,4.459,4.299,4.398,4.299,4.398,-0.364,36.42,0.3642,4.332,0.000,36.42,36.42,0.00,0,0,-3.26485,36.42,36.42,0.00,0,0,36.42,0.00,0.00,0.00,0.00,1.000,1.000,0.00,0,255.00,1,36.21,36.56,-0.36,4.446,4.383,4.870,0.001,0.024,36.42,37,-0.1186
121873,4.416,4.424,4.271,4.359,4.271,4.359,-0.434,36.19,0.3619,4.322,0.000,36.19,36.19,0.00,0,0,-3.25922,36.19,36.19,0.00,0,0,36.19,0.00,0.00,0.00,0.00,1.000,1.000,0.00,0,255.00,1,35.56,35.95,-0.39,4.410,4.343,4.855,0.005,0.036,36.19,36,-0.2861
122002,4.374,4.383,4.218,4.316,4.218,4.316,-0.349,35.94,0.3594,4.309,0.000,35.94,35.94,0.00,0,0,-3.25165,35.94,35.94,0.00,0,0,35.94,0.00,0.00,0.00,0.00,1.000,1.000,0.00,0,255.00,1,35.72,36.12,-0.40,4.370,4.309,4.837,0.003,0.029,35.94,36,-0.0453
122131,4.334,4.345,4.192,4.281,4.192,4.281,-0.408,35.78,0.3578,4.300,0.000,35.78,35.78,0.00,0,0,-3.24580,35.78,35.78,0.00,0,0,35.78,0.00,0.00,0.00,0.00,1.000,1.000,0.00,0,255.00,1,35.24,35.62,-0.38,4.331,4.267,4.826,0.001,0.033,35.78,35,0.4544
122257,4.289,4.296,4.166,4.237,4.166,4.237,-0.352,35.60,0.3560,4.291,0.000,35.60,35.60,0.00,0,0,-3.23863,35.60,35.60,0.00,0,0,35.60,0.00,0.00,0.00,0.00,1.000,1.000,0.00,0,255.00,1,35.40,35.74,-0.35,4.284,4.223,4.824,0.005,0.022,35.60,35,0.1539
122391,4.269,4.276,4.115,4.207,4.115,4.207,-0.331,35.35,0.3535,4.282,0.000,35.35,35.35,0.00,0,0,-3.23261,35.35,35.35,0.00,0,0,35.35,0.00,0.00,0.00,0.00,1.000,1.000,0.00,0,255.00,1,35.17,35.57,-0.40,4.263,4.203,4.799,0.005,0.029,35.35,35,0.4134
122518,4.233,4.243,4.089,4.176,4.089,4.176,-0.311,35.19,0.3519,4.273,0.000,35.19,35.19,0.00,0,0,-3.22652,35.19,35.19,0.00,0,0,35.19,0.00,0.00,0.00,0.00,1.000,1.000,0.00,0,255.00,1,35.07,35.47,-0.39,4.232,4.174,4.779,0.001,0.027,35.19,35,0.1385
122649,4.201,4.206,4.065,4.137,4.065,4.137,-0.330,34.96,0.3496,4.262,0.000,34.96,34.96,0.00,0,0,-3.21863,34.96,34.96,0.00,0,0,34.96,0.00,0.00,0.00,0.00,1.000,1.000,0.00,0,255.00,1,34.70,35.10,-0.41,4.194,4.135,4.759,0.006,0.031,34.96,35,0.4124
122774,4.158,4.170,4.040,4.107,4.040,4.107,-0.332,34.85,0.3485,4.255,0.000,34.85,34.85,0.00,0,0,-3.21277,34.85,34.85,0.00,0,0,34.85,0.00,0.00,0.00,0.00,1.000,1.000,0.00,0,255.00,1,34.57,34.94,-0.37,4.159,4.101,4.746,-0.001,0.026,34.85,35,0.0761
122908,4.141,4.146,3.992,4.079,3.992,4.079,-0.312,34.67,0.3467,4.248,0.000,34.67,34.67,0.00,0,0,-3.20703,34.67,34.67,0.00,0,0,34.67,0.00,0.00,0.00,0.00,1.000,1.000,0.00,0,255.00,1,34.46,34.85,-0.39,4.134,4.078,4.733,0.007,0.028,34.67,34,0.3038
123034,4.106,4.117,3.968,4.048,3.968,4.048,-0.366,34.48,0.3448,4.239,0.000,34.48,34.48,0.00,0,0,-3.20079,34.48,34.48,0.00,0,0,34.48,0.00,0.00,0.00,0.00,1.000,1.000,0.00,0,255.00,1,33.93,34.34,-0.41,4.105,4.045,4.713,0.000,0.037,34.48,35,-0.1017
123165,4.070,4.084,3.945,4.018,3.945,4.018,-0.337,34.35,0.3435,4.230,0.000,34.35,34.35,0.00,0,0,-3.19457,34.35,34.35,0.00,0,0,34.35,0.00,0.00,0.00,0.00,1.000,1.000,0.00,0,255.00,1,33.94,34.33,-0.39,4.072,4.015,4.700,-0.004,0.031,34.35,34,0.0024
123293,4.056,4.060,3.899,3.988,3.899,3.988,-0.332,34.14,0.3414,4.223,0.000,34.14,34.14,0.00,0,0,-3.18848,34.14,34.14,0.00,0,0,34.14,0.00,0.00,0.00,0.00,1.000,1.000,0.00,0,255.00,1,33.74,34.16,-0.42,4.048,3.990,4.690,0.008,0.035,34.14,34,-0.3341
123425,4.024,4.032,3.876,3.958,3.876,3.958,-0.300,33.95,0.3395,4.213,0.000,33.95,33.95,0.00,0,0,-3.18198,33.95,33.95,0.00,0,0,33.95,0.00,0.00,0.00,0.00,1.000,1.000,0.00,0,255.00,1,33.68,34.11,-0.44,4.021,3.965,4.674,0.003,0.035,33.95,34,-0.2866
123549,3.997,4.004,3.854,3.929,3.854,3.929,-0.343,33.77,0.3377,4.203,0.000,33.77,33.77,0.00,0,0,-3.17524,33.77,33.77,0.00,0,0,33.77,0.00,0.00,0.00,0.00,1.000,1.000,0.00,0,255.00,1,33.24,33.69,-0.45,3.993,3.935,4.657,0.003,0.043,33.77,34,0.2054
123677,3.974,3.978,3.832,3.899,3.832,3.899,-0.329,33.57,0.3357,4.193,0.000,33.57,33.57,0.00,0,0,-3.16840,33.57,33.57,0.00,0,0,33.57,0.00,0.00,0.00,0.00,1.000,1.000,0.00,0,255.00,1,33.09,33.56,-0.47,3.966,3.909,4.642,0.007,0.045,33.57,33,0.1704
123805,3.942,3.948,3.789,3.865,3.789,3.865,-0.272,33.34,0.3334,4.180,0.000,33.34,33.34,0.00,0,0,-3.15911,33.34,33.34,0.00,0,0,33.34,0.00,0.00,0.00,0.00,1.000,1.000,0.00,0,255.00,1,33.09,33.58,-0.49,3.937,3.883,4.617,0.005,0.042,33.34,33,0.0187
123936,3.907,3.918,3.768,3.838,3.768,3.838,-0.320,33.20,0.3320,4.168,0.000,33.20,33.20,0.00,0,0,-3.15166,33.20,33.20,0.00,0,0,33.20,0.00,0.00,0.00,0.00,1.000,1.000,0.00,0,255.00,1,32.65,33.13,-0.48,3.907,3.851,4.593,-0.002,0.047,33.20,33,-0.2909
124064,3.881,3.883,3.747,3.806,3.747,3.806,-0.267,33.03,0.3303,4.157,0.000,33.03,33.03,0.00,0,0,-3.14271,33.03,33.03,0.00,0,0,33.03,0.00,0.00,0.00,0.00,1.000,1.000,0.00,0,255.00,1,32.78,33.23,-0.45,3.872,3.821,4.585,0.008,0.037,33.03,33,0.2054
124197,3.845,3.850,3.726,3.774,3.726,3.774,-0.243,32.85,0.3285,4.146,0.000,32.85,32.85,0.00,0,0,-3.13361,32.85,32.85,0.00,0,0,32.85,0.00,0.00,0.00,0.00,1.000,1.000,0.00,0,255.00,1,32.68,33.13,-0.45,3.840,3.791,4.563,0.004,0.035,32.85,33,-0.1014
124324,3.820,3.830,3.686,3.751,3.686,3.751,-0.229,32.68,0.3268,4.136,0.000,32.68,32.68,0.00,0,0,-3.12641,32.68,32.68,0.00,0,0,32.68,0.00,0.00,0.00,0.00,1.000,1.000,0.00,0,255.00,1,32.52,32.98,-0.46,3.820,3.772,4.538,-0.001,0.037,32.68,33,0.0554
124454,3.800,3.802,3.666,3.722,3.666,3.722,-0.253,32.49,0.3249,4.124,0.000,32.49,32.49,0.00,0,0,-3.11712,32.49,32.49,0.00,0,0,32.49,0.00,0.00,0.00,0.00,1.000,1.000,0.00,0,255.00,1,32.16,32.63,-0.47,3.792,3.743,4.514,0.007,0.041,32.49,32,0.3652
124579,3.771,3.778,3.647,3.699,3.647,3.699,-0.256,32.35,0.3235,4.114,0.000,32.35,32.35,0.00,0,0,-3.10992,32.35,32.35,0.00,0,0,32.35,0.00,0.00,0.00,0.00,1.000,1.000,0.00,0,255.00,1,31.96,32.43,-0.47,3.768,3.720,4.493,0.002,0.042,32.35,33,-0.4612
124712,3.740,3.748,3.609,3.671,3.609,3.671,-0.216,32.18,0.3218,4.102,0.000,32.18,32.18,0.00,0,0,-3.10061,32.18,32.18,0.00,0,0,32.18,0.00,0.00,0.00,0.00,1.000,1.000,0.00,0,255.00,1,31.97,32.43,-0.46,3.739,3.694,4.473,0.000,0.037,32.18,33,-0.4582
124840,3.717,3.725,3.590,3.650,3.590,3.650,-0.207,32.07,0.3207,4.093,0.000,32.07,32.07,0.00,0,0,-3.09356,32.07,32.07,0.00,0,0,32.07,0.00,0.00,0.00,0.00,1.000,1.000,0.00,0,255.00,1,31.88,32.32,-0.44,3.716,3.673,4.457,-0.000,0.034,32.07,32,-0.1992
124971,3.694,3.696,3.572,3.619,3.572,3.619,-0.239,31.88,0.3188,4.084,0.000,31.88,31.88,0.00,0,0,-3.08487,31.88,31.88,0.00,0,0,31.88,0.00,0.00,0.00,0.00,1.000,1.000,0.00,0,255.00,1,31.55,32.00,-0.45,3.686,3.640,4.450,0.008,0.038,31.88,32,-0.2710
125098,3.672,3.679,3.554,3.599,3.554,3.599,-0.223,31.72,0.3172,4.074,0.000,31.72,31.72,0.00,0,0,-3.07778,31.72,31.72,0.00,0,0,31.72,0.00,0.00,0.00,0.00,1.000,1.000,0.00,0,255.00,1,31.42,31.89,-0.47,3.669,3.625,4.427,0.002,0.040,31.72,32,0.0471
125233,3.645,3.650,3.519,3.580,3.519,3.580,-0.212,31.68,0.3168,4.068,0.000,31.68,31.68,0.00,0,0,-3.07147,31.68,31.68,0.00,0,0,31.68,0.00,0.00,0.00,0.00,1.000,1.000,0.00,0,255.00,1,31.46,31.88,-0.41,3.641,3.599,4.423,0.003,0.030,31.68,31,0.2150
125360,3.618,3.625,3.502,3.560,3.502,3.560,-0.206,31.61,0.3161,4.063,0.000,31.61,31.61,0.00,0,0,-3.06558,31.61,31.61,0.00,0,0,31.61,0.00,0.00,0.00,0.00,1.000,1.000,0.00,0,255.00,1,31.45,31.83,-0.38,3.616,3.575,4.423,0.001,0.025,31.61,31,0.1394
125489,3.594,3.603,3.485,3.537,3.485,3.537,-0.255,31.47,0.3147,4.056,0.000,31.47,31.47,0.00,0,0,-3.05951,31.47,31.47,0.00,0,0,31.47,0.00,0.00,0.00,0.00,1.000,1.000,0.00,0,255.00,1,31.06,31.45,-0.40,3.594,3.549,4.413,-0.000,0.031,31.47,32,-0.3528
125617,3.585,3.591,3.452,3.514,3.452,3.514,-0.229,31.24,0.3124,4.046,0.000,31.24,31.24,0.00,0,0,-3.05265,31.24,31.24,0.00,0,0,31.24,0.00,0.00,0.00,0.00,1.000,1.000,0.00,0,255.00,1,30.88,31.34,-0.46,3.582,3.538,4.389,0.002,0.039,31.24,32,-0.4724
125742,3.568,3.572,3.436,3.493,3.436,3.493,-0.209,31.09,0.3109,4.036,0.000,31.09,31.09,0.00,0,0,-3.04556,31.09,31.09,0.00,0,0,31.09,0.00,0.00,0.00,0.00,1.000,1.000,0.00,0,255.00,1,30.79,31.26,-0.47,3.564,3.521,4.368,0.004,0.040,31.09,31,-0.0529
125869,3.543,3.550,3.421,3.474,3.421,3.474,-0.193,30.99,0.3099,4.026,0.000,30.99,30.99,0.00,0,0,-3.03862,30.99,30.99,0.00,0,0,30.99,0.00,0.00,0.00,0.00,1.000,1.000,0.00,0,255.00,1,30.76,31.21,-0.45,3.542,3.501,4.353,0.001,0.036,30.99,31,0.0271
125997,3.519,3.526,3.390,3.448,3.390,3.448,-0.214,30.82,0.3082,4.015,0.000,30.82,30.82,0.00,0,0,-3.02966,30.82,30.82,0.00,0,0,30.82,0.00,0.00,0.00,0.00,1.000,1.000,0.00,0,255.00,1,30.46,30.92,-0.46,3.517,3.475,4.337,0.001,0.040,30.82,31,-0.3474
126125,3.494,3.499,3.375,3.424,3.375,3.424,-0.172,30.67,0.3067,4.002,0.000,30.67,30.67,0.00,0,0,-3.02028,30.67,30.67,0.00,0,0,30.67,0.00,0.00,0.00,0.00,1.000,1.000,0.00,0,255.00,1,30.49,30.93,-0.44,3.491,3.453,4.316,0.003,0.034,30.67,30,0.4853
126251,3.479,3.485,3.361,3.406,3.361,3.406,-0.206,30.52,0.3052,3.992,0.000,30.52,30.52,0.00,0,0,-3.01313,30.52,30.52,0.00,0,0,30.52,0.00,0.00,0.00,0.00,1.000,1.000,0.00,0,255.00,1,30.13,30.60,-0.47,3.476,3.436,4.296,0.001,0.042,30.52,30,0.1609
126375,3.459,3.461,3.347,3.382,3.347,3.382,-0.179,30.37,0.3037,3.980,0.000,30.37,30.37,0.00,0,0,-3.00405,30.37,30.37,0.00,0,0,30.37,0.00,0.00,0.00,0.00,1.000,1.000,0.00,0,255.00,1,30.10,30.56,-0.46,3.453,3.414,4.281,0.006,0.039,30.37,30,-0.0303
126504,3.440,3.443,3.319,3.367,3.319,3.367,-0.169,30.29,0.3029,3.972,0.000,30.29,30.29,0.00,0,0,-2.99731,30.29,30.29,0.00,0,0,30.29,0.00,0.00,0.00,0.00,1.000,1.000,0.00,0,255.00,1,30.06,30.50,-0.44,3.435,3.398,4.268,0.005,0.035,30.29,30,-0.0482
126630,3.416,3.423,3.306,3.350,3.306,3.350,-0.202,30.19,0.3019,3.964,0.000,30.19,30.19,0.00,0,0,-2.99064,30.19,30.19,0.00,0,0,30.19,0.00,0.00,0.00,0.00,1.000,1.000,0.00,0,255.00,1,29.79,30.22,-0.43,3.415,3.376,4.255,-0.000,0.036,30.19,31,-0.3893
126758,3.395,3.399,3.292,3.330,3.292,3.330,-0.171,30.09,0.3009,3.955,0.000,30.09,30.09,0.00,0,0,-2.98236,30.09,30.09,0.00,0,0,30.09,0.00,0.00,0.00,0.00,1.000,1.000,0.00,0,255.00,1,29.85,30.26,-0.41,3.391,3.355,4.247,0.003,0.030,30.09,30,0.1650
126886,3.371,3.375,3.267,3.310,3.267,3.310,-0.151,29.98,0.2998,3.947,0.000,29.98,29.98,0.00,0,0,-2.97428,29.98,29.98,0.00,0,0,29.98,0.00,0.00,0.00,0.00,1.000,1.000,0.00,0,255.00,1,29.85,30.23,-0.38,3.368,3.334,4.234,0.003,0.025,29.98,30,0.2300
127015,3.358,3.363,3.255,3.296,3.255,3.296,-0.144,29.87,0.2987,3.940,0.000,29.87,29.87,0.00,0,0,-2.96824,29.87,29.87,0.00,0,0,29.87,0.00,0.00,0.00,0.00,1.000,1.000,0.00,0,255.00,1,29.73,30.13,-0.40,3.356,3.323,4.218,0.002,0.027,29.87,30,-0.0655
127141,3.341,3.347,3.243,3.281,3.243,3.281,-0.173,29.78,0.2978,3.934,0.000,29.78,29.78,0.00,0,0,-2.96231,29.78,29.78,0.00,0,0,29.78,0.00,0.00,0.00,0.00,1.000,1.000,0.00,0,255.00,1,29.49,29.88,-0.39,3.340,3.305,4.205,0.001,0.028,29.78,29,0.3763
127267,3.326,3.331,3.231,3.265,3.231,3.265,-0.170,29.68,0.2968,3.927,0.000,29.68,29.68,0.00,0,0,-2.95634,29.68,29.68,0.00,0,0,29.68,0.00,0.00,0.00,0.00,1.000,1.000,0.00,0,255.00,1,29.38,29.77,-0.39,3.324,3.290,4.191,0.001,0.028,29.68,30,-0.4939
127396,3.315,3.319,3.209,3.251,3.209,3.251,-0.155,29.57,0.2957,3.919,0.000,29.57,29.57,0.00,0,0,-2.95024,29.57,29.57,0.00,0,0,29.57,0.00,0.00,0.00,0.00,1.000,1.000,0.00,0,255.00,1,29.31,29.71,-0.40,3.312,3.279,4.174,0.003,0.029,29.57,29,0.3044
127523,3.305,3.304,3.198,3.232,3.198,3.232,-0.158,29.41,0.2941,3.909,0.000,29.41,29.41,0.00,0,0,-2.94217,29.41,29.41,0.00,0,0,29.41,0.00,0.00,0.00,0.00,1.000,1.000,0.00,0,255.00,1,29.09,29.51,-0.42,3.297,3.263,4.155,0.008,0.033,29.41,29,0.2570
127651,3.276,3.282,3.188,3.217,3.188,3.217,-0.130,29.34,0.2934,3.899,0.000,29.34,29.34,0.00,0,0,-2.93406,29.34,29.34,0.00,0,0,29.34,0.00,0.00,0.00,0.00,1.000,1.000,0.00,0,255.00,1,29.14,29.52,-0.38,3.275,3.245,4.135,0.000,0.026,29.34,30,-0.3081
127776,3.265,3.271,3.177,3.205,3.177,3.205,-0.135,29.23,0.2923,3.891,0.000,29.23,29.23,0.00,0,0,-2.92797,29.23,29.23,0.00,0,0,29.23,0.00,0.00,0.00,0.00,1.000,1.000,0.00,0,255.00,1,28.98,29.37,-0.39,3.265,3.235,4.118,0.000,0.028,29.23,29,0.4507
127902,3.254,3.258,3.158,3.192,3.158,3.192,-0.126,29.14,0.2914,3.884,0.000,29.14,29.14,0.00,0,0,-2.92198,29.14,29.14,0.00,0,0,29.14,0.00,0.00,0.00,0.00,1.000,1.000,0.00,0,255.00,1,28.91,29.30,-0.39,3.252,3.223,4.105,0.002,0.027,29.14,29,-0.0466
128029,3.238,3.238,3.148,3.174,3.148,3.174,-0.117,29.02,0.2902,3.873,0.000,29.02,29.02,0.00,0,0,-2.91257,29.02,29.02,0.00,0,0,29.02,0.00,0.00,0.00,0.00,1.000,1.000,0.00,0,255.00,1,28.83,29.20,-0.38,3.232,3.204,4.090,0.005,0.025,29.02,29,0.3796
128157,3.219,3.223,3.139,3.162,3.139,3.162,-0.103,28.94,0.2894,3.864,0.000,28.94,28.94,0.00,0,0,-2.90509,28.94,28.94,0.00,0,0,28.94,0.00,0.00,0.00,0.00,1.000,1.000,0.00,0,255.00,1,28.78,29.14,-0.36,3.218,3.192,4.070,0.001,0.022,28.94,29,0.2452
128283,3.209,3.210,3.130,3.149,3.130,3.149,-0.098,28.84,0.2884,3.857,0.000,28.84,28.84,0.00,0,0,-2.89797,28.84,28.84,0.00,0,0,28.84,0.00,0.00,0.00,0.00,1.000,1.000,0.00,0,255.00,1,28.69,29.05,-0.36,3.205,3.180,4.054,0.004,0.022,28.84,29,-0.2038
128410,3.193,3.192,3.114,3.138,3.114,3.138,-0.081,28.80,0.2880,3.852,0.000,28.80,28.80,0.00,0,0,-2.89159,28.80,28.80,0.00,0,0,28.80,0.00,0.00,0.00,0.00,1.000,1.000,0.00,0,255.00,1,28.75,29.07,-0.32,3.188,3.165,4.048,0.006,0.017,28.80,29,0.1641
128539,3.184,3.183,3.106,3.127,3.106,3.127,-0.094,28.69,0.2869,3.845,0.000,28.69,28.69,0.00,0,0,-2.88514,28.69,28.69,0.00,0,0,28.69,0.00,0.00,0.00,0.00,1.000,1.000,0.00,0,255.00,1,28.54,28.87,-0.33,3.178,3.155,4.029,0.006,0.019,28.69,29,0.1468
128664,3.171,3.172,3.098,3.116,3.098,3.116,-0.090,28.60,0.2860,3.838,0.000,28.60,28.60,0.00,0,0,-2.87860,28.60,28.60,0.00,0,0,28.60,0.00,0.00,0.00,0.00,1.000,1.000,0.00,0,255.00,1,28.43,28.76,-0.33,3.168,3.145,4.007,0.004,0.019,28.60,29,-0.2617
128793,3.159,3.160,3.091,3.106,3.091,3.106,-0.077,28.53,0.2853,3.831,0.000,28.53,28.53,0.00,0,0,-2.87226,28.53,28.53,0.00,0,0,28.53,0.00,0.00,0.00,0.00,1.000,1.000,0.00,0,255.00,1,28.39,28.71,-0.32,3.156,3.135,3.990,0.003,0.017,28.53,29,0.0249
128919,3.144,3.145,3.077,3.099,3.077,3.099,-0.075,28.53,0.2853,3.828,0.000,28.53,28.53,0.00,0,0,-2.86810,28.53,28.53,0.00,0,0,28.53,0.00,0.00,0.00,0.00,1.000,1.000,0.00,0,255.00,1,28.44,28.71,-0.27,3.141,3.121,3.990,0.003,0.012,28.53,29,-0.3156
129052,3.136,3.136,3.070,3.089,3.070,3.089,-0.086,28.45,0.2845,3.823,0.000,28.45,28.45,0.00,0,0,-2.86262,28.45,28.45,0.00,0,0,28.45,0.00,0.00,0.00,0.00,1.000,1.000,0.00,0,255.00,1,28.29,28.57,-0.28,3.132,3.112,3.980,0.004,0.014,28.45,29,-0.3610
129182,3.121,3.122,3.064,3.078,3.064,3.078,-0.069,28.37,0.2837,3.816,0.000,28.37,28.37,0.00,0,0,-2.85588,28.37,28.37,0.00,0,0,28.37,0.00,0.00,0.00,0.00,1.000,1.000,0.00,0,255.00,1,28.28,28.54,-0.26,3.119,3.100,3.965,0.002,0.012,28.37,29,-0.3228
129308,3.110,3.110,3.058,3.068,3.058,3.068,-0.050,28.30,0.2830,3.810,0.000,28.30,28.30,0.00,0,0,-2.84945,28.30,28.30,0.00,0,0,28.30,0.00,0.00,0.00,0.00,1.000,1.000,0.00,0,255.00,1,28.28,28.53,-0.25,3.107,3.091,3.950,0.003,0.010,28.30,28,0.3406
129434,3.098,3.098,3.047,3.059,3.047,3.059,-0.033,28.24,0.2824,3.804,0.000,28.24,28.24,0.00,0,0,-2.84229,28.24,28.24,0.00,0,0,28.24,0.00,0.00,0.00,0.00,1.000,1.000,0.00,0,255.00,1,28.27,28.50,-0.23,3.096,3.082,3.930,0.002,0.008,28.24,28,-0.0430
129563,3.088,3.089,3.042,3.053,3.042,3.053,-0.055,28.21,0.2821,3.800,0.000,28.21,28.21,0.00,0,0,-2.83790,28.21,28.21,0.00,0,0,28.21,0.00,0.00,0.00,0.00,1.000,1.000,0.00,0,255.00,1,28.13,28.34,-0.21,3.086,3.071,3.919,0.002,0.007,28.21,28,-0.1518
129691,3.070,3.075,3.037,3.047,3.037,3.047,-0.051,28.22,0.2822,3.798,0.000,28.22,28.22,0.00,0,0,-2.83405,28.22,28.22,0.00,0,0,28.22,0.00,0.00,0.00,0.00,1.000,1.000,0.00,0,255.00,1,28.19,28.35,-0.16,3.072,3.059,3.916,-0.003,0.004,28.22,29,-0.3332
129820,3.065,3.066,3.029,3.038,3.029,3.038,-0.028,28.14,0.2814,3.795,0.000,28.14,28.14,0.00,0,0,-2.82801,28.14,28.14,0.00,0,0,28.14,0.00,0.00,0.00,0.00,1.000,1.000,0.00,0,255.00,1,28.20,28.36,-0.16,3.064,3.052,3.904,0.002,0.004,28.14,28,-0.1842
129944,3.061,3.061,3.025,3.033,3.025,3.033,-0.018,28.06,0.2806,3.790,0.000,28.06,28.06,0.00,0,0,-2.82205,28.06,28.06,0.00,0,0,28.06,0.00,0.00,0.00,0.00,1.000,1.000,0.00,0,255.00,1,28.10,28.26,-0.16,3.059,3.049,3.877,0.002,0.004,28.06,28,0.4532
130069,3.054,3.054,3.021,3.028,3.021,3.028,-0.036,28.04,0.2804,3.787,0.000,28.04,28.04,0.00,0,0,-2.81883,28.04,28.04,0.00,0,0,28.04,0.00,0.00,0.00,0.00,1.000,1.000,0.00,0,255.00,1,27.97,28.12,-0.15,3.052,3.043,3.865,0.001,0.004,28.04,28,-0.3582
130193,3.050,3.050,3.018,3.025,3.018,3.025,-0.035,28.02,0.2802,3.785,0.000,28.02,28.02,0.00,0,0,-2.81660,28.02,28.02,0.00,0,0,28.02,0.00,0.00,0.00,0.00,1.000,1.000,0.00,0,255.00,1,27.96,28.10,-0.14,3.048,3.038,3.861,0.002,0.004,28.02,28,-0.2716
130324,3.033,3.036,3.012,3.022,3.012,3.022,-0.035,28.08,0.2808,3.786,0.000,28.08,28.08,0.00,0,0,-2.81499,28.08,28.08,0.00,0,0,28.08,0.00,0.00,0.00,0.00,1.000,1.000,0.00,0,255.00,1,28.08,28.16,-0.08,3.035,3.027,3.869,-0.002,0.001,28.08,28,-0.0929
130448,3.029,3.033,3.010,3.019,3.010,3.019,-0.040,28.06,0.2806,3.787,0.000,28.06,28.06,0.00,0,0,-2.81354,28.06,28.06,0.00,0,0,28.06,0.00,0.00,0.00,0.00,1.000,1.000,0.00,0,255.00,1,28.04,28.13,-0.08,3.031,3.022,3.872,-0.002,0.001,28.06,28,0.0637
130575,3.025,3.025,3.007,3.010,3.007,3.010,-0.017,27.99,0.2799,3.786,0.000,27.99,27.99,0.00,0,0,-2.80943,27.99,27.99,0.00,0,0,27.99,0.00,0.00,0.00,0.00,1.000,1.000,0.00,0,255.00,1,28.07,28.15,-0.09,3.024,3.017,3.861,0.001,0.001,27.99,28,0.2147
130703,3.024,3.024,3.004,3.007,3.004,3.007,-0.008,27.92,0.2792,3.781,0.000,27.92,27.92,0.00,0,0,-2.80450,27.92,27.92,0.00,0,0,27.92,0.00,0.00,0.00,0.00,1.000,1.000,0.00,0,255.00,1,27.93,28.03,-0.10,3.023,3.017,3.826,0.001,0.002,27.92,28,-0.2866
130830,3.022,3.022,3.002,3.004,3.002,3.004,-0.009,27.85,0.2785,3.773,0.000,27.85,27.85,0.00,0,0,-2.79904,27.85,27.85,0.00,0,0,27.85,0.00,0.00,0.00,0.00,1.000,1.000,0.00,0,255.00,1,27.79,27.89,-0.11,3.021,3.017,3.798,0.001,0.002,27.85,27,0.4675
130957,3.017,3.017,3.001,3.002,3.001,3.002,-0.005,27.82,0.2782,3.769,0.000,27.82,27.82,0.00,0,0,-2.79483,27.82,27.82,0.00,0,0,27.82,0.00,0.00,0.00,0.00,1.000,1.000,0.00,0,255.00,1,27.79,27.88,-0.09,3.017,3.013,3.792,0.001,0.001,27.82,28,0.0565
131088,3.012,3.012,3.000,3.001,3.000,3.001,-0.001,27.80,0.2780,3.765,0.000,27.80,27.80,0.00,0,0,-2.78902,27.80,27.80,0.00,0,0,27.80,0.00,0.00,0.00,0.00,1.000,1.000,0.00,0,255.00,1,27.79,27.85,-0.07,3.012,3.009,3.783,0.000,0.001,27.80,28,0.2189
131214,3.004,3.006,3.000,3.001,3.000,3.001,-0.004,27.84,0.2784,3.765,0.000,27.84,27.84,0.00,0,0,-2.78839,27.84,27.84,0.00,0,0,27.84,0.00,0.00,0.00,0.00,1.000,1.000,0.00,0,255.00,1,27.84,27.88,-0.03,3.006,3.004,3.788,-0.002,0.000,27.84,28,-0.2918
=== SHOT TELEMETRY END ===
