# SHOT START
# legend_version=1
# time_base=ms_since_boot
# units: pressure=bar, flow=ml_s, output=percent, derivative=bar_s
# raw_p = raw pressure sensor reading
# flt_p = filtered pressure used by controller
# sp_raw = raw incoming pressure setpoint currently held by the profile engine
# sp_flt = filtered pressure setpoint actually used internally by the controller
# sp_recipe = visual recipe reference; ideal profile target for display/comparison
# sp_ctrl = control reference after internal conditioning; command seen by control logic
# sp_flt_d = derivative of filtered pressure setpoint
# ctrl_out = final controller output command in percent
# pump_duty = internal normalized pressure-branch duty estimate
# pump_flow = estimated pump flow
# coffee_flow = estimated outflow through puck / coffee flow
# u_raw = pressure branch output after clamp and before final slew limiter
# u_applied = pressure branch output after final slew limiter
# u_delta = u_raw - u_applied; limiter intervention magnitude
# limiter_active_up = 1 when rise slew limiter is active
# limiter_active_down = 1 when drop slew limiter is active
# error_integral = integral state of legacy pressure controller
# u_unclamped_raw = controller output before 0..100 clamp
# u_clamped_raw = controller output after 0..100 clamp and before slew limiter
# u_clamp_delta = u_unclamped_raw - u_clamped_raw
# clamp_active_high = 1 when output was clipped by upper clamp
# clamp_active_low = 1 when output was clipped by lower clamp
# u_fb = legacy pressure feedback contribution
# u_ff_hold = static feedforward contribution
# u_ff_dyn = dynamic feedforward contribution
# u_ff_dyn_raw = raw dynamic feedforward request before FF-path LPF and slew limiting
# ff_pressure_w = pressure-window weight applied to dynamic FF
# ff_above_w = above-target suppression weight applied to dynamic FF
# ff_gamma = ramp-dependent gamma multiplier applied to dynamic FF
# u_ff_total = total feedforward contribution
# ramp_hold_active = 1 when the downstream drop-rate hold is active during ramp-up
# drop_rate_active = active downstream output drop-rate cap in percent per second
# mpc_shadow_enabled = 1 when shadow MPC is being computed in parallel
# mpc_u_shadow = total output suggested by shadow MPC; not applied to actuator in shadow stage
# mpc_u_ss = steady-state component suggested by shadow MPC
# mpc_u_trim = corrective trim component suggested by shadow MPC
# mpc_p1_pred = one-step pressure prediction from shadow MPC model
# mpc_pn_pred = terminal pressure prediction at end of shadow MPC horizon
# mpc_qout_est = estimated outflow / load used by shadow MPC model
# mpc_qout_raw = instantaneous outflow / load estimate before shadow-MPC LPF
# mpc_residual = measured minus predicted pressure residual for shadow MPC
# mpc_residual_bias = low-pass residual bias term added to shadow predictions
# mpc_cost = shadow MPC objective value
# power_cmd = floating-point power command sent to pump stage before integer quantization
# power_psm_quantized = integer power actually sent to PSM
# power_quant_residual = sigma-delta residual kept for next quantization step
ms,raw_p,flt_p,sp_raw,sp_flt,sp_recipe,sp_ctrl,sp_flt_d,ctrl_out,pump_duty,pump_flow,coffee_flow,u_raw,u_applied,u_delta,limiter_active_up,limiter_active_down,error_integral,u_unclamped_raw,u_clamped_raw,u_clamp_delta,clamp_active_high,clamp_active_low,u_fb,u_ff_hold,u_ff_dyn,u_ff_dyn_raw,ff_pressure_w,ff_above_w,ff_gamma,u_ff_total,ramp_hold_active,drop_rate_active,mpc_shadow_enabled,mpc_u_shadow,mpc_u_ss,mpc_u_trim,mpc_p1_pred,mpc_pn_pred,mpc_qout_est,mpc_qout_raw,mpc_residual,mpc_residual_bias,mpc_cost,power_cmd,power_psm_quantized,power_quant_residual
1067133,0.000,0.000,1.100,0.100,1.100,0.100,3.335,5.70,0.1856,0.084,0.000,18.56,5.70,12.86,1,0,0.00000,18.56,18.56,0.00,0,0,18.56,0.00,0.00,0.00,0.00,1.000,1.000,0.00,1,60.00,1,16.62,15.75,0.87,0.059,0.349,0.107,0.978,0.000,0.000,2.072,5.70,6,-0.3000
1067233,0.000,0.000,1.100,0.332,1.100,0.332,3.764,17.10,0.2051,0.477,0.000,20.51,17.10,3.41,1,0,0.00000,20.51,20.51,0.00,0,0,20.51,0.00,0.00,0.00,0.00,1.000,1.000,0.00,1,60.00,1,27.38,25.16,2.22,0.082,0.483,0.595,2.933,-0.077,-0.006,3.021,17.10,17,0.2000
1067360,0.015,0.010,1.100,0.598,1.100,0.598,2.571,23.02,0.2302,1.269,0.000,23.02,23.02,0.00,0,0,-0.04610,23.02,23.02,0.00,0,0,23.02,0.00,0.00,0.00,0.00,1.000,1.000,0.00,1,60.00,1,30.40,26.71,3.69,0.074,0.387,1.530,3.877,-0.067,-0.015,3.999,23.02,23,-0.0425
1067496,0.179,0.124,1.100,0.774,1.100,0.774,1.676,23.86,0.2386,1.929,0.000,23.86,23.86,0.00,0,0,-0.10434,23.86,23.86,0.00,0,0,23.86,0.00,0.00,0.00,0.00,1.000,1.000,0.00,1,60.00,1,29.52,25.52,4.01,0.171,0.399,2.122,3.257,0.009,-0.015,3.944,23.86,24,0.2239
1067624,0.382,0.323,1.100,0.888,1.100,0.888,1.091,22.75,0.2275,2.399,0.000,22.75,22.75,0.00,0,0,-0.15835,22.75,22.75,0.00,0,0,22.75,0.00,0.00,0.00,0.00,1.000,1.000,0.00,1,60.00,1,26.43,22.99,3.44,0.360,0.541,2.219,2.081,0.026,-0.010,2.576,22.75,23,0.0211
1067756,0.498,0.471,1.100,0.962,1.100,0.962,0.710,21.19,0.2119,2.676,0.000,21.19,21.19,0.00,0,0,-0.20359,21.19,21.19,0.00,0,0,21.19,0.00,0.00,0.00,0.00,1.000,1.000,0.00,1,60.00,1,23.12,20.17,2.94,0.503,0.657,2.034,1.594,-0.003,-0.007,1.669,21.19,21,0.4927
1067883,0.510,0.509,1.100,1.010,1.100,1.010,0.462,21.49,0.2149,2.874,0.000,21.49,21.49,0.00,0,0,-0.24778,21.49,21.49,0.00,0,0,21.49,0.00,0.00,0.00,0.00,1.000,1.000,0.00,1,60.00,1,22.30,19.31,2.99,0.536,0.671,2.008,2.200,-0.027,-0.009,1.606,21.49,21,0.1455
1068015,0.502,0.503,1.100,1.042,1.100,1.042,0.300,22.52,0.2252,3.064,0.000,22.52,22.52,0.00,0,0,-0.29522,22.52,22.52,0.00,0,0,22.52,0.00,0.00,0.00,0.00,1.000,1.000,0.00,1,60.00,1,23.08,19.87,3.21,0.527,0.640,2.225,2.953,-0.026,-0.011,1.860,22.52,23,-0.2493
1068141,0.529,0.524,1.100,1.062,1.100,1.062,0.195,22.80,0.2280,3.228,0.000,22.80,22.80,0.00,0,0,-0.34370,22.80,22.80,0.00,0,0,22.80,0.00,0.00,0.00,0.00,1.000,1.000,0.00,0,255.00,1,23.58,20.36,3.22,0.542,0.634,2.486,3.179,-0.015,-0.012,1.902,22.80,23,-0.1062
1068276,0.575,0.562,1.100,1.075,1.100,1.075,0.127,22.54,0.2254,3.348,0.000,22.54,22.54,0.00,0,0,-0.39076,22.54,22.54,0.00,0,0,22.54,0.00,0.00,0.00,0.00,1.000,1.000,0.00,0,255.00,1,23.58,20.51,3.08,0.577,0.652,2.681,3.121,-0.002,-0.011,1.760,22.54,23,-0.1333
1068402,0.583,0.579,1.100,1.084,1.100,1.084,0.083,22.65,0.2265,3.436,0.000,22.65,22.65,0.00,0,0,-0.43639,22.65,22.65,0.00,0,0,22.65,0.00,0.00,0.00,0.00,1.000,1.000,0.00,0,255.00,1,23.87,20.84,3.03,0.592,0.656,2.838,3.267,-0.009,-0.010,1.726,22.65,23,-0.3379
1068533,0.588,0.587,1.100,1.090,1.100,1.090,0.054,22.95,0.2295,3.513,0.000,22.95,22.95,0.00,0,0,-0.48171,22.95,22.95,0.00,0,0,22.95,0.00,0.00,0.00,0.00,1.000,1.000,0.00,0,255.00,1,24.39,21.36,3.02,0.598,0.654,3.003,3.454,-0.010,-0.010,1.745,22.95,23,0.2090
1068663,0.597,0.593,1.100,1.093,1.100,1.093,0.035,23.23,0.2323,3.583,0.000,23.23,23.23,0.00,0,0,-0.52690,23.23,23.23,0.00,0,0,23.23,0.00,0.00,0.00,0.00,1.000,1.000,0.00,0,255.00,1,24.92,21.91,3.01,0.603,0.652,3.166,3.582,-0.006,-0.010,1.759,23.23,24,-0.3029
1068794,0.608,0.606,1.100,1.096,1.100,1.096,0.023,23.32,0.2332,3.640,0.000,23.32,23.32,0.00,0,0,-0.57121,23.32,23.32,0.00,0,0,23.32,0.00,0.00,0.00,0.00,1.000,1.000,0.00,0,255.00,1,25.22,22.27,2.95,0.615,0.659,3.291,3.612,-0.007,-0.009,1.710,23.32,24,-0.4985
1068919,0.614,0.614,1.100,1.097,1.100,1.097,0.015,23.51,0.2351,3.688,0.000,23.51,23.51,0.00,0,0,-0.61482,23.51,23.51,0.00,0,0,23.51,0.00,0.00,0.00,0.00,1.000,1.000,0.00,0,255.00,1,25.56,22.64,2.91,0.622,0.662,3.397,3.683,-0.008,-0.009,1.685,23.51,24,-0.2328
1069051,0.623,0.624,1.100,1.098,1.100,1.098,0.008,23.75,0.2375,3.745,0.000,23.75,23.75,0.00,0,0,-0.67200,23.75,23.75,0.00,0,0,23.75,0.00,0.00,0.00,0.00,1.000,1.000,0.00,0,255.00,1,25.95,23.08,2.86,0.631,0.669,3.514,3.755,-0.008,-0.008,1.640,23.75,23,0.2484
1069180,0.633,0.632,1.100,1.099,1.100,1.099,0.005,23.99,0.2399,3.798,0.000,23.99,23.99,0.00,0,0,-0.72833,23.99,23.99,0.00,0,0,23.99,0.00,0.00,0.00,0.00,1.000,1.000,0.00,0,255.00,1,26.31,23.50,2.82,0.640,0.676,3.616,3.814,-0.006,-0.008,1.597,23.99,24,-0.1704
1069312,0.647,0.644,1.100,1.099,1.100,1.099,0.003,24.03,0.2403,3.831,0.000,24.03,24.03,0.00,0,0,-0.76971,24.03,24.03,0.00,0,0,24.03,0.00,0.00,0.00,0.00,1.000,1.000,0.00,0,255.00,1,26.41,23.66,2.75,0.651,0.685,3.671,3.790,-0.004,-0.007,1.531,24.03,24,-0.0648
1069439,0.656,0.656,1.100,1.100,1.100,1.100,0.002,24.15,0.2415,3.862,0.000,24.15,24.15,0.00,0,0,-0.82326,24.15,24.15,0.00,0,0,24.15,0.00,0.00,0.00,0.00,1.000,1.000,0.00,0,255.00,1,26.52,23.84,2.68,0.663,0.697,3.713,3.819,-0.007,-0.006,1.451,24.15,24,0.1024
1069574,0.662,0.661,1.100,1.100,1.100,1.100,0.001,24.45,0.2445,3.900,0.000,24.45,24.45,0.00,0,0,-0.87629,24.45,24.45,0.00,0,0,24.45,0.00,0.00,0.00,0.00,1.000,1.000,0.00,0,255.00,1,26.83,24.18,2.65,0.668,0.701,3.777,3.900,-0.005,-0.006,1.423,24.45,25,-0.4506
1069701,0.675,0.670,1.100,1.100,1.100,1.100,0.001,24.49,0.2449,3.925,0.000,24.49,24.49,0.00,0,0,-0.91532,24.49,24.49,0.00,0,0,24.49,0.00,0.00,0.00,0.00,1.000,1.000,0.00,0,255.00,1,26.90,24.31,2.59,0.677,0.710,3.812,3.882,-0.001,-0.006,1.368,24.49,24,0.0586
1069835,0.687,0.682,1.100,1.100,1.100,1.100,0.000,24.46,0.2446,3.942,0.000,24.46,24.46,0.00,0,0,-0.95330,24.46,24.46,0.00,0,0,24.46,0.00,0.00,0.00,0.00,1.000,1.000,0.00,0,255.00,1,26.85,24.33,2.52,0.688,0.721,3.826,3.848,-0.001,-0.005,1.295,24.46,24,0.4701
1069962,0.693,0.691,1.100,1.100,1.100,1.100,0.000,24.47,0.2447,3.953,0.000,24.47,24.47,0.00,0,0,-0.99027,24.47,24.47,0.00,0,0,24.47,0.00,0.00,0.00,0.00,1.000,1.000,0.00,0,255.00,1,26.81,24.34,2.46,0.698,0.730,3.829,3.850,-0.005,-0.005,1.232,24.47,25,-0.2343
1070092,0.697,0.697,1.100,1.100,1.100,1.100,0.000,24.60,0.2460,3.965,0.000,24.60,24.60,0.00,0,0,-1.02667,24.60,24.60,0.00,0,0,24.60,0.00,0.00,0.00,0.00,1.000,1.000,0.00,0,255.00,1,26.89,24.46,2.43,0.703,0.736,3.842,3.897,-0.006,-0.005,1.197,24.60,24,0.3772
1070219,0.708,0.707,1.100,1.100,1.100,1.100,0.000,24.77,0.2477,3.989,0.000,24.77,24.77,0.00,0,0,-1.08627,24.77,24.77,0.00,0,0,24.77,0.00,0.00,0.00,0.00,1.000,1.000,0.00,0,255.00,1,27.02,24.65,2.37,0.713,0.744,3.878,3.933,-0.005,-0.005,1.140,24.77,25,-0.0705
1070351,0.721,0.717,1.100,1.100,1.100,1.100,0.000,24.74,0.2474,4.001,0.000,24.74,24.74,0.00,0,0,-1.12121,24.74,24.74,0.00,0,0,24.74,0.00,0.00,0.00,0.00,1.000,1.000,0.00,0,255.00,1,26.98,24.67,2.31,0.723,0.753,3.893,3.901,-0.001,-0.005,1.087,24.74,24,0.3398
1070480,0.734,0.732,1.100,1.100,1.100,1.100,0.000,24.67,0.2467,4.004,0.000,24.67,24.67,0.00,0,0,-1.17699,24.67,24.67,0.00,0,0,24.67,0.00,0.00,0.00,0.00,1.000,1.000,0.00,0,255.00,1,26.82,24.60,2.22,0.738,0.768,3.881,3.885,-0.005,-0.004,0.998,24.67,24,0.4827
1070612,0.737,0.737,1.100,1.100,1.100,1.100,0.000,24.86,0.2486,4.011,0.000,24.86,24.86,0.00,0,0,-1.22063,24.86,24.86,0.00,0,0,24.86,0.00,0.00,0.00,0.00,1.000,1.000,0.00,0,255.00,1,26.94,24.75,2.19,0.743,0.773,3.896,3.955,-0.006,-0.004,0.967,24.86,25,-0.4879
1070739,0.750,0.748,1.100,1.100,1.100,1.100,0.000,24.75,0.2475,4.015,0.000,24.75,24.75,0.00,0,0,-1.25259,24.75,24.75,0.00,0,0,24.75,0.00,0.00,0.00,0.00,1.000,1.000,0.00,0,255.00,1,26.82,24.70,2.12,0.754,0.783,3.900,3.903,-0.003,-0.004,0.914,24.75,25,-0.1811
1070871,0.758,0.758,1.100,1.100,1.100,1.100,0.000,24.74,0.2474,4.012,0.000,24.74,24.74,0.00,0,0,-1.29381,24.74,24.74,0.00,0,0,24.74,0.00,0.00,0.00,0.00,1.000,1.000,0.00,0,255.00,1,26.73,24.67,2.06,0.763,0.792,3.891,3.910,-0.006,-0.004,0.861,24.74,24,0.4281
1070996,0.764,0.763,1.100,1.100,1.100,1.100,0.000,24.78,0.2478,4.013,0.000,24.78,24.78,0.00,0,0,-1.32422,24.78,24.78,0.00,0,0,24.78,0.00,0.00,0.00,0.00,1.000,1.000,0.00,0,255.00,1,26.74,24.71,2.03,0.769,0.797,3.898,3.926,-0.005,-0.004,0.832,24.78,25,-0.3499
1071127,0.786,0.780,1.100,1.100,1.100,1.100,0.000,24.39,0.2439,4.005,0.000,24.39,24.39,0.00,0,0,-1.35352,24.39,24.39,0.00,0,0,24.39,0.00,0.00,0.00,0.00,1.000,1.000,0.00,0,255.00,1,26.37,24.44,1.93,0.785,0.811,3.879,3.791,0.001,-0.003,0.761,24.39,24,0.2283
1071253,0.790,0.790,1.100,1.100,1.100,1.100,0.000,24.25,0.2425,3.987,0.000,24.25,24.25,0.00,0,0,-1.38165,24.25,24.25,0.00,0,0,24.25,0.00,0.00,0.00,0.00,1.000,1.000,0.00,0,255.00,1,26.14,24.27,1.87,0.795,0.821,3.846,3.776,-0.004,-0.003,0.711,24.25,24,0.0021
1071388,0.794,0.791,1.100,1.100,1.100,1.100,0.000,24.42,0.2442,3.979,0.000,24.42,24.42,0.00,0,0,-1.40957,24.42,24.42,0.00,0,0,24.42,0.00,0.00,0.00,0.00,1.000,1.000,0.00,0,255.00,1,26.22,24.36,1.86,0.797,0.824,3.845,3.849,-0.003,-0.003,0.695,24.42,24,0.2055
1071514,0.808,0.804,1.100,1.100,1.100,1.100,0.000,24.14,0.2414,3.967,0.000,24.14,24.14,0.00,0,0,-1.43665,24.14,24.14,0.00,0,0,24.14,0.00,0.00,0.00,0.00,1.000,1.000,0.00,0,255.00,1,25.95,24.16,1.78,0.809,0.834,3.831,3.762,-0.001,-0.003,0.645,24.14,24,-0.0181
1071649,0.818,0.818,1.100,1.100,1.100,1.100,0.000,23.86,0.2386,3.935,0.000,23.86,23.86,0.00,0,0,-1.47093,23.86,23.86,0.00,0,0,23.86,0.00,0.00,0.00,0.00,1.000,1.000,0.00,0,255.00,1,25.58,23.88,1.70,0.823,0.848,3.783,3.714,-0.004,-0.002,0.584,23.86,24,-0.4715
1071774,0.819,0.820,1.100,1.100,1.100,1.100,0.000,23.97,0.2397,3.919,0.000,23.97,23.97,0.00,0,0,-1.49616,23.97,23.97,0.00,0,0,23.97,0.00,0.00,0.00,0.00,1.000,1.000,0.00,0,255.00,1,25.60,23.91,1.68,0.825,0.851,3.774,3.776,-0.006,-0.003,0.569,23.97,24,0.2819
1071906,0.838,0.831,1.100,1.100,1.100,1.100,0.000,23.70,0.2370,3.905,0.000,23.70,23.70,0.00,0,0,-1.52088,23.70,23.70,0.00,0,0,23.70,0.00,0.00,0.00,0.00,1.000,1.000,0.00,0,255.00,1,25.36,23.74,1.62,0.836,0.858,3.766,3.690,0.002,-0.002,0.534,23.70,24,-0.0608
1072033,0.851,0.845,1.100,1.100,1.100,1.100,0.000,23.29,0.2329,3.877,0.000,23.29,23.29,0.00,0,0,-1.54432,23.29,23.29,0.00,0,0,23.29,0.00,0.00,0.00,0.00,1.000,1.000,0.00,0,255.00,1,24.94,23.40,1.53,0.850,0.870,3.727,3.584,0.001,-0.002,0.485,23.29,23,0.3586
1072169,0.856,0.853,1.100,1.100,1.100,1.100,0.000,23.15,0.2315,3.845,0.000,23.15,23.15,0.00,0,0,-1.56682,23.15,23.15,0.00,0,0,23.15,0.00,0.00,0.00,0.00,1.000,1.000,0.00,0,255.00,1,24.70,23.21,1.49,0.857,0.878,3.686,3.585,-0.001,-0.002,0.452,23.15,23,-0.0304
1072294,0.856,0.856,1.100,1.100,1.100,1.100,0.000,23.21,0.2321,3.820,0.000,23.21,23.21,0.00,0,0,-1.58893,23.21,23.21,0.00,0,0,23.21,0.00,0.00,0.00,0.00,1.000,1.000,0.00,0,255.00,1,24.66,23.19,1.47,0.860,0.882,3.667,3.634,-0.004,-0.002,0.435,23.21,24,-0.4301
1072427,0.875,0.868,1.100,1.100,1.100,1.100,0.000,22.83,0.2283,3.795,0.000,22.83,22.83,0.00,0,0,-1.61037,22.83,22.83,0.00,0,0,22.83,0.00,0.00,0.00,0.00,1.000,1.000,0.00,0,255.00,1,24.31,22.92,1.40,0.872,0.892,3.645,3.528,0.004,-0.002,0.398,22.83,23,-0.2886
1072554,0.886,0.881,1.100,1.100,1.100,1.100,0.000,22.38,0.2238,3.754,0.000,22.38,22.38,0.00,0,0,-1.63044,22.38,22.38,0.00,0,0,22.38,0.00,0.00,0.00,0.00,1.000,1.000,0.00,0,255.00,1,23.83,22.51,1.32,0.885,0.904,3.590,3.429,0.001,-0.001,0.356,22.38,22,0.2669
1072689,0.889,0.886,1.100,1.100,1.100,1.100,0.000,22.34,0.2234,3.718,0.000,22.34,22.34,0.00,0,0,-1.64991,22.34,22.34,0.00,0,0,22.34,0.00,0.00,0.00,0.00,1.000,1.000,0.00,0,255.00,1,23.67,22.38,1.29,0.890,0.909,3.552,3.461,-0.001,-0.001,0.335,22.34,22,0.3909
1072816,0.893,0.889,1.100,1.100,1.100,1.100,0.000,22.33,0.2233,3.691,0.000,22.33,22.33,0.00,0,0,-1.66915,22.33,22.33,0.00,0,0,22.33,0.00,0.00,0.00,0.00,1.000,1.000,0.00,0,255.00,1,23.61,22.34,1.27,0.893,0.912,3.539,3.485,0.000,-0.002,0.324,22.33,23,-0.3479
1072951,0.916,0.909,1.100,1.100,1.100,1.100,0.000,21.53,0.2153,3.645,0.000,21.53,21.53,0.00,0,0,-1.68688,21.53,21.53,0.00,0,0,21.53,0.00,0.00,0.00,0.00,1.000,1.000,0.00,0,255.00,1,22.87,21.72,1.15,0.912,0.928,3.477,3.270,0.004,-0.001,0.276,21.53,22,-0.0270
1073077,0.914,0.914,1.100,1.100,1.100,1.100,0.000,21.49,0.2149,3.585,0.000,21.49,21.49,0.00,0,0,-1.70931,21.49,21.49,0.00,0,0,21.49,0.00,0.00,0.00,0.00,1.000,1.000,0.00,0,255.00,1,22.64,21.52,1.12,0.917,0.935,3.412,3.333,-0.003,-0.001,0.252,21.49,22,-0.2064
1073208,0.914,0.913,1.100,1.100,1.100,1.100,0.000,21.66,0.2166,3.560,0.000,21.66,21.66,0.00,0,0,-1.72625,21.66,21.66,0.00,0,0,21.66,0.00,0.00,0.00,0.00,1.000,1.000,0.00,0,255.00,1,22.73,21.61,1.12,0.917,0.935,3.410,3.407,-0.003,-0.001,0.251,21.66,22,-0.1584
1073335,0.947,0.940,1.100,1.100,1.100,1.100,0.000,20.49,0.2049,3.510,0.000,20.49,20.49,0.00,0,0,-1.74152,20.49,20.49,0.00,0,0,20.49,0.00,0.00,0.00,0.00,1.000,1.000,0.00,0,255.00,1,21.74,20.77,0.97,0.942,0.954,3.342,3.074,0.006,-0.001,0.200,20.49,21,-0.4425
1073472,0.932,0.936,1.100,1.100,1.100,1.100,0.000,20.78,0.2078,3.460,0.000,20.78,20.78,0.00,0,0,-1.75599,20.78,20.78,0.00,0,0,20.78,0.00,0.00,0.00,0.00,1.000,1.000,0.00,0,255.00,1,21.76,20.78,0.98,0.939,0.956,3.288,3.234,-0.007,-0.001,0.193,20.78,20,0.2950
1073599,0.941,0.936,1.100,1.100,1.100,1.100,0.000,20.91,0.2091,3.439,0.000,20.91,20.91,0.00,0,0,-1.77105,20.91,20.91,0.00,0,0,20.91,0.00,0.00,0.00,0.00,1.000,1.000,0.00,0,255.00,1,21.86,20.87,0.99,0.939,0.954,3.298,3.282,0.002,-0.001,0.195,20.91,20,0.4174
1073730,0.973,0.963,1.100,1.100,1.100,1.100,0.000,19.68,0.1968,3.386,0.000,19.68,19.68,0.00,0,0,-1.78423,19.68,19.68,0.00,0,0,19.68,0.00,0.00,0.00,0.00,1.000,1.000,0.00,0,255.00,1,20.82,19.99,0.83,0.964,0.973,3.224,2.939,0.009,-0.000,0.151,19.68,20,-0.2689
1073857,0.966,0.966,1.100,1.100,1.100,1.100,0.000,19.58,0.1958,3.324,0.000,19.58,19.58,0.00,0,0,-1.79626,19.58,19.58,0.00,0,0,19.58,0.00,0.00,0.00,0.00,1.000,1.000,0.00,0,255.00,1,20.52,19.71,0.80,0.969,0.981,3.146,2.987,-0.002,-0.000,0.132,19.58,19,0.3833
1073996,0.956,0.959,1.100,1.100,1.100,1.100,0.000,20.07,0.2007,3.293,0.000,20.07,20.07,0.00,0,0,-1.80881,20.07,20.07,0.00,0,0,20.07,0.00,0.00,0.00,0.00,1.000,1.000,0.00,0,255.00,1,20.81,19.97,0.84,0.962,0.977,3.140,3.168,-0.007,-0.001,0.139,20.07,20,0.2490
1074124,0.993,0.982,1.100,1.100,1.100,1.100,0.000,18.96,0.1896,3.248,0.000,18.96,18.96,0.00,0,0,-1.82027,18.96,18.96,0.00,0,0,18.96,0.00,0.00,0.00,0.00,1.000,1.000,0.00,0,255.00,1,19.93,19.22,0.71,0.984,0.992,3.092,2.850,0.010,-0.000,0.110,18.96,19,-0.4477
1074257,0.991,0.989,1.100,1.100,1.100,1.100,0.000,18.69,0.1869,3.189,0.000,18.69,18.69,0.00,0,0,-1.83045,18.69,18.69,0.00,0,0,18.69,0.00,0.00,0.00,0.00,1.000,1.000,0.00,0,255.00,1,19.53,18.86,0.67,0.991,1.000,3.019,2.833,0.000,-0.000,0.094,18.69,19,-0.0850
1074389,0.989,0.987,1.100,1.100,1.100,1.100,0.000,18.89,0.1889,3.151,0.000,18.89,18.89,0.00,0,0,-1.84080,18.89,18.89,0.00,0,0,18.89,0.00,0.00,0.00,0.00,1.000,1.000,0.00,0,255.00,1,19.58,18.91,0.68,0.989,1.000,2.997,2.930,-0.000,-0.001,0.092,18.89,19,-0.1774
1074522,1.004,0.999,1.100,1.100,1.100,1.100,0.000,18.33,0.1833,3.104,0.000,18.33,18.33,0.00,0,0,-1.85020,18.33,18.33,0.00,0,0,18.33,0.00,0.00,0.00,0.00,1.000,1.000,0.00,0,255.00,1,19.07,18.46,0.61,1.001,1.010,2.949,2.797,0.003,-0.000,0.076,18.33,18,0.3316
1074650,0.999,1.002,1.100,1.100,1.100,1.100,0.000,18.27,0.1827,3.056,0.000,18.27,18.27,0.00,0,0,-1.85894,18.27,18.27,0.00,0,0,18.27,0.00,0.00,0.00,0.00,1.000,1.000,0.00,0,255.00,1,18.89,18.30,0.59,1.004,1.014,2.902,2.827,-0.005,-0.000,0.070,18.27,18,-0.0956
1074782,1.019,1.012,1.100,1.100,1.100,1.100,0.000,17.79,0.1779,3.011,0.000,17.79,17.79,0.00,0,0,-1.86723,17.79,17.79,0.00,0,0,17.79,0.00,0.00,0.00,0.00,1.000,1.000,0.00,0,255.00,1,18.45,17.92,0.53,1.014,1.021,2.862,2.716,0.005,-0.000,0.058,17.79,18,-0.0946
1074909,1.015,1.015,1.100,1.100,1.100,1.100,0.000,17.72,0.1772,2.969,0.000,17.72,17.72,0.00,0,0,-1.87502,17.72,17.72,0.00,0,0,17.72,0.00,0.00,0.00,0.00,1.000,1.000,0.00,0,255.00,1,18.29,17.78,0.51,1.017,1.025,2.826,2.733,-0.002,-0.000,0.052,17.72,17,0.2427
1075043,1.032,1.026,1.100,1.100,1.100,1.100,0.000,17.21,0.1721,2.922,0.000,17.21,17.21,0.00,0,0,-1.88207,17.21,17.21,0.00,0,0,17.21,0.00,0.00,0.00,0.00,1.000,1.000,0.00,0,255.00,1,17.81,17.36,0.45,1.027,1.034,2.778,2.617,0.005,0.000,0.042,17.21,17,0.4566
1075175,1.022,1.025,1.100,1.100,1.100,1.100,0.000,17.29,0.1729,2.879,0.000,17.29,17.29,0.00,0,0,-1.88873,17.29,17.29,0.00,0,0,17.29,0.00,0.00,0.00,0.00,1.000,1.000,0.00,0,255.00,1,17.75,17.30,0.45,1.027,1.035,2.741,2.685,-0.005,-0.000,0.039,17.29,17,0.1554
1075308,1.035,1.032,1.100,1.100,1.100,1.100,0.000,16.99,0.1699,2.840,0.000,16.99,16.99,0.00,0,0,-1.89499,16.99,16.99,0.00,0,0,16.99,0.00,0.00,0.00,0.00,1.000,1.000,0.00,0,255.00,1,17.45,17.04,0.41,1.033,1.040,2.709,2.622,0.002,-0.000,0.034,16.99,17,0.2952
1075435,1.042,1.042,1.100,1.100,1.100,1.100,0.000,16.92,0.1692,2.778,0.000,16.92,16.92,0.00,0,0,-1.90606,16.92,16.92,0.00,0,0,16.92,0.00,0.00,0.00,0.00,1.000,1.000,0.00,0,255.00,1,17.21,16.86,0.35,1.043,1.052,2.658,2.619,-0.001,0.000,0.022,16.92,17,-0.1652
1075568,1.044,1.044,1.100,1.100,1.100,1.100,0.000,16.99,0.1699,2.744,0.000,16.99,16.99,0.00,0,0,-1.91643,16.99,16.99,0.00,0,0,16.99,0.00,0.00,0.00,0.00,1.000,1.000,0.00,0,255.00,1,17.23,16.89,0.33,1.046,1.055,2.655,2.663,-0.002,0.000,0.020,16.99,17,-0.3915
1075697,1.067,1.059,1.100,1.100,1.100,1.100,0.000,16.91,0.1691,2.728,0.000,16.91,16.91,0.00,0,0,-1.92201,16.91,16.91,0.00,0,0,16.91,0.00,0.00,0.00,0.00,1.000,1.000,0.00,0,255.00,1,17.03,16.80,0.24,1.061,1.071,2.637,2.573,0.006,0.001,0.009,16.91,17,0.3776
1075830,1.072,1.072,1.100,1.100,1.100,1.100,0.000,16.87,0.1687,2.703,0.000,16.87,16.87,0.00,0,0,-1.92833,16.87,16.87,0.00,0,0,16.87,0.00,0.00,0.00,0.00,1.000,1.000,0.00,0,255.00,1,16.82,16.66,0.16,1.074,1.084,2.598,2.601,-0.002,0.001,0.003,16.87,16,0.4201
1075957,1.086,1.085,1.100,1.100,1.100,1.100,0.000,16.79,0.1679,2.689,0.000,16.79,16.79,0.00,0,0,-1.93098,16.79,16.79,0.00,0,0,16.79,0.00,0.00,0.00,0.00,1.000,1.000,0.00,0,255.00,1,16.65,16.57,0.08,1.087,1.096,2.581,2.570,-0.001,0.001,0.001,16.79,16,0.4259
1076089,1.108,1.100,1.100,1.100,1.100,1.100,0.000,16.70,0.1670,2.662,0.000,16.70,16.70,0.00,0,0,-1.93462,16.70,16.70,0.00,0,0,16.70,0.00,0.00,0.00,0.00,1.000,1.000,0.00,0,255.00,1,16.58,16.59,-0.01,1.101,1.106,2.604,2.570,0.007,0.001,0.000,16.70,17,-0.2833
1076218,1.114,1.113,1.100,1.100,1.100,1.100,0.000,16.58,0.1658,2.641,0.000,16.58,16.58,0.00,0,0,-1.93307,16.58,16.58,0.00,0,0,16.58,0.00,0.00,0.00,0.00,1.000,1.000,0.00,0,255.00,1,16.44,16.52,-0.09,1.114,1.116,2.605,2.550,0.001,0.001,0.002,16.58,17,-0.3215
1076346,1.127,1.123,1.100,1.100,1.100,1.100,0.000,16.49,0.1649,2.634,0.000,16.49,16.49,0.00,0,0,-1.93131,16.49,16.49,0.00,0,0,16.49,0.00,0.00,0.00,0.00,1.000,1.000,0.00,0,255.00,1,16.26,16.40,-0.14,1.123,1.126,2.580,2.503,0.004,0.001,0.006,16.49,16,0.2502
1076483,1.147,1.138,1.100,1.100,1.100,1.100,0.000,16.33,0.1633,2.618,0.000,16.33,16.33,0.00,0,0,-1.92675,16.33,16.33,0.00,0,0,16.33,0.00,0.00,0.00,0.00,1.000,1.000,0.00,0,255.00,1,15.95,16.19,-0.24,1.139,1.143,2.537,2.440,0.009,0.001,0.016,16.33,16,0.2967
1076612,1.146,1.145,1.100,1.100,1.100,1.100,0.000,16.24,0.1624,2.606,0.000,16.24,16.24,0.00,0,0,-1.92290,16.24,16.24,0.00,0,0,16.24,0.00,0.00,0.00,0.00,1.000,1.000,0.00,0,255.00,1,15.78,16.06,-0.28,1.146,1.150,2.508,2.439,0.000,0.001,0.021,16.24,16,0.1159
1076745,1.157,1.156,1.100,1.100,1.100,1.100,0.000,16.11,0.1611,2.592,0.000,16.11,16.11,0.00,0,0,-1.91801,16.11,16.11,0.00,0,0,16.11,0.00,0.00,0.00,0.00,0.996,1.000,0.00,0,255.00,1,15.55,15.90,-0.35,1.157,1.161,2.475,2.404,-0.000,0.001,0.032,16.11,17,-0.4621
1076878,1.176,1.171,1.100,1.100,1.100,1.100,0.000,15.71,0.1571,2.571,0.000,15.71,15.71,0.00,0,0,-1.91202,15.71,15.71,0.00,0,0,15.71,0.00,0.00,0.00,0.00,0.958,1.000,0.00,0,255.00,1,15.13,15.57,-0.44,1.171,1.174,2.435,2.300,0.005,0.002,0.047,15.71,15,0.2934
1077011,1.187,1.182,1.100,1.100,1.100,1.100,0.000,15.08,0.1508,2.534,0.000,15.08,15.08,0.00,0,0,-1.90509,15.08,15.08,0.00,0,0,15.08,0.00,0.00,0.00,0.00,0.909,1.000,0.00,0,255.00,1,14.56,15.06,-0.50,1.181,1.180,2.380,2.197,0.006,0.002,0.055,15.08,15,0.3594
1077137,1.177,1.181,1.100,1.100,1.100,1.100,0.000,15.03,0.1503,2.488,0.000,15.03,15.03,0.00,0,0,-1.89748,15.03,15.03,0.00,0,0,15.03,0.00,0.00,0.00,0.00,0.910,1.000,0.00,0,255.00,1,14.39,14.89,-0.50,1.181,1.182,2.329,2.272,-0.004,0.001,0.058,15.03,15,-0.0037
1077276,1.176,1.179,1.100,1.100,1.100,1.100,0.000,15.09,0.1509,2.457,0.000,15.09,15.09,0.00,0,0,-1.89014,15.09,15.09,0.00,0,0,15.09,0.00,0.00,0.00,0.00,0.923,1.000,0.00,0,255.00,1,14.41,14.89,-0.48,1.179,1.180,2.318,2.341,-0.003,0.001,0.057,15.09,15,-0.0897
1077403,1.181,1.181,1.100,1.100,1.100,1.100,0.000,14.92,0.1492,2.430,0.000,14.92,14.92,0.00,0,0,-1.88274,14.92,14.92,0.00,0,0,14.92,0.00,0.00,0.00,0.00,0.912,1.000,0.00,0,255.00,1,14.29,14.78,-0.50,1.181,1.180,2.313,2.319,0.000,0.001,0.056,14.92,15,-0.4496
1077536,1.192,1.188,1.100,1.100,1.100,1.100,0.000,14.48,0.1448,2.400,0.000,14.48,14.48,0.00,0,0,-1.87509,14.48,14.48,0.00,0,0,14.48,0.00,0.00,0.00,0.00,0.872,1.000,0.00,0,255.00,1,13.96,14.49,-0.53,1.187,1.183,2.297,2.213,0.005,0.001,0.060,14.48,15,-0.4613
1077667,1.196,1.194,1.100,1.100,1.100,1.100,0.000,14.07,0.1407,2.361,0.000,14.07,14.07,0.00,0,0,-1.86682,14.07,14.07,0.00,0,0,14.07,0.00,0.00,0.00,0.00,0.832,1.000,0.00,0,255.00,1,13.58,14.15,-0.57,1.193,1.187,2.257,2.133,0.003,0.001,0.066,14.07,14,0.1952
1077804,1.192,1.192,1.100,1.100,1.100,1.100,0.000,14.12,0.1412,2.329,0.000,14.12,14.12,0.00,0,0,-1.85859,14.12,14.12,0.00,0,0,14.12,0.00,0.00,0.00,0.00,0.847,1.000,0.00,0,255.00,1,13.57,14.13,-0.56,1.191,1.185,2.237,2.184,0.001,0.001,0.065,14.12,14,-0.2725
1077933,1.184,1.186,1.100,1.100,1.100,1.100,0.000,14.40,0.1440,2.313,0.000,14.40,14.40,0.00,0,0,-1.85080,14.40,14.40,0.00,0,0,14.40,0.00,0.00,0.00,0.00,0.887,1.000,0.00,0,255.00,1,13.78,14.30,-0.52,1.185,1.180,2.246,2.280,-0.001,0.001,0.058,14.40,15,-0.1779
1078073,1.190,1.189,1.100,1.100,1.100,1.100,0.000,14.13,0.1413,2.296,0.000,14.13,14.13,0.00,0,0,-1.84295,14.13,14.13,0.00,0,0,14.13,0.00,0.00,0.00,0.00,0.864,1.000,0.00,0,255.00,1,13.61,14.15,-0.54,1.188,1.182,2.244,2.205,0.002,0.001,0.060,14.13,15,-0.3952
1078200,1.189,1.192,1.100,1.100,1.100,1.100,0.000,13.93,0.1393,2.270,0.000,13.93,13.93,0.00,0,0,-1.83463,13.93,13.93,0.00,0,0,13.93,0.00,0.00,0.00,0.00,0.849,1.000,0.00,0,255.00,1,13.41,13.97,-0.55,1.190,1.184,2.218,2.170,-0.001,0.001,0.063,13.93,14,0.3497
1078335,1.186,1.189,1.100,1.100,1.100,1.100,0.000,13.98,0.1398,2.250,0.000,13.98,13.98,0.00,0,0,-1.82639,13.98,13.98,0.00,0,0,13.98,0.00,0.00,0.00,0.00,0.864,1.000,0.00,0,255.00,1,13.42,13.96,-0.54,1.188,1.183,2.205,2.205,-0.002,0.001,0.061,13.98,14,0.0146
1078464,1.184,1.188,1.100,1.100,1.100,1.100,0.000,14.01,0.1401,2.233,0.000,14.01,14.01,0.00,0,0,-1.81823,14.01,14.01,0.00,0,0,14.01,0.00,0.00,0.00,0.00,0.875,1.000,0.00,0,255.00,1,13.42,13.95,-0.53,1.187,1.182,2.198,2.227,-0.003,0.001,0.061,14.01,14,-0.3936
1078598,1.185,1.186,1.100,1.100,1.100,1.100,0.000,14.01,0.1401,2.224,0.000,14.01,14.01,0.00,0,0,-1.81033,14.01,14.01,0.00,0,0,14.01,0.00,0.00,0.00,0.00,0.883,1.000,0.00,0,255.00,1,13.44,13.96,-0.52,1.185,1.180,2.202,2.229,-0.001,0.001,0.058,14.01,14,0.4431
1078724,1.182,1.184,1.100,1.100,1.100,1.100,0.000,14.05,0.1405,2.217,0.000,14.05,14.05,0.00,0,0,-1.80255,14.05,14.05,0.00,0,0,14.05,0.00,0.00,0.00,0.00,0.894,1.000,0.00,0,255.00,1,13.49,14.00,-0.51,1.183,1.178,2.206,2.242,-0.001,0.001,0.055,14.05,14,0.3152
1078863,1.192,1.192,1.100,1.100,1.100,1.100,0.000,13.59,0.1359,2.200,0.000,13.59,13.59,0.00,0,0,-1.79435,13.59,13.59,0.00,0,0,13.59,0.00,0.00,0.00,0.00,0.850,1.000,0.00,0,255.00,1,13.12,13.67,-0.55,1.190,1.182,2.182,2.116,0.002,0.001,0.061,13.59,13,0.2166
1078990,1.184,1.187,1.100,1.100,1.100,1.100,0.000,13.78,0.1378,2.185,0.000,13.78,13.78,0.00,0,0,-1.78621,13.78,13.78,0.00,0,0,13.78,0.00,0.00,0.00,0.00,0.881,1.000,0.00,0,255.00,1,13.22,13.74,-0.52,1.186,1.180,2.169,2.192,-0.002,0.001,0.058,13.78,14,0.0058
1079123,1.184,1.184,1.100,1.100,1.100,1.100,0.000,13.88,0.1388,2.182,0.000,13.88,13.88,0.00,0,0,-1.77851,13.88,13.88,0.00,0,0,13.88,0.00,0.00,0.00,0.00,0.898,1.000,0.00,0,255.00,1,13.32,13.82,-0.51,1.183,1.177,2.178,2.219,0.001,0.001,0.054,13.88,13,0.3791
1079252,1.190,1.186,1.100,1.100,1.100,1.100,0.000,13.67,0.1367,2.179,0.000,13.67,13.67,0.00,0,0,-1.77094,13.67,13.67,0.00,0,0,13.67,0.00,0.00,0.00,0.00,0.884,1.000,0.00,0,255.00,1,13.20,13.72,-0.52,1.185,1.178,2.182,2.152,0.006,0.001,0.055,13.67,14,-0.2014
1079386,1.190,1.189,1.100,1.100,1.100,1.100,0.000,13.47,0.1347,2.166,0.000,13.47,13.47,0.00,0,0,-1.76300,13.47,13.47,0.00,0,0,13.47,0.00,0.00,0.00,0.00,0.869,1.000,0.00,0,255.00,1,13.02,13.56,-0.53,1.187,1.181,2.162,2.106,0.003,0.001,0.058,13.47,13,0.3406
1079514,1.183,1.183,1.100,1.100,1.100,1.100,0.000,13.64,0.1364,2.153,0.000,13.64,13.64,0.00,0,0,-1.74761,13.64,13.64,0.00,0,0,13.64,0.00,0.00,0.00,0.00,0.901,1.000,0.00,0,255.00,1,13.12,13.63,-0.50,1.182,1.177,2.155,2.168,0.001,0.001,0.053,13.64,14,-0.2977
1079647,1.185,1.183,1.100,1.100,1.100,1.100,0.000,13.55,0.1355,2.150,0.000,13.55,13.55,0.00,0,0,-1.73530,13.55,13.55,0.00,0,0,13.55,0.00,0.00,0.00,0.00,0.904,1.000,0.00,0,255.00,1,13.09,13.59,-0.50,1.181,1.175,2.159,2.140,0.004,0.001,0.050,13.55,14,-0.1616
1079778,1.182,1.181,1.100,1.100,1.100,1.100,0.000,13.51,0.1351,2.145,0.000,13.51,13.51,0.00,0,0,-1.72085,13.51,13.51,0.00,0,0,13.51,0.00,0.00,0.00,0.00,0.912,1.000,0.00,0,255.00,1,13.07,13.56,-0.49,1.180,1.172,2.157,2.128,0.003,0.001,0.047,13.51,13,0.4692
1079913,1.185,1.183,1.100,1.100,1.100,1.100,0.000,13.37,0.1337,2.138,0.000,13.37,13.37,0.00,0,0,-1.71349,13.37,13.37,0.00,0,0,13.37,0.00,0.00,0.00,0.00,0.904,1.000,0.00,0,255.00,1,12.95,13.44,-0.50,1.181,1.173,2.143,2.093,0.004,0.001,0.049,13.37,14,-0.2378
1080040,1.180,1.178,1.100,1.100,1.100,1.100,0.000,13.56,0.1356,2.137,0.000,13.56,13.56,0.00,0,0,-1.70647,13.56,13.56,0.00,0,0,13.56,0.00,0.00,0.00,0.00,0.928,1.000,0.00,0,255.00,1,13.09,13.56,-0.47,1.177,1.170,2.148,2.153,0.003,0.001,0.045,13.56,13,0.4744
1080141,1.171,1.175,1.100,1.100,1.100,1.100,0.000,13.68,0.1368,2.138,0.000,13.68,13.68,0.00,0,0,-1.70186,13.68,13.68,0.00,0,0,13.68,0.00,0.00,0.00,0.00,0.942,1.000,0.00,0,255.00,1,13.19,13.64,-0.45,1.174,1.169,2.151,2.192,-0.003,0.001,0.043,13.68,14,-0.3521
1080272,1.175,1.177,1.100,1.100,1.100,1.100,0.000,13.51,0.1351,2.134,0.000,13.51,13.51,0.00,0,0,-1.69487,13.51,13.51,0.00,0,0,13.51,0.00,0.00,0.00,0.00,0.933,1.000,0.00,0,255.00,1,13.06,13.53,-0.46,1.176,1.170,2.146,2.140,-0.001,0.001,0.044,13.51,13,0.1209
1080405,1.169,1.172,1.100,1.100,1.100,1.100,0.000,13.73,0.1373,2.134,0.000,13.73,13.73,0.00,0,0,-1.68806,13.73,13.73,0.00,0,0,13.73,0.00,0.00,0.00,0.00,0.955,1.000,0.00,0,255.00,1,13.23,13.66,-0.43,1.171,1.167,2.148,2.211,-0.002,0.001,0.041,13.73,14,-0.2848
1080532,1.169,1.171,1.100,1.100,1.100,1.100,0.000,13.72,0.1372,2.136,0.000,13.72,13.72,0.00,0,0,-1.68148,13.72,13.72,0.00,0,0,13.72,0.00,0.00,0.00,0.00,0.958,1.000,0.00,0,255.00,1,13.24,13.67,-0.43,1.170,1.166,2.156,2.199,-0.001,0.001,0.040,13.72,14,-0.4278
1080671,1.169,1.173,1.100,1.100,1.100,1.100,0.000,13.54,0.1354,2.131,0.000,13.54,13.54,0.00,0,0,-1.67466,13.54,13.54,0.00,0,0,13.54,0.00,0.00,0.00,0.00,0.950,1.000,0.00,0,255.00,1,13.10,13.54,-0.44,1.172,1.168,2.143,2.152,-0.003,0.001,0.041,13.54,14,-0.1764
1080797,1.165,1.167,1.100,1.100,1.100,1.100,0.000,13.81,0.1381,2.137,0.000,13.81,13.81,0.00,0,0,-1.66840,13.81,13.81,0.00,0,0,13.81,0.00,0.00,0.00,0.00,0.972,1.000,0.00,0,255.00,1,13.33,13.74,-0.41,1.167,1.164,2.159,2.228,-0.002,0.001,0.037,13.81,14,-0.1085
1080932,1.179,1.176,1.100,1.100,1.100,1.100,0.000,13.29,0.1329,2.132,0.000,13.29,13.29,0.00,0,0,-1.66184,13.29,13.29,0.00,0,0,13.29,0.00,0.00,0.00,0.00,0.939,1.000,0.00,0,255.00,1,12.96,13.41,-0.46,1.174,1.169,2.146,2.070,0.005,0.001,0.042,13.29,13,0.2718
1081064,1.174,1.174,1.100,1.100,1.100,1.100,0.000,13.32,0.1332,2.122,0.000,13.32,13.32,0.00,0,0,-1.65504,13.32,13.32,0.00,0,0,13.32,0.00,0.00,0.00,0.00,0.946,1.000,0.00,0,255.00,1,12.92,13.37,-0.45,1.173,1.168,2.125,2.096,0.001,0.001,0.041,13.32,13,0.0389
1081198,1.165,1.166,1.100,1.100,1.100,1.100,0.000,13.68,0.1368,2.125,0.000,13.68,13.68,0.00,0,0,-1.64881,13.68,13.68,0.00,0,0,13.68,0.00,0.00,0.00,0.00,0.974,1.000,0.00,0,255.00,1,13.20,13.60,-0.40,1.166,1.163,2.138,2.203,-0.001,0.001,0.035,13.68,14,-0.3297
1081325,1.169,1.168,1.100,1.100,1.100,1.100,0.000,13.53,0.1353,2.127,0.000,13.53,13.53,0.00,0,0,-1.64270,13.53,13.53,0.00,0,0,13.53,0.00,0.00,0.00,0.00,0.969,1.000,0.00,0,255.00,1,13.13,13.54,-0.41,1.167,1.162,2.145,2.150,0.002,0.001,0.034,13.53,13,0.3639
1081463,1.164,1.167,1.100,1.100,1.100,1.100,0.000,13.54,0.1354,2.124,0.000,13.54,13.54,0.00,0,0,-1.63644,13.54,13.54,0.00,0,0,13.54,0.00,0.00,0.00,0.00,0.972,1.000,0.00,0,255.00,1,13.12,13.53,-0.40,1.166,1.162,2.138,2.159,-0.002,0.001,0.035,13.54,14,-0.3988
1081591,1.173,1.170,1.100,1.100,1.100,1.100,0.000,13.30,0.1330,2.120,0.000,13.30,13.30,0.00,0,0,-1.63023,13.30,13.30,0.00,0,0,13.30,0.00,0.00,0.00,0.00,0.960,1.000,0.00,0,255.00,1,12.94,13.37,-0.43,1.169,1.164,2.131,2.085,0.004,0.001,0.037,13.30,14,-0.2118
1081725,1.168,1.167,1.100,1.100,1.100,1.100,0.000,13.40,0.1340,2.117,0.000,13.40,13.40,0.00,0,0,-1.62405,13.40,13.40,0.00,0,0,13.40,0.00,0.00,0.00,0.00,0.970,1.000,0.00,0,255.00,1,13.01,13.41,-0.41,1.167,1.162,2.125,2.125,0.001,0.001,0.034,13.40,14,-0.1447
1081854,1.159,1.160,1.100,1.100,1.100,1.100,0.000,13.49,0.1349,2.118,0.000,13.49,13.49,0.00,0,0,-1.61848,13.49,13.49,0.00,0,0,13.49,0.00,0.00,0.00,0.00,0.991,1.000,0.00,0,255.00,1,13.14,13.50,-0.36,1.159,1.154,2.139,2.181,-0.000,0.000,0.026,13.49,13,0.3076
1081992,1.167,1.165,1.174,1.114,1.174,1.114,0.255,13.53,0.1353,2.120,0.000,13.53,13.53,0.00,0,0,-1.61340,13.53,13.53,0.00,0,0,13.53,0.00,0.00,0.00,0.00,1.000,1.000,0.00,0,255.00,1,14.27,14.55,-0.28,1.168,1.182,2.140,2.134,0.001,0.001,0.015,13.53,14,-0.2241
1082119,1.165,1.164,1.180,1.135,1.180,1.135,0.219,13.70,0.1370,2.127,0.000,13.70,13.70,0.00,0,0,-1.61020,13.70,13.70,0.00,0,0,13.70,0.00,0.00,0.00,0.00,1.000,1.000,0.00,0,255.00,1,14.37,14.52,-0.16,1.167,1.181,2.145,2.161,-0.002,0.000,0.007,13.70,14,-0.2801
1082253,1.174,1.172,1.190,1.158,1.190,1.158,0.165,13.82,0.1382,2.141,0.000,13.82,13.82,0.00,0,0,-1.60804,13.82,13.82,0.00,0,0,13.82,0.00,0.00,0.00,0.00,1.000,1.000,0.00,0,255.00,1,14.32,14.39,-0.07,1.174,1.186,2.146,2.129,-0.000,0.000,0.003,13.82,14,-0.1153
1082380,1.178,1.176,1.218,1.176,1.218,1.176,0.131,13.96,0.1396,2.157,0.000,13.96,13.96,0.00,0,0,-1.60785,13.96,13.96,0.00,0,0,13.96,0.00,0.00,0.00,0.00,1.000,1.000,0.00,0,255.00,1,14.37,14.35,0.02,1.178,1.188,2.151,2.141,0.000,-0.000,0.003,13.96,14,-0.3623
1082512,1.181,1.178,1.236,1.192,1.236,1.192,0.195,14.09,0.1409,2.170,0.000,14.09,14.09,0.00,0,0,-1.60875,14.09,14.09,0.00,0,0,14.09,0.00,0.00,0.00,0.00,1.000,1.000,0.00,0,255.00,1,14.80,14.70,0.10,1.181,1.198,2.156,2.165,0.001,-0.000,0.011,14.09,14,-0.2021
1082640,1.190,1.185,1.258,1.211,1.258,1.211,0.227,14.23,0.1423,2.185,0.000,14.23,14.23,0.00,0,0,-1.61077,14.23,14.23,0.00,0,0,14.23,0.00,0.00,0.00,0.00,1.000,1.000,0.00,0,255.00,1,15.11,14.93,0.18,1.189,1.209,2.160,2.161,0.002,-0.001,0.021,14.23,14,0.3592
1082771,1.199,1.195,1.311,1.232,1.311,1.232,0.246,14.37,0.1437,2.201,0.000,14.37,14.37,0.00,0,0,-1.61378,14.37,14.37,0.00,0,0,14.37,0.00,0.00,0.00,0.00,1.000,1.000,0.00,0,255.00,1,15.34,15.09,0.25,1.200,1.224,2.158,2.150,-0.001,-0.001,0.030,14.37,14,0.3232
1082898,1.205,1.201,1.342,1.261,1.342,1.261,0.359,14.63,0.1463,2.221,0.000,14.63,14.63,0.00,0,0,-1.61858,14.63,14.63,0.00,0,0,14.63,0.00,0.00,0.00,0.00,1.000,1.000,0.00,1,60.00,1,16.12,15.73,0.39,1.208,1.243,2.167,2.188,-0.002,-0.001,0.073,14.63,15,-0.0338
1083031,1.221,1.213,1.376,1.292,1.376,1.292,0.374,14.91,0.1491,2.246,0.000,14.91,14.91,0.00,0,0,-1.62530,14.91,14.91,0.00,0,0,14.91,0.00,0.00,0.00,0.00,1.000,1.000,0.00,1,60.00,1,16.50,15.99,0.50,1.221,1.259,2.179,2.189,0.002,-0.001,0.101,14.91,14,0.4230
1083166,1.235,1.229,1.454,1.328,1.454,1.328,0.418,15.91,0.1591,2.296,0.000,15.91,15.91,0.00,0,0,-1.63378,15.91,15.91,0.00,0,0,15.91,0.00,0.00,0.00,0.00,1.000,1.000,0.00,1,60.00,1,17.47,16.84,0.63,1.239,1.287,2.212,2.301,-0.003,-0.001,0.128,15.91,16,0.3859
1083293,1.256,1.250,1.498,1.370,1.498,1.370,0.423,16.84,0.1684,2.366,0.000,16.84,16.84,0.00,0,0,-1.64396,16.84,16.84,0.00,0,0,16.84,0.00,0.00,0.00,0.00,1.000,1.000,0.00,1,60.00,1,18.26,17.52,0.74,1.262,1.317,2.253,2.388,-0.006,-0.002,0.152,16.84,17,-0.0335
1083425,1.307,1.299,1.545,1.433,1.545,1.433,0.547,17.48,0.1748,2.461,0.000,17.48,17.48,0.00,0,0,-1.65918,17.48,17.48,0.00,0,0,17.47,0.00,0.01,0.02,0.01,1.000,1.001,0.01,1,60.00,1,19.31,18.48,0.83,1.314,1.384,2.275,2.320,-0.006,-0.001,0.205,17.48,18,-0.4034
1083551,1.356,1.340,1.595,1.482,1.595,1.482,0.553,17.84,0.1784,2.533,0.000,17.84,17.84,0.00,0,0,-1.67183,17.84,17.84,0.00,0,0,17.83,0.00,0.01,0.03,0.02,1.000,1.002,0.01,1,60.00,1,19.65,18.77,0.88,1.355,1.429,2.284,2.271,0.002,-0.001,0.217,17.84,18,-0.0993
1083683,1.396,1.385,1.705,1.537,1.705,1.537,0.559,18.27,0.1827,2.599,0.000,18.27,18.27,0.00,0,0,-1.68520,18.27,18.27,0.00,0,0,18.24,0.00,0.03,0.05,0.03,1.000,1.003,0.03,1,60.00,1,19.96,19.03,0.93,1.402,1.481,2.271,2.247,-0.006,-0.001,0.226,18.27,18,0.2672
1083810,1.456,1.438,1.764,1.598,1.764,1.598,0.744,18.65,0.1865,2.662,0.000,18.65,18.65,0.00,0,0,-1.69941,18.65,18.65,0.00,0,0,18.60,0.00,0.05,0.10,0.04,1.000,1.007,0.05,1,60.00,1,21.00,20.00,1.00,1.458,1.555,2.256,2.197,0.002,-0.001,0.302,18.65,19,-0.1167
1083943,1.492,1.480,1.826,1.668,1.826,1.668,0.778,19.75,0.1975,2.739,0.000,19.75,19.75,0.00,0,0,-1.71548,19.75,19.75,0.00,0,0,19.66,0.00,0.09,0.16,0.06,1.000,1.010,0.09,1,60.00,1,22.01,20.85,1.15,1.502,1.610,2.274,2.362,-0.009,-0.002,0.363,19.75,20,0.0684
1084074,1.533,1.525,1.961,1.736,1.961,1.736,0.767,20.69,0.2069,2.824,0.000,20.69,20.69,0.00,0,0,-1.73323,20.69,20.69,0.00,0,0,20.55,0.00,0.14,0.21,0.09,1.000,1.014,0.14,1,60.00,1,22.77,21.48,1.29,1.548,1.660,2.309,2.499,-0.014,-0.003,0.414,20.69,21,-0.4253
1084207,1.613,1.591,2.032,1.811,2.032,1.811,0.759,21.13,0.2113,2.916,0.000,21.13,21.13,0.00,0,0,-1.75288,21.13,21.13,0.00,0,0,20.92,0.00,0.21,0.29,0.12,1.000,1.018,0.21,1,60.00,1,23.21,21.87,1.34,1.614,1.727,2.348,2.407,0.000,-0.003,0.440,21.13,21,-0.3028
1084334,1.702,1.675,2.108,1.891,2.108,1.891,0.975,21.15,0.2115,2.983,0.000,21.15,21.15,0.00,0,0,-1.77235,21.15,21.15,0.00,0,0,20.85,0.00,0.30,0.49,0.15,1.000,1.024,0.30,1,60.00,1,24.11,22.77,1.34,1.702,1.834,2.317,2.191,0.005,-0.002,0.520,21.15,21,-0.0226
1084470,1.730,1.724,2.186,1.981,2.186,1.981,1.006,22.75,0.2275,3.065,0.000,22.75,22.75,0.00,0,0,-1.79375,22.75,22.75,0.00,0,0,22.31,0.00,0.44,0.66,0.20,1.000,1.031,0.44,1,60.00,1,25.49,23.91,1.58,1.753,1.897,2.331,2.541,-0.022,-0.003,0.641,22.75,23,-0.0022
1084603,1.817,1.796,2.352,2.069,2.352,2.069,0.976,23.45,0.2345,3.166,0.000,23.45,23.45,0.00,0,0,-1.81786,23.45,23.45,0.00,0,0,22.87,0.00,0.58,0.80,0.24,1.000,1.039,0.58,1,60.00,1,26.09,24.42,1.66,1.826,1.970,2.390,2.524,-0.007,-0.003,0.681,23.45,24,-0.3152
1084734,1.915,1.895,2.439,2.196,2.439,2.196,1.100,24.77,0.2477,3.299,0.000,24.77,24.77,0.00,0,0,-1.85218,24.77,24.77,0.00,0,0,23.93,0.00,0.85,1.19,0.31,1.000,1.050,0.85,1,60.00,1,27.83,25.98,1.85,1.927,2.087,2.446,2.635,-0.008,-0.004,0.857,24.77,25,0.2120
1084865,2.022,1.990,2.624,2.298,2.624,2.298,1.141,25.36,0.2536,3.399,0.000,25.36,25.36,0.00,0,0,-1.87963,25.36,25.36,0.00,0,0,24.25,0.00,1.11,1.50,0.37,1.000,1.060,1.11,1,60.00,1,28.57,26.68,1.89,2.024,2.189,2.476,2.517,0.001,-0.004,0.901,25.36,26,-0.3882
1084999,2.116,2.105,2.721,2.436,2.721,2.436,0.962,26.59,0.2659,3.520,0.000,26.59,26.59,0.00,0,0,-1.91716,26.59,26.59,0.00,0,0,25.13,0.00,1.45,1.59,0.46,1.000,1.074,1.45,1,60.00,1,28.70,26.71,2.00,2.138,2.298,2.473,2.659,-0.023,-0.004,0.854,26.59,26,0.1413
1085126,2.251,2.210,2.821,2.540,2.821,2.540,1.265,27.08,0.2708,3.617,0.000,27.08,27.08,0.00,0,0,-1.94721,27.08,27.08,0.00,0,0,25.30,0.00,1.77,2.43,0.52,1.000,1.084,1.77,1,60.00,1,30.58,28.56,2.02,2.248,2.432,2.513,2.515,0.010,-0.003,1.036,27.08,27,0.1696
1085264,2.343,2.310,3.030,2.657,3.030,2.657,1.309,28.25,0.2825,3.714,0.000,28.25,28.25,0.00,0,0,-1.97812,28.25,28.25,0.00,0,0,26.01,0.00,2.24,2.92,0.60,1.000,1.096,2.24,1,60.00,1,31.74,29.62,2.12,2.349,2.544,2.536,2.586,-0.003,-0.004,1.111,28.25,28,-0.1012
1085389,2.442,2.411,3.140,2.781,3.140,2.781,1.257,29.67,0.2967,3.825,0.000,29.67,29.67,0.00,0,0,-2.01075,29.67,29.67,0.00,0,0,26.90,0.00,2.76,3.23,0.67,1.000,1.108,2.76,1,60.00,1,32.69,30.44,2.25,2.452,2.649,2.575,2.718,-0.008,-0.004,1.157,29.67,30,-0.3899
1085521,2.573,2.531,3.251,2.911,3.251,2.911,1.544,30.83,0.3083,3.939,0.000,30.83,30.83,0.00,0,0,-2.04462,30.83,30.83,0.00,0,0,27.46,0.00,3.37,4.50,0.75,1.000,1.120,3.37,1,60.00,1,35.01,32.68,2.33,2.577,2.801,2.611,2.692,0.003,-0.004,1.396,30.83,31,-0.1795
1085648,2.709,2.669,3.368,3.051,3.368,3.051,1.559,31.93,0.3193,4.052,0.000,31.93,31.93,0.00,0,0,-2.07884,31.93,31.93,0.00,0,0,27.83,0.00,4.10,5.11,0.82,1.000,1.131,4.10,1,60.00,1,35.88,33.55,2.33,2.717,2.949,2.611,2.599,-0.005,-0.003,1.352,31.93,32,0.3553
1085781,2.815,2.785,3.609,3.197,3.609,3.197,1.466,33.76,0.3376,4.186,0.000,33.76,33.76,0.00,0,0,-2.11536,33.76,33.76,0.00,0,0,28.96,0.00,4.80,5.31,0.89,1.000,1.142,4.80,1,60.00,1,36.99,34.50,2.49,2.833,3.066,2.660,2.824,-0.018,-0.005,1.402,33.76,33,0.3251
1085907,2.979,2.940,3.734,3.346,3.734,3.346,1.765,34.76,0.3476,4.304,0.000,34.76,34.76,0.00,0,0,-2.15157,34.76,34.76,0.00,0,0,29.23,0.00,5.53,6.93,0.94,1.000,1.151,5.53,1,60.00,1,39.18,36.70,2.48,2.993,3.253,2.659,2.684,-0.006,-0.004,1.570,34.76,35,0.0898
1086039,3.155,3.102,3.863,3.492,3.863,3.492,1.690,35.28,0.3528,4.406,0.000,35.28,35.28,0.00,0,0,-2.18717,35.28,35.28,0.00,0,0,29.25,0.00,6.03,7.03,0.98,1.000,1.157,6.03,1,60.00,1,39.11,36.74,2.37,3.155,3.412,2.628,2.496,0.009,-0.003,1.357,35.28,35,0.3925
1086171,3.250,3.223,4.128,3.645,4.128,3.645,1.715,37.16,0.3716,4.513,0.000,37.16,37.16,0.00,0,0,-2.22384,37.16,37.16,0.00,0,0,30.53,0.00,6.63,7.40,1.00,1.000,1.160,6.63,1,60.00,1,40.79,38.23,2.56,3.277,3.543,2.650,2.851,-0.026,-0.004,1.525,37.16,38,-0.3927
1086303,3.436,3.373,4.265,3.819,4.265,3.819,2.040,39.04,0.3904,4.647,0.000,39.04,39.04,0.00,0,0,-2.26377,39.04,39.04,0.00,0,0,31.65,0.00,7.39,8.50,1.00,1.000,1.160,7.39,1,60.00,1,44.25,41.52,2.73,3.434,3.728,2.741,2.903,0.012,-0.005,1.970,39.04,39,0.3063
1086429,3.635,3.577,4.407,3.986,4.407,3.986,1.924,39.10,0.3910,4.744,0.000,39.10,39.10,0.00,0,0,-2.30170,39.10,39.10,0.00,0,0,31.34,0.00,7.76,8.50,1.00,1.000,1.160,7.76,1,60.00,1,43.57,41.09,2.48,3.637,3.924,2.688,2.426,0.008,-0.003,1.563,39.10,40,-0.4075
1086568,3.762,3.725,4.698,4.159,4.698,4.159,1.929,40.62,0.4062,4.826,0.000,40.62,40.62,0.00,0,0,-2.33950,40.62,40.62,0.00,0,0,32.57,0.00,8.05,8.50,1.00,1.000,1.160,8.05,1,60.00,1,44.78,42.15,2.63,3.786,4.080,2.649,2.688,-0.022,-0.004,1.671,40.62,40,0.4663
1086694,3.919,3.863,4.848,4.340,4.848,4.340,1.813,42.50,0.4250,4.939,0.000,42.50,42.50,0.00,0,0,-2.38225,42.50,42.50,0.00,0,0,34.26,0.00,8.24,8.39,1.00,1.000,1.160,8.24,1,60.00,1,46.18,43.30,2.88,3.922,4.208,2.747,2.955,-0.001,-0.006,1.871,42.50,43,-0.0245
1086826,4.155,4.085,5.001,4.524,5.001,4.524,2.175,42.51,0.4251,5.016,0.000,42.51,42.51,0.00,0,0,-2.42351,42.51,42.51,0.00,0,0,34.15,0.00,8.36,8.50,1.00,1.000,1.160,8.36,1,60.00,1,48.14,45.47,2.67,4.151,4.465,2.707,2.370,0.015,-0.003,1.965,42.51,43,-0.0112
1086953,4.290,4.254,5.157,4.719,5.157,4.719,2.160,43.98,0.4398,5.065,0.000,43.98,43.98,0.00,0,0,-2.46330,43.98,43.98,0.00,0,0,35.55,0.00,8.42,8.50,1.00,1.000,1.160,8.42,1,60.00,1,49.10,46.28,2.82,4.321,4.642,2.614,2.585,-0.029,-0.004,2.035,43.98,44,-0.4996
1087086,4.444,4.378,5.460,4.918,5.460,4.918,1.992,46.61,0.4661,5.174,0.000,46.61,46.61,0.00,0,0,-2.51143,46.61,46.61,0.00,0,0,38.15,0.00,8.46,8.50,1.00,1.000,1.160,8.46,1,60.00,1,51.14,47.87,3.26,4.442,4.750,2.767,3.098,0.005,-0.007,2.481,46.61,47,0.0379
1087211,4.745,4.664,5.609,5.113,5.609,5.113,2.277,45.61,0.4561,5.220,0.000,45.61,45.61,0.00,0,0,-2.55497,45.61,45.61,0.00,0,0,37.13,0.00,8.48,8.50,1.00,1.000,1.160,8.48,1,60.00,1,51.65,48.92,2.73,4.733,5.065,2.644,1.994,0.024,-0.002,2.080,45.61,45,0.1876
1087344,4.858,4.832,5.753,5.313,5.753,5.313,2.178,47.31,0.4731,5.234,0.000,47.31,47.31,0.00,0,0,-2.59554,47.31,47.31,0.00,0,0,38.83,0.00,8.49,8.50,1.00,1.000,1.160,8.49,1,60.00,1,52.06,49.16,2.90,4.901,5.235,2.487,2.428,-0.042,-0.004,2.045,47.31,47,0.1231
1087475,4.981,4.930,6.032,5.494,6.032,5.494,1.980,50.17,0.5017,5.317,0.000,50.17,50.17,0.00,0,0,-2.64477,50.17,50.17,0.00,0,0,41.68,0.00,8.49,8.50,1.00,1.000,1.160,8.49,1,60.00,1,54.21,50.81,3.39,4.996,5.310,2.673,3.223,-0.012,-0.008,2.577,50.17,50,0.4695
1087607,5.328,5.234,6.166,5.687,6.166,5.687,2.217,48.96,0.4896,5.348,0.000,48.96,48.96,0.00,0,0,-2.68982,48.96,48.96,0.00,0,0,40.46,0.00,8.50,8.50,1.00,1.000,1.160,8.50,1,60.00,1,54.51,51.77,2.74,5.303,5.635,2.594,1.940,0.038,-0.002,1.988,48.96,49,0.2710
1087733,5.484,5.452,6.298,5.864,6.298,5.864,2.006,49.10,0.4910,5.304,0.000,49.10,49.10,0.00,0,0,-2.72564,49.10,49.10,0.00,0,0,40.60,0.00,8.50,8.50,1.00,1.000,1.160,8.50,1,60.00,1,52.26,49.81,2.46,5.520,5.846,2.314,1.910,-0.030,-0.001,1.321,49.10,49,-0.3813
1087871,5.459,5.449,6.551,6.039,6.551,6.039,1.918,54.11,0.5411,5.370,0.000,54.11,54.11,0.00,0,0,-2.77372,54.11,54.11,0.00,0,0,45.61,0.00,8.50,8.50,1.00,1.000,1.160,8.50,1,60.00,1,57.35,53.80,3.55,5.514,5.823,2.602,3.782,-0.056,-0.010,2.711,54.11,54,0.1416
1088001,5.860,5.754,6.674,6.211,6.674,6.211,1.721,52.55,0.5255,5.406,0.000,52.55,52.55,0.00,0,0,-2.81988,52.55,52.55,0.00,0,0,44.06,0.00,8.50,8.50,1.00,1.000,1.160,8.50,1,60.00,1,55.16,52.43,2.73,5.815,6.104,2.656,2.268,0.053,-0.004,1.549,52.55,52,0.1693
1088134,6.097,6.046,6.793,6.378,6.793,6.378,1.917,51.54,0.5154,5.336,0.000,51.54,51.54,0.00,0,0,-2.85074,51.54,51.54,0.00,0,0,43.04,0.00,8.50,8.50,1.00,1.000,1.160,8.50,1,60.00,1,53.92,51.95,1.96,6.112,6.429,2.294,1.506,-0.007,0.001,0.806,51.54,52,-0.0806
1088260,6.021,6.027,6.909,6.544,6.909,6.544,1.808,56.15,0.5615,5.348,0.000,56.15,56.15,0.00,0,0,-2.89129,56.15,56.15,0.00,0,0,47.65,0.00,8.50,8.50,1.00,1.000,1.160,8.50,1,60.00,1,58.24,55.15,3.09,6.089,6.387,2.479,3.558,-0.072,-0.008,1.984,56.15,56,-0.0906
1088393,6.336,6.245,7.132,6.705,7.132,6.705,1.608,56.31,0.5631,5.391,0.000,56.31,56.31,0.00,0,0,-2.93626,56.31,56.31,0.00,0,0,47.81,0.00,8.50,8.50,1.00,1.000,1.160,8.50,1,60.00,1,58.16,55.42,2.74,6.302,6.573,2.692,2.812,0.040,-0.006,1.533,56.31,56,0.0446
1088519,6.742,6.637,7.239,6.858,7.239,6.858,1.761,54.48,0.5448,5.322,0.000,54.48,54.48,0.00,0,0,-2.96215,54.48,54.48,0.00,0,0,45.98,0.00,8.50,8.50,1.00,1.000,1.160,8.50,1,60.00,1,55.35,54.07,1.28,6.701,7.005,2.309,1.014,0.056,0.004,0.283,54.48,54,0.3190
1088652,6.671,6.683,7.342,7.010,7.342,7.010,1.645,56.76,0.5676,5.267,0.000,56.76,56.76,0.00,0,0,-2.98663,56.76,56.76,0.00,0,0,48.27,0.00,8.50,8.50,1.00,1.000,1.160,8.50,1,60.00,1,56.40,54.48,1.92,6.743,7.031,2.209,2.582,-0.076,-0.003,0.674,56.76,57,-0.3298
1088777,6.806,6.767,7.540,7.156,7.540,7.156,1.452,58.75,0.5875,5.271,0.000,58.75,58.75,0.00,0,0,-3.02116,58.75,58.75,0.00,0,0,50.25,0.00,8.50,8.50,1.00,1.000,1.160,8.50,1,60.00,1,58.34,56.04,2.30,6.820,7.075,2.479,3.184,-0.014,-0.006,1.009,58.75,58,0.4241
1088911,7.164,7.064,7.634,7.294,7.634,7.294,1.578,58.39,0.5839,5.240,0.000,58.39,58.39,0.00,0,0,-3.04683,58.39,58.39,0.00,0,0,49.89,0.00,8.50,8.50,0.99,1.000,1.159,8.50,0,255.00,1,58.31,56.98,1.33,7.121,7.392,2.427,1.916,0.055,0.000,0.314,58.39,58,0.0890
1089040,7.331,7.289,7.725,7.419,7.725,7.419,1.416,58.34,0.5834,5.166,0.000,58.34,58.34,0.00,0,0,-3.06005,58.34,58.34,0.00,0,0,49.85,0.00,8.49,8.50,0.96,1.000,1.153,8.49,0,255.00,1,55.53,54.83,0.71,7.345,7.613,2.181,1.664,-0.008,0.003,0.150,58.34,59,-0.3180
1089177,7.362,7.352,7.897,7.542,7.897,7.542,1.337,59.94,0.5994,5.114,0.000,59.94,59.94,0.00,0,0,-3.07462,59.94,59.94,0.00,0,0,51.54,0.00,8.41,8.15,0.91,1.000,1.145,8.41,0,255.00,1,56.85,55.77,1.08,7.403,7.650,2.228,2.695,-0.043,-0.002,0.294,59.94,60,-0.3615
1089303,7.584,7.517,7.979,7.669,7.979,7.669,1.443,60.53,0.6053,5.076,0.000,60.53,60.53,0.00,0,0,-3.09024,60.53,60.53,0.00,0,0,52.25,0.00,8.28,8.15,0.83,1.000,1.133,8.28,0,255.00,1,58.90,58.03,0.87,7.568,7.812,2.345,2.478,0.024,-0.001,0.159,60.53,61,-0.0020
1089435,7.761,7.706,8.057,7.791,8.057,7.791,1.319,60.33,0.6033,5.014,0.000,60.33,60.33,0.00,0,0,-3.09990,60.33,60.33,0.00,0,0,52.55,0.00,7.77,6.74,0.75,1.000,1.120,7.77,0,255.00,1,57.64,57.18,0.46,7.755,7.987,2.310,2.122,0.010,0.001,0.111,60.33,60,0.2720
1089564,7.862,7.849,8.132,7.929,8.132,7.929,1.027,60.02,0.6002,4.904,0.000,60.02,60.02,0.00,0,0,-3.10754,60.02,60.02,0.00,0,0,53.65,0.00,6.37,4.53,0.64,1.000,1.102,6.37,0,255.00,1,55.46,55.04,0.42,7.890,8.087,2.294,2.561,-0.031,-0.001,0.266,60.02,60,0.1311
1089698,7.885,7.876,8.274,8.022,8.274,8.022,0.923,60.61,0.6061,4.847,0.000,60.61,60.61,0.00,0,0,-3.11908,60.61,60.61,0.00,0,0,55.27,0.00,5.33,3.60,0.56,1.000,1.090,5.33,0,255.00,1,57.04,56.20,0.84,7.911,8.076,2.525,3.250,-0.028,-0.005,0.272,60.61,61,-0.3826
1089825,7.928,7.914,8.339,8.112,8.339,8.112,1.045,61.37,0.6137,4.808,0.000,61.37,61.37,0.00,0,0,-3.13567,61.37,61.37,0.00,0,0,56.85,0.00,4.53,3.55,0.49,1.000,1.078,4.53,0,255.00,1,60.99,59.79,1.20,7.946,8.099,2.821,3.603,-0.017,-0.007,0.320,61.37,61,-0.0020
1089957,8.069,8.053,8.402,8.229,8.402,8.229,0.876,61.51,0.6151,4.751,0.000,61.51,61.51,0.00,0,0,-3.15662,61.51,61.51,0.00,0,0,57.92,0.00,3.58,2.40,0.39,1.000,1.063,3.58,0,255.00,1,61.00,59.95,1.06,8.081,8.215,2.992,3.288,-0.012,-0.006,0.240,61.51,61,0.4683
1090085,8.167,8.137,8.518,8.308,8.518,8.308,0.783,61.71,0.6171,4.710,0.000,61.71,61.71,0.00,0,0,-3.17281,61.71,61.71,0.00,0,0,58.81,0.00,2.90,1.81,0.33,1.000,1.053,2.90,0,255.00,1,61.17,60.15,1.02,8.163,8.286,3.081,3.227,0.005,-0.005,0.219,61.71,62,-0.2744
1090217,8.229,8.204,8.572,8.383,8.572,8.383,0.871,62.20,0.6220,4.671,0.000,62.20,62.20,0.00,0,0,-3.18890,62.20,62.20,0.00,0,0,59.85,0.00,2.35,1.66,0.27,1.000,1.043,2.35,0,255.00,1,63.07,61.98,1.08,8.230,8.356,3.150,3.319,0.002,-0.005,0.273,62.20,62,-0.1312
1090343,8.292,8.279,8.622,8.458,8.622,8.458,0.812,62.70,0.6270,4.634,0.000,62.70,62.70,0.00,0,0,-3.20447,62.70,62.70,0.00,0,0,60.80,0.00,1.90,1.24,0.22,1.000,1.035,1.90,0,255.00,1,63.40,62.32,1.08,8.304,8.424,3.187,3.342,-0.012,-0.004,0.263,62.70,62,0.2406
1090480,8.407,8.378,8.713,8.525,8.713,8.525,0.717,62.78,0.6278,4.597,0.000,62.78,62.78,0.00,0,0,-3.21905,62.78,62.78,0.00,0,0,61.31,0.00,1.47,0.87,0.17,1.000,1.026,1.47,0,255.00,1,62.73,61.86,0.87,8.402,8.517,3.194,3.109,0.007,-0.003,0.153,62.78,63,-0.3467
1090607,8.460,8.448,8.753,8.592,8.753,8.592,0.755,63.30,0.6330,4.558,0.000,63.30,63.30,0.00,0,0,-3.23180,63.30,63.30,0.00,0,0,62.15,0.00,1.14,0.70,0.13,1.000,1.021,1.14,0,255.00,1,63.59,62.73,0.86,8.472,8.590,3.181,3.209,-0.011,-0.003,0.155,63.30,63,-0.0888
1090737,8.538,8.507,8.791,8.651,8.791,8.651,0.655,63.82,0.6382,4.529,0.000,63.82,63.82,0.00,0,0,-3.24535,63.82,63.82,0.00,0,0,62.97,0.00,0.85,0.46,0.10,1.000,1.013,0.85,0,255.00,1,63.55,62.69,0.85,8.529,8.637,3.227,3.303,0.013,-0.003,0.146,63.82,64,0.0635
1090866,8.589,8.577,8.826,8.706,8.826,8.706,0.595,64.19,0.6419,4.498,0.000,64.19,64.19,0.00,0,0,-3.25696,64.19,64.19,0.00,0,0,63.57,0.00,0.62,0.30,0.07,1.000,1.008,0.62,0,255.00,1,63.42,62.66,0.76,8.598,8.701,3.236,3.306,-0.009,-0.002,0.117,64.19,64,0.0778
1091001,8.650,8.637,8.886,8.757,8.886,8.757,0.507,64.62,0.6462,4.470,0.000,64.62,64.62,0.00,0,0,-3.26769,64.62,64.62,0.00,0,0,64.18,0.00,0.44,0.18,0.05,1.000,1.004,0.44,0,255.00,1,63.15,62.45,0.70,8.657,8.752,3.256,3.362,-0.007,-0.002,0.112,64.62,64,0.4069
1091133,8.697,8.688,8.911,8.803,8.911,8.803,0.509,65.09,0.6509,4.445,0.000,65.09,65.09,0.00,0,0,-3.27770,65.09,65.09,0.00,0,0,64.78,0.00,0.30,0.12,0.03,1.000,1.003,0.30,0,255.00,1,63.89,63.22,0.67,8.707,8.798,3.295,3.466,-0.010,-0.002,0.100,65.09,65,0.0067
1091261,8.750,8.747,8.933,8.854,8.933,8.854,0.393,65.64,0.6564,4.416,0.000,65.64,65.64,0.00,0,0,-3.28991,65.64,65.64,0.00,0,0,65.46,0.00,0.17,0.05,0.02,1.000,1.001,0.17,0,255.00,1,63.76,63.14,0.62,8.763,8.840,3.364,3.602,-0.014,-0.002,0.109,65.64,65,0.3482
1091394,8.805,8.799,8.968,8.896,8.968,8.896,0.287,66.10,0.6610,4.395,0.000,66.10,66.10,0.00,0,0,-3.30127,66.10,66.10,0.00,0,0,66.01,0.00,0.09,0.02,0.01,1.000,1.000,0.09,0,255.00,1,63.75,63.19,0.56,8.812,8.876,3.454,3.695,-0.008,-0.003,0.117,66.10,66,-0.1710
1091521,8.868,8.855,8.980,8.928,8.980,8.928,0.248,66.31,0.6631,4.375,0.000,66.31,66.31,0.00,0,0,-3.31096,66.31,66.31,0.00,0,0,66.27,0.00,0.05,0.01,0.00,1.000,1.000,0.05,0,255.00,1,64.06,63.64,0.41,8.867,8.922,3.533,3.671,0.002,-0.002,0.087,66.31,67,-0.2480
1091654,8.893,8.887,8.990,8.953,8.990,8.953,0.186,66.66,0.6666,4.358,0.000,66.66,66.66,0.00,0,0,-3.31928,66.66,66.66,0.00,0,0,66.63,0.00,0.02,0.00,0.00,1.000,1.000,0.02,0,255.00,1,64.34,63.97,0.38,8.897,8.943,3.620,3.802,-0.004,-0.002,0.085,66.66,67,-0.0752
1091780,8.919,8.901,9.000,8.968,9.000,8.968,0.143,66.95,0.6695,4.352,0.000,66.95,66.95,0.00,0,0,-3.32595,66.95,66.95,0.00,0,0,66.93,0.00,0.01,0.00,0.00,1.000,1.000,0.01,0,255.00,1,64.83,64.45,0.38,8.909,8.946,3.716,3.906,0.012,-0.002,0.077,66.95,67,-0.2552
1091912,8.956,8.935,9.000,8.979,9.000,8.979,0.107,66.90,0.6690,4.342,0.000,66.90,66.90,0.00,0,0,-3.33096,66.90,66.90,0.00,0,0,66.89,0.00,0.01,0.00,0.00,1.000,1.000,0.01,0,255.00,1,64.71,64.47,0.24,8.942,8.974,3.764,3.815,0.016,-0.002,0.065,66.90,67,-0.3513
1092040,8.925,8.934,8.642,8.954,8.642,8.954,-1.015,66.40,0.6640,4.328,0.000,66.40,66.40,0.00,0,0,-3.33417,66.40,66.40,0.00,0,0,66.40,0.00,0.00,0.00,0.00,1.000,1.000,0.00,0,255.00,1,53.36,53.36,-0.00,8.923,8.872,3.814,3.997,-0.015,-0.002,2.085,66.40,66,0.0151
1092176,8.909,8.923,8.597,8.846,8.597,8.846,-1.130,64.03,0.6403,4.287,0.000,64.03,64.03,0.00,0,0,-3.32964,64.03,64.03,0.00,0,0,64.02,0.00,0.00,0.00,0.00,1.000,1.000,0.00,0,255.00,1,50.38,50.97,-0.58,8.909,8.840,3.866,4.048,-0.000,-0.001,2.447,64.03,64,0.2718
1092305,8.771,8.820,8.575,8.760,8.575,8.760,-0.834,63.21,0.6321,4.247,0.000,63.21,63.21,0.00,0,0,-3.32261,63.21,63.21,0.00,0,0,63.21,0.00,0.00,0.00,0.00,1.000,1.000,0.00,0,255.00,1,53.89,54.31,-0.42,8.805,8.736,4.047,4.783,-0.039,-0.003,1.134,63.21,63,0.1627
1092437,8.650,8.687,8.552,8.695,8.552,8.695,-0.691,63.30,0.6330,4.240,0.000,63.30,63.30,0.00,0,0,-3.32129,63.30,63.30,0.00,0,0,63.30,0.00,0.00,0.00,0.00,1.000,1.000,0.00,0,255.00,1,57.94,57.91,0.03,8.669,8.584,4.410,5.466,-0.024,-0.007,0.345,63.30,63,-0.0891
1092563,8.666,8.667,8.530,8.641,8.530,8.641,-0.556,62.35,0.6235,4.236,0.000,62.35,62.35,0.00,0,0,-3.32015,62.35,62.35,0.00,0,0,62.35,0.00,0.00,0.00,0.00,1.000,1.000,0.00,0,255.00,1,59.77,59.93,-0.16,8.650,8.567,4.636,5.037,0.016,-0.004,0.085,62.35,62,-0.0191
1092693,8.612,8.623,8.485,8.596,8.485,8.596,-0.446,61.85,0.6185,4.228,0.000,61.85,61.85,0.00,0,0,-3.31788,61.85,61.85,0.00,0,0,61.85,0.00,0.00,0.00,0.00,1.000,1.000,0.00,0,255.00,1,61.05,61.20,-0.15,8.607,8.529,4.746,4.969,0.005,-0.003,0.010,61.85,62,0.0667
1092819,8.515,8.538,8.463,8.556,8.463,8.556,-0.438,61.99,0.6199,4.233,0.000,61.99,61.99,0.00,0,0,-3.31794,61.99,61.99,0.00,0,0,61.99,0.00,0.00,0.00,0.00,1.000,1.000,0.00,0,255.00,1,62.10,61.97,0.13,8.521,8.440,4.871,5.267,-0.009,-0.004,0.009,61.99,62,-0.2002
1092952,8.504,8.512,8.441,8.520,8.441,8.520,-0.391,61.53,0.6153,4.240,0.000,61.53,61.53,0.00,0,0,-3.31862,61.53,61.53,0.00,0,0,61.53,0.00,0.00,0.00,0.00,1.000,1.000,0.00,0,255.00,1,62.42,62.35,0.07,8.497,8.421,4.928,5.025,0.007,-0.003,0.014,61.53,62,-0.2560
1093084,8.490,8.495,8.396,8.488,8.396,8.488,-0.345,61.06,0.6106,4.241,0.000,61.06,61.06,0.00,0,0,-3.31835,61.06,61.06,0.00,0,0,61.06,0.00,0.00,0.00,0.00,1.000,1.000,0.00,0,255.00,1,62.19,62.22,-0.02,8.481,8.415,4.909,4.805,0.008,-0.001,0.016,61.06,61,0.3888
1093215,8.441,8.442,8.374,8.455,8.374,8.455,-0.375,61.01,0.6101,4.250,0.000,61.01,61.01,0.00,0,0,-3.31964,61.01,61.01,0.00,0,0,61.01,0.00,0.00,0.00,0.00,1.000,1.000,0.00,0,255.00,1,61.97,61.87,0.10,8.428,8.361,4.926,4.923,0.013,-0.002,0.015,61.01,61,-0.2575
1093341,8.398,8.408,8.352,8.423,8.352,8.423,-0.350,60.76,0.6076,4.258,0.000,60.76,60.76,0.00,0,0,-3.32108,60.76,60.76,0.00,0,0,60.76,0.00,0.00,0.00,0.00,1.000,1.000,0.00,0,255.00,1,61.87,61.76,0.11,8.395,8.333,4.920,4.878,0.003,-0.001,0.019,60.76,60,0.3280
1093478,8.370,8.375,8.308,8.394,8.308,8.394,-0.315,60.57,0.6057,4.268,0.000,60.57,60.57,0.00,0,0,-3.32305,60.57,60.57,0.00,0,0,60.57,0.00,0.00,0.00,0.00,1.000,1.000,0.00,0,255.00,1,61.90,61.77,0.13,8.363,8.307,4.910,4.840,0.007,-0.001,0.027,60.57,60,0.3806
1093603,8.340,8.340,8.286,8.355,8.286,8.355,-0.319,60.23,0.6023,4.278,0.000,60.23,60.23,0.00,0,0,-3.32562,60.23,60.23,0.00,0,0,60.23,0.00,0.00,0.00,0.00,1.000,1.000,0.00,0,255.00,1,61.27,61.17,0.10,8.329,8.276,4.880,4.753,0.011,-0.000,0.016,60.23,60,0.0132
1093734,8.301,8.317,8.264,8.329,8.264,8.329,-0.299,59.98,0.5998,4.281,0.000,59.98,59.98,0.00,0,0,-3.32638,59.98,59.98,0.00,0,0,59.98,0.00,0.00,0.00,0.00,1.000,1.000,0.00,0,255.00,1,60.81,60.73,0.08,8.307,8.260,4.823,4.729,-0.008,0.000,0.010,59.98,60,0.0341
1093864,8.266,8.265,8.221,8.303,8.221,8.303,-0.295,60.08,0.6008,4.294,0.000,60.08,60.08,0.00,0,0,-3.32972,60.08,60.08,0.00,0,0,60.08,0.00,0.00,0.00,0.00,1.000,1.000,0.00,0,255.00,1,61.11,60.88,0.23,8.255,8.207,4.852,4.894,0.011,-0.001,0.026,60.08,60,0.4339
1093995,8.230,8.235,8.199,8.268,8.199,8.268,-0.241,59.78,0.5978,4.306,0.000,59.78,59.78,0.00,0,0,-3.33350,59.78,59.78,0.00,0,0,59.78,0.00,0.00,0.00,0.00,1.000,1.000,0.00,0,255.00,1,61.14,60.93,0.21,8.227,8.184,4.837,4.798,0.003,-0.000,0.034,59.78,60,-0.1663
1094121,8.238,8.230,8.177,8.243,8.177,8.243,-0.299,59.38,0.5938,4.312,0.000,59.38,59.38,0.00,0,0,-3.33578,59.38,59.38,0.00,0,0,59.38,0.00,0.00,0.00,0.00,1.000,1.000,0.00,0,255.00,1,59.92,59.85,0.08,8.222,8.180,4.799,4.599,0.017,0.001,0.004,59.38,60,-0.4010
1094254,8.175,8.195,8.156,8.216,8.156,8.216,-0.297,59.27,0.5927,4.313,0.000,59.27,59.27,0.00,0,0,-3.33689,59.27,59.27,0.00,0,0,59.27,0.00,0.00,0.00,0.00,1.000,1.000,0.00,0,255.00,1,59.54,59.42,0.13,8.186,8.146,4.755,4.748,-0.014,0.000,0.004,59.27,59,0.2982
1094380,8.124,8.137,8.113,8.189,8.113,8.189,-0.276,59.42,0.5942,4.327,0.000,59.42,59.42,0.00,0,0,-3.34102,59.42,59.42,0.00,0,0,59.42,0.00,0.00,0.00,0.00,1.000,1.000,0.00,0,255.00,1,60.23,59.91,0.31,8.129,8.086,4.813,4.975,-0.006,-0.001,0.030,59.42,60,-0.4588
1094512,8.141,8.140,8.091,8.161,8.091,8.161,-0.321,58.91,0.5891,4.334,0.000,58.91,58.91,0.00,0,0,-3.34381,58.91,58.91,0.00,0,0,58.91,0.00,0.00,0.00,0.00,1.000,1.000,0.00,0,255.00,1,59.15,59.03,0.12,8.131,8.089,4.798,4.680,0.010,0.000,0.003,58.91,59,-0.2154
1094641,8.088,8.094,8.070,8.127,8.070,8.127,-0.280,58.80,0.5880,4.343,0.000,58.80,58.80,0.00,0,0,-3.34767,58.80,58.80,0.00,0,0,58.80,0.00,0.00,0.00,0.00,1.000,1.000,0.00,0,255.00,1,59.35,59.15,0.20,8.086,8.046,4.794,4.787,0.002,-0.000,0.011,58.80,58,0.3159
=== SHOT TELEMETRY END ===
